[16:09:53:999] [INFO] - org.springframework.boot.SpringApplication.logStartupProfileInfo(SpringApplication.java:651) - No active profile set, falling back to default profiles: default
[16:09:54:838] [INFO] - org.springframework.data.repository.config.RepositoryConfigurationDelegate.multipleStoresDetected(RepositoryConfigurationDelegate.java:249) - Multiple Spring Data modules found, entering strict repository configuration mode!
[16:09:54:843] [INFO] - org.springframework.data.repository.config.RepositoryConfigurationDelegate.registerRepositoriesIn(RepositoryConfigurationDelegate.java:127) - Bootstrapping Spring Data Redis repositories in DEFAULT mode.
[16:09:54:881] [INFO] - org.springframework.data.repository.config.RepositoryConfigurationDelegate.registerRepositoriesIn(RepositoryConfigurationDelegate.java:187) - Finished Spring Data repository scanning in 19ms. Found 0 Redis repository interfaces.
[16:09:55:194] [INFO] - org.springframework.cloud.context.scope.GenericScope.setSerializationId(GenericScope.java:295) - BeanFactory id=bfda6196-733d-31a3-ab7e-ace7734252f9
[16:09:55:803] [INFO] - com.alibaba.druid.spring.boot.autoconfigure.DruidDataSourceAutoConfigure.dataSource(DruidDataSourceAutoConfigure.java:56) - Init DruidDataSource
[16:09:56:018] [INFO] - com.alibaba.druid.pool.DruidDataSource.init(DruidDataSource.java:998) - {dataSource-1} inited
[16:09:58:020] [INFO] - springfox.documentation.spring.web.PropertySourcedRequestMappingHandlerMapping.initHandlerMethods(PropertySourcedRequestMappingHandlerMapping.java:69) - Mapped URL path [/v2/api-docs] onto method [springfox.documentation.swagger2.web.Swagger2Controller#getDocumentation(String, HttpServletRequest)]
[16:09:58:264] [WARN] - com.netflix.config.sources.URLConfigurationSource.<init>(URLConfigurationSource.java:121) - No URLs will be polled as dynamic configuration sources.
[16:09:58:264] [INFO] - com.netflix.config.sources.URLConfigurationSource.<init>(URLConfigurationSource.java:122) - To enable URLs as dynamic configuration sources, define System property archaius.configurationSource.additionalUrls or make config.properties available on classpath.
[16:09:58:272] [WARN] - com.netflix.config.sources.URLConfigurationSource.<init>(URLConfigurationSource.java:121) - No URLs will be polled as dynamic configuration sources.
[16:09:58:273] [INFO] - com.netflix.config.sources.URLConfigurationSource.<init>(URLConfigurationSource.java:122) - To enable URLs as dynamic configuration sources, define System property archaius.configurationSource.additionalUrls or make config.properties available on classpath.
[16:09:58:708] [INFO] - org.springframework.scheduling.concurrent.ExecutorConfigurationSupport.initialize(ExecutorConfigurationSupport.java:181) - Initializing ExecutorService 'applicationTaskExecutor'
[16:09:59:260] [INFO] - org.springframework.scheduling.concurrent.ExecutorConfigurationSupport.initialize(ExecutorConfigurationSupport.java:181) - Initializing ExecutorService 'Nacos-Watch-Task-Scheduler'
[16:10:01:274] [INFO] - springfox.documentation.spring.web.plugins.DocumentationPluginsBootstrapper.start(DocumentationPluginsBootstrapper.java:160) - Context refreshed
[16:10:01:297] [INFO] - springfox.documentation.spring.web.plugins.DocumentationPluginsBootstrapper.start(DocumentationPluginsBootstrapper.java:163) - Found 1 custom documentation plugin(s)
[16:10:01:339] [INFO] - springfox.documentation.spring.web.scanners.ApiListingReferenceScanner.scan(ApiListingReferenceScanner.java:41) - Scanning for api listing references
[16:10:01:658] [INFO] - org.springframework.boot.StartupInfoLogger.logStarted(StartupInfoLogger.java:61) - Started CarParkMasterOrderApplicationTests in 9.025 seconds (JVM running for 10.844)
[16:10:01:955] [WARN] - com.alibaba.nacos.common.notify.NotifyCenter.shutdown(NotifyCenter.java:145) - [NotifyCenter] Start destroying Publisher
[16:10:01:955] [WARN] - com.alibaba.nacos.common.http.HttpClientBeanHolder.shutdown(HttpClientBeanHolder.java:108) - [HttpClientBeanHolder] Start destroying common HttpClient
[16:10:01:955] [WARN] - com.alibaba.nacos.common.notify.NotifyCenter.shutdown(NotifyCenter.java:162) - [NotifyCenter] Destruction of the end
[16:10:01:956] [WARN] - com.alibaba.nacos.common.http.HttpClientBeanHolder.shutdown(HttpClientBeanHolder.java:114) - [HttpClientBeanHolder] Destruction of the end
[16:10:01:957] [INFO] - org.springframework.scheduling.concurrent.ExecutorConfigurationSupport.shutdown(ExecutorConfigurationSupport.java:218) - Shutting down ExecutorService 'Nacos-Watch-Task-Scheduler'
[16:10:08:326] [INFO] - org.springframework.scheduling.concurrent.ExecutorConfigurationSupport.shutdown(ExecutorConfigurationSupport.java:218) - Shutting down ExecutorService 'applicationTaskExecutor'
[16:10:08:349] [INFO] - com.alibaba.druid.pool.DruidDataSource.close(DruidDataSource.java:2071) - {dataSource-1} closing ...
[16:10:08:350] [INFO] - com.alibaba.druid.pool.DruidDataSource.close(DruidDataSource.java:2144) - {dataSource-1} closed
[16:18:47:039] [INFO] - org.springframework.boot.SpringApplication.logStartupProfileInfo(SpringApplication.java:651) - No active profile set, falling back to default profiles: default
[16:18:47:815] [INFO] - org.springframework.data.repository.config.RepositoryConfigurationDelegate.multipleStoresDetected(RepositoryConfigurationDelegate.java:249) - Multiple Spring Data modules found, entering strict repository configuration mode!
[16:18:47:821] [INFO] - org.springframework.data.repository.config.RepositoryConfigurationDelegate.registerRepositoriesIn(RepositoryConfigurationDelegate.java:127) - Bootstrapping Spring Data Redis repositories in DEFAULT mode.
[16:18:47:852] [INFO] - org.springframework.data.repository.config.RepositoryConfigurationDelegate.registerRepositoriesIn(RepositoryConfigurationDelegate.java:187) - Finished Spring Data repository scanning in 16ms. Found 0 Redis repository interfaces.
[16:18:48:133] [INFO] - org.springframework.cloud.context.scope.GenericScope.setSerializationId(GenericScope.java:295) - BeanFactory id=4cdaaa46-7702-3a24-b2a6-5608711bdaa9
[16:18:48:612] [INFO] - com.alibaba.druid.spring.boot.autoconfigure.DruidDataSourceAutoConfigure.dataSource(DruidDataSourceAutoConfigure.java:56) - Init DruidDataSource
[16:18:48:801] [INFO] - com.alibaba.druid.pool.DruidDataSource.init(DruidDataSource.java:998) - {dataSource-1} inited
[16:18:50:752] [INFO] - springfox.documentation.spring.web.PropertySourcedRequestMappingHandlerMapping.initHandlerMethods(PropertySourcedRequestMappingHandlerMapping.java:69) - Mapped URL path [/v2/api-docs] onto method [springfox.documentation.swagger2.web.Swagger2Controller#getDocumentation(String, HttpServletRequest)]
[16:18:50:963] [WARN] - com.netflix.config.sources.URLConfigurationSource.<init>(URLConfigurationSource.java:121) - No URLs will be polled as dynamic configuration sources.
[16:18:50:963] [INFO] - com.netflix.config.sources.URLConfigurationSource.<init>(URLConfigurationSource.java:122) - To enable URLs as dynamic configuration sources, define System property archaius.configurationSource.additionalUrls or make config.properties available on classpath.
[16:18:50:973] [WARN] - com.netflix.config.sources.URLConfigurationSource.<init>(URLConfigurationSource.java:121) - No URLs will be polled as dynamic configuration sources.
[16:18:50:974] [INFO] - com.netflix.config.sources.URLConfigurationSource.<init>(URLConfigurationSource.java:122) - To enable URLs as dynamic configuration sources, define System property archaius.configurationSource.additionalUrls or make config.properties available on classpath.
[16:18:51:383] [INFO] - org.springframework.scheduling.concurrent.ExecutorConfigurationSupport.initialize(ExecutorConfigurationSupport.java:181) - Initializing ExecutorService 'applicationTaskExecutor'
[16:18:51:862] [INFO] - org.springframework.scheduling.concurrent.ExecutorConfigurationSupport.initialize(ExecutorConfigurationSupport.java:181) - Initializing ExecutorService 'Nacos-Watch-Task-Scheduler'
[16:18:53:668] [INFO] - springfox.documentation.spring.web.plugins.DocumentationPluginsBootstrapper.start(DocumentationPluginsBootstrapper.java:160) - Context refreshed
[16:18:53:686] [INFO] - springfox.documentation.spring.web.plugins.DocumentationPluginsBootstrapper.start(DocumentationPluginsBootstrapper.java:163) - Found 1 custom documentation plugin(s)
[16:18:53:722] [INFO] - springfox.documentation.spring.web.scanners.ApiListingReferenceScanner.scan(ApiListingReferenceScanner.java:41) - Scanning for api listing references
[16:18:53:989] [INFO] - org.springframework.boot.StartupInfoLogger.logStarted(StartupInfoLogger.java:61) - Started CarParkMasterOrderApplicationTests in 8.129 seconds (JVM running for 9.561)
[16:19:12:224] [WARN] - com.alibaba.nacos.common.notify.NotifyCenter.shutdown(NotifyCenter.java:145) - [NotifyCenter] Start destroying Publisher
[16:19:12:224] [WARN] - com.alibaba.nacos.common.http.HttpClientBeanHolder.shutdown(HttpClientBeanHolder.java:108) - [HttpClientBeanHolder] Start destroying common HttpClient
[16:19:12:225] [WARN] - com.alibaba.nacos.common.notify.NotifyCenter.shutdown(NotifyCenter.java:162) - [NotifyCenter] Destruction of the end
[16:19:12:226] [WARN] - com.alibaba.nacos.common.http.HttpClientBeanHolder.shutdown(HttpClientBeanHolder.java:114) - [HttpClientBeanHolder] Destruction of the end
[16:19:12:226] [INFO] - org.springframework.scheduling.concurrent.ExecutorConfigurationSupport.shutdown(ExecutorConfigurationSupport.java:218) - Shutting down ExecutorService 'Nacos-Watch-Task-Scheduler'
[16:19:17:725] [INFO] - org.springframework.scheduling.concurrent.ExecutorConfigurationSupport.shutdown(ExecutorConfigurationSupport.java:218) - Shutting down ExecutorService 'applicationTaskExecutor'
[16:19:17:745] [INFO] - com.alibaba.druid.pool.DruidDataSource.close(DruidDataSource.java:2071) - {dataSource-1} closing ...
[16:19:17:746] [INFO] - com.alibaba.druid.pool.DruidDataSource.close(DruidDataSource.java:2144) - {dataSource-1} closed
[16:20:51:454] [INFO] - org.springframework.boot.SpringApplication.logStartupProfileInfo(SpringApplication.java:651) - No active profile set, falling back to default profiles: default
[16:20:52:292] [INFO] - org.springframework.data.repository.config.RepositoryConfigurationDelegate.multipleStoresDetected(RepositoryConfigurationDelegate.java:249) - Multiple Spring Data modules found, entering strict repository configuration mode!
[16:20:52:299] [INFO] - org.springframework.data.repository.config.RepositoryConfigurationDelegate.registerRepositoriesIn(RepositoryConfigurationDelegate.java:127) - Bootstrapping Spring Data Redis repositories in DEFAULT mode.
[16:20:52:334] [INFO] - org.springframework.data.repository.config.RepositoryConfigurationDelegate.registerRepositoriesIn(RepositoryConfigurationDelegate.java:187) - Finished Spring Data repository scanning in 18ms. Found 0 Redis repository interfaces.
[16:20:52:697] [INFO] - org.springframework.cloud.context.scope.GenericScope.setSerializationId(GenericScope.java:295) - BeanFactory id=4cdaaa46-7702-3a24-b2a6-5608711bdaa9
[16:20:53:256] [INFO] - com.alibaba.druid.spring.boot.autoconfigure.DruidDataSourceAutoConfigure.dataSource(DruidDataSourceAutoConfigure.java:56) - Init DruidDataSource
[16:20:53:520] [INFO] - com.alibaba.druid.pool.DruidDataSource.init(DruidDataSource.java:998) - {dataSource-1} inited
[16:20:55:648] [INFO] - springfox.documentation.spring.web.PropertySourcedRequestMappingHandlerMapping.initHandlerMethods(PropertySourcedRequestMappingHandlerMapping.java:69) - Mapped URL path [/v2/api-docs] onto method [springfox.documentation.swagger2.web.Swagger2Controller#getDocumentation(String, HttpServletRequest)]
[16:20:55:990] [WARN] - com.netflix.config.sources.URLConfigurationSource.<init>(URLConfigurationSource.java:121) - No URLs will be polled as dynamic configuration sources.
[16:20:55:990] [INFO] - com.netflix.config.sources.URLConfigurationSource.<init>(URLConfigurationSource.java:122) - To enable URLs as dynamic configuration sources, define System property archaius.configurationSource.additionalUrls or make config.properties available on classpath.
[16:20:55:996] [WARN] - com.netflix.config.sources.URLConfigurationSource.<init>(URLConfigurationSource.java:121) - No URLs will be polled as dynamic configuration sources.
[16:20:55:997] [INFO] - com.netflix.config.sources.URLConfigurationSource.<init>(URLConfigurationSource.java:122) - To enable URLs as dynamic configuration sources, define System property archaius.configurationSource.additionalUrls or make config.properties available on classpath.
[16:20:56:279] [INFO] - org.springframework.scheduling.concurrent.ExecutorConfigurationSupport.initialize(ExecutorConfigurationSupport.java:181) - Initializing ExecutorService 'applicationTaskExecutor'
[16:20:56:769] [INFO] - org.springframework.scheduling.concurrent.ExecutorConfigurationSupport.initialize(ExecutorConfigurationSupport.java:181) - Initializing ExecutorService 'Nacos-Watch-Task-Scheduler'
[16:20:58:571] [INFO] - springfox.documentation.spring.web.plugins.DocumentationPluginsBootstrapper.start(DocumentationPluginsBootstrapper.java:160) - Context refreshed
[16:20:58:585] [INFO] - springfox.documentation.spring.web.plugins.DocumentationPluginsBootstrapper.start(DocumentationPluginsBootstrapper.java:163) - Found 1 custom documentation plugin(s)
[16:20:58:632] [INFO] - springfox.documentation.spring.web.scanners.ApiListingReferenceScanner.scan(ApiListingReferenceScanner.java:41) - Scanning for api listing references
[16:20:58:937] [INFO] - org.springframework.boot.StartupInfoLogger.logStarted(StartupInfoLogger.java:61) - Started CarParkMasterOrderApplicationTests in 8.827 seconds (JVM running for 10.999)
[16:22:59:489] [WARN] - com.alibaba.nacos.common.http.HttpClientBeanHolder.shutdown(HttpClientBeanHolder.java:108) - [HttpClientBeanHolder] Start destroying common HttpClient
[16:22:59:489] [WARN] - com.alibaba.nacos.common.notify.NotifyCenter.shutdown(NotifyCenter.java:145) - [NotifyCenter] Start destroying Publisher
[16:22:59:489] [WARN] - com.alibaba.nacos.common.notify.NotifyCenter.shutdown(NotifyCenter.java:162) - [NotifyCenter] Destruction of the end
[16:22:59:490] [WARN] - com.alibaba.nacos.common.http.HttpClientBeanHolder.shutdown(HttpClientBeanHolder.java:114) - [HttpClientBeanHolder] Destruction of the end
[16:22:59:493] [INFO] - org.springframework.scheduling.concurrent.ExecutorConfigurationSupport.shutdown(ExecutorConfigurationSupport.java:218) - Shutting down ExecutorService 'Nacos-Watch-Task-Scheduler'
[16:23:05:544] [INFO] - org.springframework.scheduling.concurrent.ExecutorConfigurationSupport.shutdown(ExecutorConfigurationSupport.java:218) - Shutting down ExecutorService 'applicationTaskExecutor'
[16:23:05:563] [INFO] - com.alibaba.druid.pool.DruidDataSource.close(DruidDataSource.java:2071) - {dataSource-1} closing ...
[16:23:05:564] [INFO] - com.alibaba.druid.pool.DruidDataSource.close(DruidDataSource.java:2144) - {dataSource-1} closed
[16:23:11:459] [INFO] - org.springframework.boot.SpringApplication.logStartupProfileInfo(SpringApplication.java:651) - No active profile set, falling back to default profiles: default
[16:23:12:216] [INFO] - org.springframework.data.repository.config.RepositoryConfigurationDelegate.multipleStoresDetected(RepositoryConfigurationDelegate.java:249) - Multiple Spring Data modules found, entering strict repository configuration mode!
[16:23:12:220] [INFO] - org.springframework.data.repository.config.RepositoryConfigurationDelegate.registerRepositoriesIn(RepositoryConfigurationDelegate.java:127) - Bootstrapping Spring Data Redis repositories in DEFAULT mode.
[16:23:12:248] [INFO] - org.springframework.data.repository.config.RepositoryConfigurationDelegate.registerRepositoriesIn(RepositoryConfigurationDelegate.java:187) - Finished Spring Data repository scanning in 15ms. Found 0 Redis repository interfaces.
[16:23:12:529] [INFO] - org.springframework.cloud.context.scope.GenericScope.setSerializationId(GenericScope.java:295) - BeanFactory id=4cdaaa46-7702-3a24-b2a6-5608711bdaa9
[16:23:13:047] [INFO] - com.alibaba.druid.spring.boot.autoconfigure.DruidDataSourceAutoConfigure.dataSource(DruidDataSourceAutoConfigure.java:56) - Init DruidDataSource
[16:23:13:235] [INFO] - com.alibaba.druid.pool.DruidDataSource.init(DruidDataSource.java:998) - {dataSource-1} inited
[16:23:15:084] [INFO] - springfox.documentation.spring.web.PropertySourcedRequestMappingHandlerMapping.initHandlerMethods(PropertySourcedRequestMappingHandlerMapping.java:69) - Mapped URL path [/v2/api-docs] onto method [springfox.documentation.swagger2.web.Swagger2Controller#getDocumentation(String, HttpServletRequest)]
[16:23:15:309] [WARN] - com.netflix.config.sources.URLConfigurationSource.<init>(URLConfigurationSource.java:121) - No URLs will be polled as dynamic configuration sources.
[16:23:15:309] [INFO] - com.netflix.config.sources.URLConfigurationSource.<init>(URLConfigurationSource.java:122) - To enable URLs as dynamic configuration sources, define System property archaius.configurationSource.additionalUrls or make config.properties available on classpath.
[16:23:15:319] [WARN] - com.netflix.config.sources.URLConfigurationSource.<init>(URLConfigurationSource.java:121) - No URLs will be polled as dynamic configuration sources.
[16:23:15:320] [INFO] - com.netflix.config.sources.URLConfigurationSource.<init>(URLConfigurationSource.java:122) - To enable URLs as dynamic configuration sources, define System property archaius.configurationSource.additionalUrls or make config.properties available on classpath.
[16:23:15:719] [INFO] - org.springframework.scheduling.concurrent.ExecutorConfigurationSupport.initialize(ExecutorConfigurationSupport.java:181) - Initializing ExecutorService 'applicationTaskExecutor'
[16:23:16:167] [INFO] - org.springframework.scheduling.concurrent.ExecutorConfigurationSupport.initialize(ExecutorConfigurationSupport.java:181) - Initializing ExecutorService 'Nacos-Watch-Task-Scheduler'
[16:23:17:930] [INFO] - springfox.documentation.spring.web.plugins.DocumentationPluginsBootstrapper.start(DocumentationPluginsBootstrapper.java:160) - Context refreshed
[16:23:17:944] [INFO] - springfox.documentation.spring.web.plugins.DocumentationPluginsBootstrapper.start(DocumentationPluginsBootstrapper.java:163) - Found 1 custom documentation plugin(s)
[16:23:17:981] [INFO] - springfox.documentation.spring.web.scanners.ApiListingReferenceScanner.scan(ApiListingReferenceScanner.java:41) - Scanning for api listing references
[16:23:18:256] [INFO] - org.springframework.boot.StartupInfoLogger.logStarted(StartupInfoLogger.java:61) - Started CarParkMasterOrderApplicationTests in 8.033 seconds (JVM running for 9.55)
[16:23:21:716] [WARN] - com.alibaba.nacos.common.notify.NotifyCenter.shutdown(NotifyCenter.java:145) - [NotifyCenter] Start destroying Publisher
[16:23:21:716] [WARN] - com.alibaba.nacos.common.http.HttpClientBeanHolder.shutdown(HttpClientBeanHolder.java:108) - [HttpClientBeanHolder] Start destroying common HttpClient
[16:23:21:717] [WARN] - com.alibaba.nacos.common.notify.NotifyCenter.shutdown(NotifyCenter.java:162) - [NotifyCenter] Destruction of the end
[16:23:21:717] [WARN] - com.alibaba.nacos.common.http.HttpClientBeanHolder.shutdown(HttpClientBeanHolder.java:114) - [HttpClientBeanHolder] Destruction of the end
[16:23:21:717] [INFO] - org.springframework.scheduling.concurrent.ExecutorConfigurationSupport.shutdown(ExecutorConfigurationSupport.java:218) - Shutting down ExecutorService 'Nacos-Watch-Task-Scheduler'
[16:23:27:810] [INFO] - org.springframework.scheduling.concurrent.ExecutorConfigurationSupport.shutdown(ExecutorConfigurationSupport.java:218) - Shutting down ExecutorService 'applicationTaskExecutor'
[16:23:27:831] [INFO] - com.alibaba.druid.pool.DruidDataSource.close(DruidDataSource.java:2071) - {dataSource-1} closing ...
[16:23:27:832] [INFO] - com.alibaba.druid.pool.DruidDataSource.close(DruidDataSource.java:2144) - {dataSource-1} closed
[16:29:25:302] [INFO] - org.springframework.boot.SpringApplication.logStartupProfileInfo(SpringApplication.java:651) - No active profile set, falling back to default profiles: default
[16:29:26:117] [INFO] - org.springframework.data.repository.config.RepositoryConfigurationDelegate.multipleStoresDetected(RepositoryConfigurationDelegate.java:249) - Multiple Spring Data modules found, entering strict repository configuration mode!
[16:29:26:120] [INFO] - org.springframework.data.repository.config.RepositoryConfigurationDelegate.registerRepositoriesIn(RepositoryConfigurationDelegate.java:127) - Bootstrapping Spring Data Redis repositories in DEFAULT mode.
[16:29:26:153] [INFO] - org.springframework.data.repository.config.RepositoryConfigurationDelegate.registerRepositoriesIn(RepositoryConfigurationDelegate.java:187) - Finished Spring Data repository scanning in 17ms. Found 0 Redis repository interfaces.
[16:29:26:465] [INFO] - org.springframework.cloud.context.scope.GenericScope.setSerializationId(GenericScope.java:295) - BeanFactory id=4cdaaa46-7702-3a24-b2a6-5608711bdaa9
[16:29:27:021] [INFO] - com.alibaba.druid.spring.boot.autoconfigure.DruidDataSourceAutoConfigure.dataSource(DruidDataSourceAutoConfigure.java:56) - Init DruidDataSource
[16:29:27:218] [INFO] - com.alibaba.druid.pool.DruidDataSource.init(DruidDataSource.java:998) - {dataSource-1} inited
[16:29:29:144] [INFO] - springfox.documentation.spring.web.PropertySourcedRequestMappingHandlerMapping.initHandlerMethods(PropertySourcedRequestMappingHandlerMapping.java:69) - Mapped URL path [/v2/api-docs] onto method [springfox.documentation.swagger2.web.Swagger2Controller#getDocumentation(String, HttpServletRequest)]
[16:29:29:381] [WARN] - com.netflix.config.sources.URLConfigurationSource.<init>(URLConfigurationSource.java:121) - No URLs will be polled as dynamic configuration sources.
[16:29:29:382] [INFO] - com.netflix.config.sources.URLConfigurationSource.<init>(URLConfigurationSource.java:122) - To enable URLs as dynamic configuration sources, define System property archaius.configurationSource.additionalUrls or make config.properties available on classpath.
[16:29:29:390] [WARN] - com.netflix.config.sources.URLConfigurationSource.<init>(URLConfigurationSource.java:121) - No URLs will be polled as dynamic configuration sources.
[16:29:29:391] [INFO] - com.netflix.config.sources.URLConfigurationSource.<init>(URLConfigurationSource.java:122) - To enable URLs as dynamic configuration sources, define System property archaius.configurationSource.additionalUrls or make config.properties available on classpath.
[16:29:29:797] [INFO] - org.springframework.scheduling.concurrent.ExecutorConfigurationSupport.initialize(ExecutorConfigurationSupport.java:181) - Initializing ExecutorService 'applicationTaskExecutor'
[16:29:30:251] [INFO] - org.springframework.scheduling.concurrent.ExecutorConfigurationSupport.initialize(ExecutorConfigurationSupport.java:181) - Initializing ExecutorService 'Nacos-Watch-Task-Scheduler'
[16:29:32:219] [INFO] - springfox.documentation.spring.web.plugins.DocumentationPluginsBootstrapper.start(DocumentationPluginsBootstrapper.java:160) - Context refreshed
[16:29:32:237] [INFO] - springfox.documentation.spring.web.plugins.DocumentationPluginsBootstrapper.start(DocumentationPluginsBootstrapper.java:163) - Found 1 custom documentation plugin(s)
[16:29:32:282] [INFO] - springfox.documentation.spring.web.scanners.ApiListingReferenceScanner.scan(ApiListingReferenceScanner.java:41) - Scanning for api listing references
[16:29:32:565] [INFO] - org.springframework.boot.StartupInfoLogger.logStarted(StartupInfoLogger.java:61) - Started CarParkMasterOrderApplicationTests in 8.599 seconds (JVM running for 10.222)
[16:29:38:648] [WARN] - com.alibaba.nacos.common.http.HttpClientBeanHolder.shutdown(HttpClientBeanHolder.java:108) - [HttpClientBeanHolder] Start destroying common HttpClient
[16:29:38:648] [WARN] - com.alibaba.nacos.common.notify.NotifyCenter.shutdown(NotifyCenter.java:145) - [NotifyCenter] Start destroying Publisher
[16:29:38:648] [WARN] - com.alibaba.nacos.common.notify.NotifyCenter.shutdown(NotifyCenter.java:162) - [NotifyCenter] Destruction of the end
[16:29:38:649] [WARN] - com.alibaba.nacos.common.http.HttpClientBeanHolder.shutdown(HttpClientBeanHolder.java:114) - [HttpClientBeanHolder] Destruction of the end
[16:29:38:650] [INFO] - org.springframework.scheduling.concurrent.ExecutorConfigurationSupport.shutdown(ExecutorConfigurationSupport.java:218) - Shutting down ExecutorService 'Nacos-Watch-Task-Scheduler'
[16:29:44:693] [INFO] - org.springframework.scheduling.concurrent.ExecutorConfigurationSupport.shutdown(ExecutorConfigurationSupport.java:218) - Shutting down ExecutorService 'applicationTaskExecutor'
[16:29:44:727] [INFO] - com.alibaba.druid.pool.DruidDataSource.close(DruidDataSource.java:2071) - {dataSource-1} closing ...
[16:29:44:728] [INFO] - com.alibaba.druid.pool.DruidDataSource.close(DruidDataSource.java:2144) - {dataSource-1} closed
[16:32:43:748] [INFO] - org.springframework.boot.SpringApplication.logStartupProfileInfo(SpringApplication.java:651) - No active profile set, falling back to default profiles: default
[16:32:44:534] [INFO] - org.springframework.data.repository.config.RepositoryConfigurationDelegate.multipleStoresDetected(RepositoryConfigurationDelegate.java:249) - Multiple Spring Data modules found, entering strict repository configuration mode!
[16:32:44:540] [INFO] - org.springframework.data.repository.config.RepositoryConfigurationDelegate.registerRepositoriesIn(RepositoryConfigurationDelegate.java:127) - Bootstrapping Spring Data Redis repositories in DEFAULT mode.
[16:32:44:575] [INFO] - org.springframework.data.repository.config.RepositoryConfigurationDelegate.registerRepositoriesIn(RepositoryConfigurationDelegate.java:187) - Finished Spring Data repository scanning in 19ms. Found 0 Redis repository interfaces.
[16:32:44:870] [INFO] - org.springframework.cloud.context.scope.GenericScope.setSerializationId(GenericScope.java:295) - BeanFactory id=4cdaaa46-7702-3a24-b2a6-5608711bdaa9
[16:32:45:389] [INFO] - com.alibaba.druid.spring.boot.autoconfigure.DruidDataSourceAutoConfigure.dataSource(DruidDataSourceAutoConfigure.java:56) - Init DruidDataSource
[16:32:45:601] [INFO] - com.alibaba.druid.pool.DruidDataSource.init(DruidDataSource.java:998) - {dataSource-1} inited
[16:32:47:546] [INFO] - springfox.documentation.spring.web.PropertySourcedRequestMappingHandlerMapping.initHandlerMethods(PropertySourcedRequestMappingHandlerMapping.java:69) - Mapped URL path [/v2/api-docs] onto method [springfox.documentation.swagger2.web.Swagger2Controller#getDocumentation(String, HttpServletRequest)]
[16:32:47:773] [WARN] - com.netflix.config.sources.URLConfigurationSource.<init>(URLConfigurationSource.java:121) - No URLs will be polled as dynamic configuration sources.
[16:32:47:774] [INFO] - com.netflix.config.sources.URLConfigurationSource.<init>(URLConfigurationSource.java:122) - To enable URLs as dynamic configuration sources, define System property archaius.configurationSource.additionalUrls or make config.properties available on classpath.
[16:32:47:783] [WARN] - com.netflix.config.sources.URLConfigurationSource.<init>(URLConfigurationSource.java:121) - No URLs will be polled as dynamic configuration sources.
[16:32:47:784] [INFO] - com.netflix.config.sources.URLConfigurationSource.<init>(URLConfigurationSource.java:122) - To enable URLs as dynamic configuration sources, define System property archaius.configurationSource.additionalUrls or make config.properties available on classpath.
[16:32:48:200] [INFO] - org.springframework.scheduling.concurrent.ExecutorConfigurationSupport.initialize(ExecutorConfigurationSupport.java:181) - Initializing ExecutorService 'applicationTaskExecutor'
[16:32:48:688] [INFO] - org.springframework.scheduling.concurrent.ExecutorConfigurationSupport.initialize(ExecutorConfigurationSupport.java:181) - Initializing ExecutorService 'Nacos-Watch-Task-Scheduler'
[16:32:50:668] [INFO] - springfox.documentation.spring.web.plugins.DocumentationPluginsBootstrapper.start(DocumentationPluginsBootstrapper.java:160) - Context refreshed
[16:32:50:686] [INFO] - springfox.documentation.spring.web.plugins.DocumentationPluginsBootstrapper.start(DocumentationPluginsBootstrapper.java:163) - Found 1 custom documentation plugin(s)
[16:32:50:730] [INFO] - springfox.documentation.spring.web.scanners.ApiListingReferenceScanner.scan(ApiListingReferenceScanner.java:41) - Scanning for api listing references
[16:32:51:024] [INFO] - org.springframework.boot.StartupInfoLogger.logStarted(StartupInfoLogger.java:61) - Started CarParkMasterOrderApplicationTests in 8.516 seconds (JVM running for 10.07)
[16:32:56:363] [WARN] - com.alibaba.nacos.common.http.HttpClientBeanHolder.shutdown(HttpClientBeanHolder.java:108) - [HttpClientBeanHolder] Start destroying common HttpClient
[16:32:56:363] [WARN] - com.alibaba.nacos.common.notify.NotifyCenter.shutdown(NotifyCenter.java:145) - [NotifyCenter] Start destroying Publisher
[16:32:56:363] [WARN] - com.alibaba.nacos.common.notify.NotifyCenter.shutdown(NotifyCenter.java:162) - [NotifyCenter] Destruction of the end
[16:32:56:364] [WARN] - com.alibaba.nacos.common.http.HttpClientBeanHolder.shutdown(HttpClientBeanHolder.java:114) - [HttpClientBeanHolder] Destruction of the end
[16:32:56:365] [INFO] - org.springframework.scheduling.concurrent.ExecutorConfigurationSupport.shutdown(ExecutorConfigurationSupport.java:218) - Shutting down ExecutorService 'Nacos-Watch-Task-Scheduler'
[16:33:02:417] [INFO] - org.springframework.scheduling.concurrent.ExecutorConfigurationSupport.shutdown(ExecutorConfigurationSupport.java:218) - Shutting down ExecutorService 'applicationTaskExecutor'
[16:33:02:438] [INFO] - com.alibaba.druid.pool.DruidDataSource.close(DruidDataSource.java:2071) - {dataSource-1} closing ...
[16:33:02:439] [INFO] - com.alibaba.druid.pool.DruidDataSource.close(DruidDataSource.java:2144) - {dataSource-1} closed
[16:35:49:982] [INFO] - org.springframework.boot.SpringApplication.logStartupProfileInfo(SpringApplication.java:651) - No active profile set, falling back to default profiles: default
[16:35:50:750] [INFO] - org.springframework.data.repository.config.RepositoryConfigurationDelegate.multipleStoresDetected(RepositoryConfigurationDelegate.java:249) - Multiple Spring Data modules found, entering strict repository configuration mode!
[16:35:50:754] [INFO] - org.springframework.data.repository.config.RepositoryConfigurationDelegate.registerRepositoriesIn(RepositoryConfigurationDelegate.java:127) - Bootstrapping Spring Data Redis repositories in DEFAULT mode.
[16:35:50:783] [INFO] - org.springframework.data.repository.config.RepositoryConfigurationDelegate.registerRepositoriesIn(RepositoryConfigurationDelegate.java:187) - Finished Spring Data repository scanning in 15ms. Found 0 Redis repository interfaces.
[16:35:51:068] [INFO] - org.springframework.cloud.context.scope.GenericScope.setSerializationId(GenericScope.java:295) - BeanFactory id=4cdaaa46-7702-3a24-b2a6-5608711bdaa9
[16:35:51:545] [INFO] - com.alibaba.druid.spring.boot.autoconfigure.DruidDataSourceAutoConfigure.dataSource(DruidDataSourceAutoConfigure.java:56) - Init DruidDataSource
[16:35:51:736] [INFO] - com.alibaba.druid.pool.DruidDataSource.init(DruidDataSource.java:998) - {dataSource-1} inited
[16:35:53:565] [INFO] - springfox.documentation.spring.web.PropertySourcedRequestMappingHandlerMapping.initHandlerMethods(PropertySourcedRequestMappingHandlerMapping.java:69) - Mapped URL path [/v2/api-docs] onto method [springfox.documentation.swagger2.web.Swagger2Controller#getDocumentation(String, HttpServletRequest)]
[16:35:53:766] [WARN] - com.netflix.config.sources.URLConfigurationSource.<init>(URLConfigurationSource.java:121) - No URLs will be polled as dynamic configuration sources.
[16:35:53:766] [INFO] - com.netflix.config.sources.URLConfigurationSource.<init>(URLConfigurationSource.java:122) - To enable URLs as dynamic configuration sources, define System property archaius.configurationSource.additionalUrls or make config.properties available on classpath.
[16:35:53:777] [WARN] - com.netflix.config.sources.URLConfigurationSource.<init>(URLConfigurationSource.java:121) - No URLs will be polled as dynamic configuration sources.
[16:35:53:778] [INFO] - com.netflix.config.sources.URLConfigurationSource.<init>(URLConfigurationSource.java:122) - To enable URLs as dynamic configuration sources, define System property archaius.configurationSource.additionalUrls or make config.properties available on classpath.
[16:35:54:176] [INFO] - org.springframework.scheduling.concurrent.ExecutorConfigurationSupport.initialize(ExecutorConfigurationSupport.java:181) - Initializing ExecutorService 'applicationTaskExecutor'
[16:35:54:645] [INFO] - org.springframework.scheduling.concurrent.ExecutorConfigurationSupport.initialize(ExecutorConfigurationSupport.java:181) - Initializing ExecutorService 'Nacos-Watch-Task-Scheduler'
[16:35:56:474] [INFO] - springfox.documentation.spring.web.plugins.DocumentationPluginsBootstrapper.start(DocumentationPluginsBootstrapper.java:160) - Context refreshed
[16:35:56:494] [INFO] - springfox.documentation.spring.web.plugins.DocumentationPluginsBootstrapper.start(DocumentationPluginsBootstrapper.java:163) - Found 1 custom documentation plugin(s)
[16:35:56:544] [INFO] - springfox.documentation.spring.web.scanners.ApiListingReferenceScanner.scan(ApiListingReferenceScanner.java:41) - Scanning for api listing references
[16:35:56:828] [INFO] - org.springframework.boot.StartupInfoLogger.logStarted(StartupInfoLogger.java:61) - Started CarParkMasterOrderApplicationTests in 8.097 seconds (JVM running for 9.641)
[16:36:03:508] [WARN] - com.alibaba.nacos.common.http.HttpClientBeanHolder.shutdown(HttpClientBeanHolder.java:108) - [HttpClientBeanHolder] Start destroying common HttpClient
[16:36:03:508] [WARN] - com.alibaba.nacos.common.notify.NotifyCenter.shutdown(NotifyCenter.java:145) - [NotifyCenter] Start destroying Publisher
[16:36:03:508] [WARN] - com.alibaba.nacos.common.notify.NotifyCenter.shutdown(NotifyCenter.java:162) - [NotifyCenter] Destruction of the end
[16:36:03:509] [WARN] - com.alibaba.nacos.common.http.HttpClientBeanHolder.shutdown(HttpClientBeanHolder.java:114) - [HttpClientBeanHolder] Destruction of the end
[16:36:03:510] [INFO] - org.springframework.scheduling.concurrent.ExecutorConfigurationSupport.shutdown(ExecutorConfigurationSupport.java:218) - Shutting down ExecutorService 'Nacos-Watch-Task-Scheduler'
[16:36:09:574] [INFO] - org.springframework.scheduling.concurrent.ExecutorConfigurationSupport.shutdown(ExecutorConfigurationSupport.java:218) - Shutting down ExecutorService 'applicationTaskExecutor'
[16:36:09:596] [INFO] - com.alibaba.druid.pool.DruidDataSource.close(DruidDataSource.java:2071) - {dataSource-1} closing ...
[16:36:09:598] [INFO] - com.alibaba.druid.pool.DruidDataSource.close(DruidDataSource.java:2144) - {dataSource-1} closed
[16:54:46:200] [INFO] - org.springframework.boot.SpringApplication.logStartupProfileInfo(SpringApplication.java:651) - No active profile set, falling back to default profiles: default
[16:54:46:983] [INFO] - org.springframework.data.repository.config.RepositoryConfigurationDelegate.multipleStoresDetected(RepositoryConfigurationDelegate.java:249) - Multiple Spring Data modules found, entering strict repository configuration mode!
[16:54:46:987] [INFO] - org.springframework.data.repository.config.RepositoryConfigurationDelegate.registerRepositoriesIn(RepositoryConfigurationDelegate.java:127) - Bootstrapping Spring Data Redis repositories in DEFAULT mode.
[16:54:47:020] [INFO] - org.springframework.data.repository.config.RepositoryConfigurationDelegate.registerRepositoriesIn(RepositoryConfigurationDelegate.java:187) - Finished Spring Data repository scanning in 17ms. Found 0 Redis repository interfaces.
[16:54:47:306] [INFO] - org.springframework.cloud.context.scope.GenericScope.setSerializationId(GenericScope.java:295) - BeanFactory id=4cdaaa46-7702-3a24-b2a6-5608711bdaa9
[16:54:47:884] [INFO] - com.alibaba.druid.spring.boot.autoconfigure.DruidDataSourceAutoConfigure.dataSource(DruidDataSourceAutoConfigure.java:56) - Init DruidDataSource
[16:54:48:074] [INFO] - com.alibaba.druid.pool.DruidDataSource.init(DruidDataSource.java:998) - {dataSource-1} inited
[16:54:49:980] [INFO] - springfox.documentation.spring.web.PropertySourcedRequestMappingHandlerMapping.initHandlerMethods(PropertySourcedRequestMappingHandlerMapping.java:69) - Mapped URL path [/v2/api-docs] onto method [springfox.documentation.swagger2.web.Swagger2Controller#getDocumentation(String, HttpServletRequest)]
[16:54:50:185] [WARN] - com.netflix.config.sources.URLConfigurationSource.<init>(URLConfigurationSource.java:121) - No URLs will be polled as dynamic configuration sources.
[16:54:50:186] [INFO] - com.netflix.config.sources.URLConfigurationSource.<init>(URLConfigurationSource.java:122) - To enable URLs as dynamic configuration sources, define System property archaius.configurationSource.additionalUrls or make config.properties available on classpath.
[16:54:50:197] [WARN] - com.netflix.config.sources.URLConfigurationSource.<init>(URLConfigurationSource.java:121) - No URLs will be polled as dynamic configuration sources.
[16:54:50:197] [INFO] - com.netflix.config.sources.URLConfigurationSource.<init>(URLConfigurationSource.java:122) - To enable URLs as dynamic configuration sources, define System property archaius.configurationSource.additionalUrls or make config.properties available on classpath.
[16:54:50:607] [INFO] - org.springframework.scheduling.concurrent.ExecutorConfigurationSupport.initialize(ExecutorConfigurationSupport.java:181) - Initializing ExecutorService 'applicationTaskExecutor'
[16:54:51:059] [INFO] - org.springframework.scheduling.concurrent.ExecutorConfigurationSupport.initialize(ExecutorConfigurationSupport.java:181) - Initializing ExecutorService 'Nacos-Watch-Task-Scheduler'
[16:54:52:855] [INFO] - springfox.documentation.spring.web.plugins.DocumentationPluginsBootstrapper.start(DocumentationPluginsBootstrapper.java:160) - Context refreshed
[16:54:52:871] [INFO] - springfox.documentation.spring.web.plugins.DocumentationPluginsBootstrapper.start(DocumentationPluginsBootstrapper.java:163) - Found 1 custom documentation plugin(s)
[16:54:52:910] [INFO] - springfox.documentation.spring.web.scanners.ApiListingReferenceScanner.scan(ApiListingReferenceScanner.java:41) - Scanning for api listing references
[16:54:53:200] [INFO] - org.springframework.boot.StartupInfoLogger.logStarted(StartupInfoLogger.java:61) - Started CarParkMasterOrderApplicationTests in 8.247 seconds (JVM running for 9.767)
[16:54:58:622] [WARN] - com.alibaba.nacos.common.http.HttpClientBeanHolder.shutdown(HttpClientBeanHolder.java:108) - [HttpClientBeanHolder] Start destroying common HttpClient
[16:54:58:623] [WARN] - com.alibaba.nacos.common.notify.NotifyCenter.shutdown(NotifyCenter.java:145) - [NotifyCenter] Start destroying Publisher
[16:54:58:623] [WARN] - com.alibaba.nacos.common.notify.NotifyCenter.shutdown(NotifyCenter.java:162) - [NotifyCenter] Destruction of the end
[16:54:58:623] [WARN] - com.alibaba.nacos.common.http.HttpClientBeanHolder.shutdown(HttpClientBeanHolder.java:114) - [HttpClientBeanHolder] Destruction of the end
[16:54:58:625] [INFO] - org.springframework.scheduling.concurrent.ExecutorConfigurationSupport.shutdown(ExecutorConfigurationSupport.java:218) - Shutting down ExecutorService 'Nacos-Watch-Task-Scheduler'
[16:55:04:682] [INFO] - org.springframework.scheduling.concurrent.ExecutorConfigurationSupport.shutdown(ExecutorConfigurationSupport.java:218) - Shutting down ExecutorService 'applicationTaskExecutor'
[16:55:04:702] [INFO] - com.alibaba.druid.pool.DruidDataSource.close(DruidDataSource.java:2071) - {dataSource-1} closing ...
[16:55:04:703] [INFO] - com.alibaba.druid.pool.DruidDataSource.close(DruidDataSource.java:2144) - {dataSource-1} closed
[16:56:26:873] [INFO] - org.springframework.boot.SpringApplication.logStartupProfileInfo(SpringApplication.java:651) - No active profile set, falling back to default profiles: default
[16:56:27:668] [INFO] - org.springframework.data.repository.config.RepositoryConfigurationDelegate.multipleStoresDetected(RepositoryConfigurationDelegate.java:249) - Multiple Spring Data modules found, entering strict repository configuration mode!
[16:56:27:674] [INFO] - org.springframework.data.repository.config.RepositoryConfigurationDelegate.registerRepositoriesIn(RepositoryConfigurationDelegate.java:127) - Bootstrapping Spring Data Redis repositories in DEFAULT mode.
[16:56:27:706] [INFO] - org.springframework.data.repository.config.RepositoryConfigurationDelegate.registerRepositoriesIn(RepositoryConfigurationDelegate.java:187) - Finished Spring Data repository scanning in 16ms. Found 0 Redis repository interfaces.
[16:56:27:998] [INFO] - org.springframework.cloud.context.scope.GenericScope.setSerializationId(GenericScope.java:295) - BeanFactory id=4cdaaa46-7702-3a24-b2a6-5608711bdaa9
[16:56:28:519] [INFO] - com.alibaba.druid.spring.boot.autoconfigure.DruidDataSourceAutoConfigure.dataSource(DruidDataSourceAutoConfigure.java:56) - Init DruidDataSource
[16:56:28:700] [INFO] - com.alibaba.druid.pool.DruidDataSource.init(DruidDataSource.java:998) - {dataSource-1} inited
[16:56:30:529] [INFO] - springfox.documentation.spring.web.PropertySourcedRequestMappingHandlerMapping.initHandlerMethods(PropertySourcedRequestMappingHandlerMapping.java:69) - Mapped URL path [/v2/api-docs] onto method [springfox.documentation.swagger2.web.Swagger2Controller#getDocumentation(String, HttpServletRequest)]
[16:56:30:752] [WARN] - com.netflix.config.sources.URLConfigurationSource.<init>(URLConfigurationSource.java:121) - No URLs will be polled as dynamic configuration sources.
[16:56:30:752] [INFO] - com.netflix.config.sources.URLConfigurationSource.<init>(URLConfigurationSource.java:122) - To enable URLs as dynamic configuration sources, define System property archaius.configurationSource.additionalUrls or make config.properties available on classpath.
[16:56:30:761] [WARN] - com.netflix.config.sources.URLConfigurationSource.<init>(URLConfigurationSource.java:121) - No URLs will be polled as dynamic configuration sources.
[16:56:30:762] [INFO] - com.netflix.config.sources.URLConfigurationSource.<init>(URLConfigurationSource.java:122) - To enable URLs as dynamic configuration sources, define System property archaius.configurationSource.additionalUrls or make config.properties available on classpath.
[16:56:31:127] [INFO] - org.springframework.scheduling.concurrent.ExecutorConfigurationSupport.initialize(ExecutorConfigurationSupport.java:181) - Initializing ExecutorService 'applicationTaskExecutor'
[16:56:31:561] [INFO] - org.springframework.scheduling.concurrent.ExecutorConfigurationSupport.initialize(ExecutorConfigurationSupport.java:181) - Initializing ExecutorService 'Nacos-Watch-Task-Scheduler'
[16:56:33:413] [INFO] - springfox.documentation.spring.web.plugins.DocumentationPluginsBootstrapper.start(DocumentationPluginsBootstrapper.java:160) - Context refreshed
[16:56:33:431] [INFO] - springfox.documentation.spring.web.plugins.DocumentationPluginsBootstrapper.start(DocumentationPluginsBootstrapper.java:163) - Found 1 custom documentation plugin(s)
[16:56:33:476] [INFO] - springfox.documentation.spring.web.scanners.ApiListingReferenceScanner.scan(ApiListingReferenceScanner.java:41) - Scanning for api listing references
[16:56:33:741] [INFO] - org.springframework.boot.StartupInfoLogger.logStarted(StartupInfoLogger.java:61) - Started CarParkMasterOrderApplicationTests in 8.076 seconds (JVM running for 9.557)
[16:56:52:312] [WARN] - com.alibaba.nacos.common.http.HttpClientBeanHolder.shutdown(HttpClientBeanHolder.java:108) - [HttpClientBeanHolder] Start destroying common HttpClient
[16:56:52:312] [WARN] - com.alibaba.nacos.common.notify.NotifyCenter.shutdown(NotifyCenter.java:145) - [NotifyCenter] Start destroying Publisher
[16:56:52:312] [WARN] - com.alibaba.nacos.common.notify.NotifyCenter.shutdown(NotifyCenter.java:162) - [NotifyCenter] Destruction of the end
[16:56:52:313] [WARN] - com.alibaba.nacos.common.http.HttpClientBeanHolder.shutdown(HttpClientBeanHolder.java:114) - [HttpClientBeanHolder] Destruction of the end
[16:56:52:314] [INFO] - org.springframework.scheduling.concurrent.ExecutorConfigurationSupport.shutdown(ExecutorConfigurationSupport.java:218) - Shutting down ExecutorService 'Nacos-Watch-Task-Scheduler'
[16:56:57:456] [INFO] - org.springframework.scheduling.concurrent.ExecutorConfigurationSupport.shutdown(ExecutorConfigurationSupport.java:218) - Shutting down ExecutorService 'applicationTaskExecutor'
[16:56:57:477] [INFO] - com.alibaba.druid.pool.DruidDataSource.close(DruidDataSource.java:2071) - {dataSource-1} closing ...
[16:56:57:478] [INFO] - com.alibaba.druid.pool.DruidDataSource.close(DruidDataSource.java:2144) - {dataSource-1} closed
[16:57:06:099] [INFO] - org.springframework.boot.SpringApplication.logStartupProfileInfo(SpringApplication.java:651) - No active profile set, falling back to default profiles: default
[16:57:06:878] [INFO] - org.springframework.data.repository.config.RepositoryConfigurationDelegate.multipleStoresDetected(RepositoryConfigurationDelegate.java:249) - Multiple Spring Data modules found, entering strict repository configuration mode!
[16:57:06:883] [INFO] - org.springframework.data.repository.config.RepositoryConfigurationDelegate.registerRepositoriesIn(RepositoryConfigurationDelegate.java:127) - Bootstrapping Spring Data Redis repositories in DEFAULT mode.
[16:57:06:914] [INFO] - org.springframework.data.repository.config.RepositoryConfigurationDelegate.registerRepositoriesIn(RepositoryConfigurationDelegate.java:187) - Finished Spring Data repository scanning in 16ms. Found 0 Redis repository interfaces.
[16:57:07:216] [INFO] - org.springframework.cloud.context.scope.GenericScope.setSerializationId(GenericScope.java:295) - BeanFactory id=4cdaaa46-7702-3a24-b2a6-5608711bdaa9
[16:57:07:742] [INFO] - com.alibaba.druid.spring.boot.autoconfigure.DruidDataSourceAutoConfigure.dataSource(DruidDataSourceAutoConfigure.java:56) - Init DruidDataSource
[16:57:07:909] [INFO] - com.alibaba.druid.pool.DruidDataSource.init(DruidDataSource.java:998) - {dataSource-1} inited
[16:57:09:766] [INFO] - springfox.documentation.spring.web.PropertySourcedRequestMappingHandlerMapping.initHandlerMethods(PropertySourcedRequestMappingHandlerMapping.java:69) - Mapped URL path [/v2/api-docs] onto method [springfox.documentation.swagger2.web.Swagger2Controller#getDocumentation(String, HttpServletRequest)]
[16:57:09:976] [WARN] - com.netflix.config.sources.URLConfigurationSource.<init>(URLConfigurationSource.java:121) - No URLs will be polled as dynamic configuration sources.
[16:57:09:977] [INFO] - com.netflix.config.sources.URLConfigurationSource.<init>(URLConfigurationSource.java:122) - To enable URLs as dynamic configuration sources, define System property archaius.configurationSource.additionalUrls or make config.properties available on classpath.
[16:57:09:984] [WARN] - com.netflix.config.sources.URLConfigurationSource.<init>(URLConfigurationSource.java:121) - No URLs will be polled as dynamic configuration sources.
[16:57:09:985] [INFO] - com.netflix.config.sources.URLConfigurationSource.<init>(URLConfigurationSource.java:122) - To enable URLs as dynamic configuration sources, define System property archaius.configurationSource.additionalUrls or make config.properties available on classpath.
[16:57:10:365] [INFO] - org.springframework.scheduling.concurrent.ExecutorConfigurationSupport.initialize(ExecutorConfigurationSupport.java:181) - Initializing ExecutorService 'applicationTaskExecutor'
[16:57:10:796] [INFO] - org.springframework.scheduling.concurrent.ExecutorConfigurationSupport.initialize(ExecutorConfigurationSupport.java:181) - Initializing ExecutorService 'Nacos-Watch-Task-Scheduler'
[16:57:12:580] [INFO] - springfox.documentation.spring.web.plugins.DocumentationPluginsBootstrapper.start(DocumentationPluginsBootstrapper.java:160) - Context refreshed
[16:57:12:596] [INFO] - springfox.documentation.spring.web.plugins.DocumentationPluginsBootstrapper.start(DocumentationPluginsBootstrapper.java:163) - Found 1 custom documentation plugin(s)
[16:57:12:638] [INFO] - springfox.documentation.spring.web.scanners.ApiListingReferenceScanner.scan(ApiListingReferenceScanner.java:41) - Scanning for api listing references
[16:57:12:906] [INFO] - org.springframework.boot.StartupInfoLogger.logStarted(StartupInfoLogger.java:61) - Started CarParkMasterOrderApplicationTests in 8.0 seconds (JVM running for 9.504)
[16:57:18:294] [WARN] - com.alibaba.nacos.common.http.HttpClientBeanHolder.shutdown(HttpClientBeanHolder.java:108) - [HttpClientBeanHolder] Start destroying common HttpClient
[16:57:18:294] [WARN] - com.alibaba.nacos.common.notify.NotifyCenter.shutdown(NotifyCenter.java:145) - [NotifyCenter] Start destroying Publisher
[16:57:18:295] [WARN] - com.alibaba.nacos.common.notify.NotifyCenter.shutdown(NotifyCenter.java:162) - [NotifyCenter] Destruction of the end
[16:57:18:295] [WARN] - com.alibaba.nacos.common.http.HttpClientBeanHolder.shutdown(HttpClientBeanHolder.java:114) - [HttpClientBeanHolder] Destruction of the end
[16:57:18:296] [INFO] - org.springframework.scheduling.concurrent.ExecutorConfigurationSupport.shutdown(ExecutorConfigurationSupport.java:218) - Shutting down ExecutorService 'Nacos-Watch-Task-Scheduler'
[16:57:24:347] [INFO] - org.springframework.scheduling.concurrent.ExecutorConfigurationSupport.shutdown(ExecutorConfigurationSupport.java:218) - Shutting down ExecutorService 'applicationTaskExecutor'
[16:57:24:368] [INFO] - com.alibaba.druid.pool.DruidDataSource.close(DruidDataSource.java:2071) - {dataSource-1} closing ...
[16:57:24:369] [INFO] - com.alibaba.druid.pool.DruidDataSource.close(DruidDataSource.java:2144) - {dataSource-1} closed
[16:58:53:045] [INFO] - org.springframework.boot.SpringApplication.logStartupProfileInfo(SpringApplication.java:651) - No active profile set, falling back to default profiles: default
[16:58:53:852] [INFO] - org.springframework.data.repository.config.RepositoryConfigurationDelegate.multipleStoresDetected(RepositoryConfigurationDelegate.java:249) - Multiple Spring Data modules found, entering strict repository configuration mode!
[16:58:53:856] [INFO] - org.springframework.data.repository.config.RepositoryConfigurationDelegate.registerRepositoriesIn(RepositoryConfigurationDelegate.java:127) - Bootstrapping Spring Data Redis repositories in DEFAULT mode.
[16:58:53:885] [INFO] - org.springframework.data.repository.config.RepositoryConfigurationDelegate.registerRepositoriesIn(RepositoryConfigurationDelegate.java:187) - Finished Spring Data repository scanning in 15ms. Found 0 Redis repository interfaces.
[16:58:54:192] [INFO] - org.springframework.cloud.context.scope.GenericScope.setSerializationId(GenericScope.java:295) - BeanFactory id=4cdaaa46-7702-3a24-b2a6-5608711bdaa9
[16:58:54:696] [INFO] - com.alibaba.druid.spring.boot.autoconfigure.DruidDataSourceAutoConfigure.dataSource(DruidDataSourceAutoConfigure.java:56) - Init DruidDataSource
[16:58:54:883] [INFO] - com.alibaba.druid.pool.DruidDataSource.init(DruidDataSource.java:998) - {dataSource-1} inited
[16:58:56:754] [INFO] - springfox.documentation.spring.web.PropertySourcedRequestMappingHandlerMapping.initHandlerMethods(PropertySourcedRequestMappingHandlerMapping.java:69) - Mapped URL path [/v2/api-docs] onto method [springfox.documentation.swagger2.web.Swagger2Controller#getDocumentation(String, HttpServletRequest)]
[16:58:56:969] [WARN] - com.netflix.config.sources.URLConfigurationSource.<init>(URLConfigurationSource.java:121) - No URLs will be polled as dynamic configuration sources.
[16:58:56:970] [INFO] - com.netflix.config.sources.URLConfigurationSource.<init>(URLConfigurationSource.java:122) - To enable URLs as dynamic configuration sources, define System property archaius.configurationSource.additionalUrls or make config.properties available on classpath.
[16:58:56:984] [WARN] - com.netflix.config.sources.URLConfigurationSource.<init>(URLConfigurationSource.java:121) - No URLs will be polled as dynamic configuration sources.
[16:58:56:984] [INFO] - com.netflix.config.sources.URLConfigurationSource.<init>(URLConfigurationSource.java:122) - To enable URLs as dynamic configuration sources, define System property archaius.configurationSource.additionalUrls or make config.properties available on classpath.
[16:58:57:425] [INFO] - org.springframework.scheduling.concurrent.ExecutorConfigurationSupport.initialize(ExecutorConfigurationSupport.java:181) - Initializing ExecutorService 'applicationTaskExecutor'
[16:58:57:883] [INFO] - org.springframework.scheduling.concurrent.ExecutorConfigurationSupport.initialize(ExecutorConfigurationSupport.java:181) - Initializing ExecutorService 'Nacos-Watch-Task-Scheduler'
[16:58:59:738] [INFO] - springfox.documentation.spring.web.plugins.DocumentationPluginsBootstrapper.start(DocumentationPluginsBootstrapper.java:160) - Context refreshed
[16:58:59:752] [INFO] - springfox.documentation.spring.web.plugins.DocumentationPluginsBootstrapper.start(DocumentationPluginsBootstrapper.java:163) - Found 1 custom documentation plugin(s)
[16:58:59:792] [INFO] - springfox.documentation.spring.web.scanners.ApiListingReferenceScanner.scan(ApiListingReferenceScanner.java:41) - Scanning for api listing references
[16:59:00:066] [INFO] - org.springframework.boot.StartupInfoLogger.logStarted(StartupInfoLogger.java:61) - Started CarParkMasterOrderApplicationTests in 8.255 seconds (JVM running for 10.037)
[16:59:04:565] [WARN] - com.alibaba.nacos.common.http.HttpClientBeanHolder.shutdown(HttpClientBeanHolder.java:108) - [HttpClientBeanHolder] Start destroying common HttpClient
[16:59:04:565] [WARN] - com.alibaba.nacos.common.notify.NotifyCenter.shutdown(NotifyCenter.java:145) - [NotifyCenter] Start destroying Publisher
[16:59:04:565] [WARN] - com.alibaba.nacos.common.notify.NotifyCenter.shutdown(NotifyCenter.java:162) - [NotifyCenter] Destruction of the end
[16:59:04:566] [WARN] - com.alibaba.nacos.common.http.HttpClientBeanHolder.shutdown(HttpClientBeanHolder.java:114) - [HttpClientBeanHolder] Destruction of the end
[16:59:04:567] [INFO] - org.springframework.scheduling.concurrent.ExecutorConfigurationSupport.shutdown(ExecutorConfigurationSupport.java:218) - Shutting down ExecutorService 'Nacos-Watch-Task-Scheduler'
[16:59:10:630] [INFO] - org.springframework.scheduling.concurrent.ExecutorConfigurationSupport.shutdown(ExecutorConfigurationSupport.java:218) - Shutting down ExecutorService 'applicationTaskExecutor'
[16:59:10:649] [INFO] - com.alibaba.druid.pool.DruidDataSource.close(DruidDataSource.java:2071) - {dataSource-1} closing ...
[16:59:10:650] [INFO] - com.alibaba.druid.pool.DruidDataSource.close(DruidDataSource.java:2144) - {dataSource-1} closed
