[20:55:25:822] [DEBUG] - com.alibaba.nacos.common.notify.DefaultPublisher.notifySubscriber(DefaultPublisher.java:193) - [NotifyCenter] the com.alibaba.nacos.client.naming.event.InstancesChangeEvent@3966e5b1 will received by com.alibaba.nacos.client.naming.event.InstancesChangeNotifier@165aa43a
[20:55:28:152] [DEBUG] - com.alibaba.nacos.common.notify.DefaultPublisher.notifySubscriber(DefaultPublisher.java:193) - [NotifyCenter] the com.alibaba.nacos.client.naming.event.InstancesChangeEvent@505d6973 will received by com.alibaba.nacos.client.naming.event.InstancesChangeNotifier@165aa43a
[20:55:34:599] [WARN] - org.springframework.beans.factory.support.DisposableBeanAdapter.invokeCustomDestroyMethod(DisposableBeanAdapter.java:349) - Destroy method 'close' on bean with name 'nacosServiceRegistry' threw an exception: java.lang.NullPointerException
[20:55:34:600] [INFO] - org.springframework.scheduling.concurrent.ExecutorConfigurationSupport.shutdown(ExecutorConfigurationSupport.java:218) - Shutting down ExecutorService 'applicationTaskExecutor'
[20:55:34:604] [DEBUG] - io.lettuce.core.AbstractRedisClient.shutdownAsync(AbstractRedisClient.java:474) - Initiate shutdown (100, 100, MILLISECONDS)
[20:55:34:609] [DEBUG] - io.lettuce.core.resource.DefaultClientResources.shutdown(DefaultClientResources.java:631) - Initiate shutdown (0, 2, SECONDS)
[20:55:34:611] [DEBUG] - io.lettuce.core.resource.DefaultEventLoopGroupProvider.shutdown(DefaultEventLoopGroupProvider.java:263) - Initiate shutdown (0, 2, SECONDS)
[20:55:34:618] [DEBUG] - org.apache.http.impl.conn.PoolingHttpClientConnectionManager.shutdown(PoolingHttpClientConnectionManager.java:411) - Connection manager is shutting down
[20:55:34:618] [DEBUG] - org.apache.http.impl.conn.PoolingHttpClientConnectionManager.shutdown(PoolingHttpClientConnectionManager.java:434) - Connection manager shut down
[20:55:34:620] [DEBUG] - org.apache.http.impl.conn.PoolingHttpClientConnectionManager.shutdown(PoolingHttpClientConnectionManager.java:411) - Connection manager is shutting down
[20:55:34:620] [DEBUG] - org.apache.http.impl.conn.PoolingHttpClientConnectionManager.shutdown(PoolingHttpClientConnectionManager.java:434) - Connection manager shut down
[20:55:34:620] [DEBUG] - org.apache.http.impl.conn.PoolingHttpClientConnectionManager.shutdown(PoolingHttpClientConnectionManager.java:411) - Connection manager is shutting down
[20:55:34:620] [DEBUG] - org.apache.http.impl.conn.PoolingHttpClientConnectionManager.shutdown(PoolingHttpClientConnectionManager.java:434) - Connection manager shut down
[20:55:34:621] [INFO] - org.springframework.amqp.rabbit.listener.AbstractMessageListenerContainer.shutdown(AbstractMessageListenerContainer.java:1260) - Shutdown ignored - container is not active already
[20:55:34:624] [INFO] - com.alibaba.druid.pool.DruidDataSource.close(DruidDataSource.java:2071) - {dataSource-1} closing ...
[20:55:34:629] [INFO] - com.alibaba.druid.pool.DruidDataSource.close(DruidDataSource.java:2144) - {dataSource-1} closed
[20:55:35:051] [WARN] - com.alibaba.nacos.common.http.HttpClientBeanHolder.shutdown(HttpClientBeanHolder.java:108) - [HttpClientBeanHolder] Start destroying common HttpClient
[20:55:35:051] [WARN] - com.alibaba.nacos.common.notify.NotifyCenter.shutdown(NotifyCenter.java:145) - [NotifyCenter] Start destroying Publisher
[20:55:35:051] [WARN] - com.alibaba.nacos.common.notify.NotifyCenter.shutdown(NotifyCenter.java:162) - [NotifyCenter] Destruction of the end
[20:55:35:052] [WARN] - com.alibaba.nacos.common.http.HttpClientBeanHolder.shutdown(HttpClientBeanHolder.java:114) - [HttpClientBeanHolder] Destruction of the end
[20:55:35:197] [INFO] - org.springframework.scheduling.concurrent.ExecutorConfigurationSupport.shutdown(ExecutorConfigurationSupport.java:218) - Shutting down ExecutorService 'Nacos-Watch-Task-Scheduler'
[20:55:35:204] [DEBUG] - org.apache.http.impl.nio.conn.PoolingNHttpClientConnectionManager.shutdown(PoolingNHttpClientConnectionManager.java:232) - Connection manager is shutting down
[20:55:35:205] [DEBUG] - org.apache.http.impl.nio.conn.PoolingNHttpClientConnectionManager.shutdown(PoolingNHttpClientConnectionManager.java:234) - Connection manager shut down
[20:55:35:208] [INFO] - com.alibaba.cloud.nacos.registry.NacosServiceRegistry.deregister(NacosServiceRegistry.java:94) - De-registering from Nacos Server now...
[20:55:35:210] [INFO] - com.alibaba.cloud.nacos.registry.NacosServiceRegistry.deregister(NacosServiceRegistry.java:114) - De-registration finished.
[20:55:35:730] [DEBUG] - com.alibaba.nacos.common.notify.DefaultPublisher.notifySubscriber(DefaultPublisher.java:193) - [NotifyCenter] the com.alibaba.nacos.client.naming.event.InstancesChangeEvent@34064d30 will received by com.alibaba.nacos.client.naming.event.InstancesChangeNotifier@165aa43a
[20:55:42:625] [WARN] - org.springframework.beans.factory.support.DisposableBeanAdapter.invokeCustomDestroyMethod(DisposableBeanAdapter.java:349) - Destroy method 'close' on bean with name 'nacosServiceRegistry' threw an exception: java.lang.NullPointerException
[20:55:42:630] [INFO] - org.springframework.scheduling.concurrent.ExecutorConfigurationSupport.shutdown(ExecutorConfigurationSupport.java:218) - Shutting down ExecutorService 'applicationTaskExecutor'
[20:55:42:643] [DEBUG] - io.lettuce.core.AbstractRedisClient.shutdownAsync(AbstractRedisClient.java:474) - Initiate shutdown (100, 100, MILLISECONDS)
[20:55:42:666] [DEBUG] - io.lettuce.core.resource.DefaultClientResources.shutdown(DefaultClientResources.java:631) - Initiate shutdown (0, 2, SECONDS)
[20:55:42:672] [DEBUG] - io.lettuce.core.resource.DefaultEventLoopGroupProvider.shutdown(DefaultEventLoopGroupProvider.java:263) - Initiate shutdown (0, 2, SECONDS)
[20:55:42:684] [INFO] - com.alibaba.druid.pool.DruidDataSource.close(DruidDataSource.java:2071) - {dataSource-1} closing ...
[20:55:42:687] [INFO] - com.alibaba.druid.pool.DruidDataSource.close(DruidDataSource.java:2144) - {dataSource-1} closed
