[16:14:14:712] [ERROR] - com.alibaba.cloud.nacos.registry.NacosServiceRegistry.deregister(NacosServiceRegistry.java:110) - ERR_NACOS_DEREGISTER, de-register failed...NacosRegistration{nacosDiscoveryProperties=NacosDiscoveryProperties{serverAddr='127.0.0.1:8848', endpoint='', namespace='', watchDelay=30000, logName='', service='cpm-order', weight=1.0, clusterName='DEFAULT', group='DEFAULT_GROUP', namingLoadCacheAtStart='false', metadata={preserved.register.source=SPRING_CLOUD}, registerEnabled=true, ip='192.168.108.1', networkInterface='', port=9000, secure=false, accessKey='', secretKey='', heartBeatInterval=null, heartBeatTimeout=null, ipDeleteTimeout=null, failFast=true}},
com.alibaba.nacos.api.exception.NacosException: failed to req API:/nacos/v1/ns/instance after all servers([127.0.0.1:8848]) tried: java.net.ConnectException: Connection refused: connect
	at com.alibaba.nacos.client.naming.net.NamingProxy.reqApi(NamingProxy.java:556) ~[nacos-client-1.4.2.jar:?]
	at com.alibaba.nacos.client.naming.net.NamingProxy.reqApi(NamingProxy.java:498) ~[nacos-client-1.4.2.jar:?]
	at com.alibaba.nacos.client.naming.net.NamingProxy.reqApi(NamingProxy.java:493) ~[nacos-client-1.4.2.jar:?]
	at com.alibaba.nacos.client.naming.net.NamingProxy.deregisterService(NamingProxy.java:271) ~[nacos-client-1.4.2.jar:?]
	at com.alibaba.nacos.client.naming.NacosNamingService.deregisterInstance(NacosNamingService.java:252) ~[nacos-client-1.4.2.jar:?]
	at com.alibaba.nacos.client.naming.NacosNamingService.deregisterInstance(NacosNamingService.java:238) ~[nacos-client-1.4.2.jar:?]
	at com.alibaba.cloud.nacos.registry.NacosServiceRegistry.deregister(NacosServiceRegistry.java:106) [spring-cloud-starter-alibaba-nacos-discovery-2.2.6.RELEASE.jar:2.2.6.RELEASE]
	at org.springframework.cloud.client.serviceregistry.AbstractAutoServiceRegistration.deregister(AbstractAutoServiceRegistration.java:256) [spring-cloud-commons-2.2.6.RELEASE.jar:2.2.6.RELEASE]
	at org.springframework.cloud.client.serviceregistry.AbstractAutoServiceRegistration.stop(AbstractAutoServiceRegistration.java:271) [spring-cloud-commons-2.2.6.RELEASE.jar:2.2.6.RELEASE]
	at org.springframework.cloud.client.serviceregistry.AbstractAutoServiceRegistration.destroy(AbstractAutoServiceRegistration.java:208) [spring-cloud-commons-2.2.6.RELEASE.jar:2.2.6.RELEASE]
	at sun.reflect.NativeMethodAccessorImpl.invoke0(Native Method) ~[?:1.8.0_201]
	at sun.reflect.NativeMethodAccessorImpl.invoke(NativeMethodAccessorImpl.java:62) ~[?:1.8.0_201]
	at sun.reflect.DelegatingMethodAccessorImpl.invoke(DelegatingMethodAccessorImpl.java:43) ~[?:1.8.0_201]
	at java.lang.reflect.Method.invoke(Method.java:498) ~[?:1.8.0_201]
	at org.springframework.beans.factory.annotation.InitDestroyAnnotationBeanPostProcessor$LifecycleElement.invoke(InitDestroyAnnotationBeanPostProcessor.java:389) [spring-beans-5.2.12.RELEASE.jar:5.2.12.RELEASE]
	at org.springframework.beans.factory.annotation.InitDestroyAnnotationBeanPostProcessor$LifecycleMetadata.invokeDestroyMethods(InitDestroyAnnotationBeanPostProcessor.java:347) [spring-beans-5.2.12.RELEASE.jar:5.2.12.RELEASE]
	at org.springframework.beans.factory.annotation.InitDestroyAnnotationBeanPostProcessor.postProcessBeforeDestruction(InitDestroyAnnotationBeanPostProcessor.java:177) [spring-beans-5.2.12.RELEASE.jar:5.2.12.RELEASE]
	at org.springframework.beans.factory.support.DisposableBeanAdapter.destroy(DisposableBeanAdapter.java:242) [spring-beans-5.2.12.RELEASE.jar:5.2.12.RELEASE]
	at org.springframework.beans.factory.support.DefaultSingletonBeanRegistry.destroyBean(DefaultSingletonBeanRegistry.java:587) [spring-beans-5.2.12.RELEASE.jar:5.2.12.RELEASE]
	at org.springframework.beans.factory.support.DefaultSingletonBeanRegistry.destroySingleton(DefaultSingletonBeanRegistry.java:559) [spring-beans-5.2.12.RELEASE.jar:5.2.12.RELEASE]
	at org.springframework.beans.factory.support.DefaultListableBeanFactory.destroySingleton(DefaultListableBeanFactory.java:1092) [spring-beans-5.2.12.RELEASE.jar:5.2.12.RELEASE]
	at org.springframework.beans.factory.support.DefaultSingletonBeanRegistry.destroySingletons(DefaultSingletonBeanRegistry.java:520) [spring-beans-5.2.12.RELEASE.jar:5.2.12.RELEASE]
	at org.springframework.beans.factory.support.DefaultListableBeanFactory.destroySingletons(DefaultListableBeanFactory.java:1085) [spring-beans-5.2.12.RELEASE.jar:5.2.12.RELEASE]
	at org.springframework.context.support.AbstractApplicationContext.destroyBeans(AbstractApplicationContext.java:1061) [spring-context-5.2.12.RELEASE.jar:5.2.12.RELEASE]
	at org.springframework.context.support.AbstractApplicationContext.doClose(AbstractApplicationContext.java:1030) [spring-context-5.2.12.RELEASE.jar:5.2.12.RELEASE]
	at org.springframework.boot.web.servlet.context.ServletWebServerApplicationContext.doClose(ServletWebServerApplicationContext.java:170) [spring-boot-2.3.7.RELEASE.jar:2.3.7.RELEASE]
	at org.springframework.context.support.AbstractApplicationContext$1.run(AbstractApplicationContext.java:949) [spring-context-5.2.12.RELEASE.jar:5.2.12.RELEASE]
[16:14:42:430] [ERROR] - org.springframework.amqp.rabbit.listener.AbstractMessageListenerContainer.redeclareElementsIfNecessary(AbstractMessageListenerContainer.java:1846) - Failed to check/redeclare auto-delete queue(s).
org.springframework.amqp.AmqpConnectException: java.net.ConnectException: Connection timed out: connect
	at org.springframework.amqp.rabbit.support.RabbitExceptionTranslator.convertRabbitAccessException(RabbitExceptionTranslator.java:61) ~[spring-rabbit-2.2.13.RELEASE.jar:2.2.13.RELEASE]
	at org.springframework.amqp.rabbit.connection.AbstractConnectionFactory.createBareConnection(AbstractConnectionFactory.java:524) ~[spring-rabbit-2.2.13.RELEASE.jar:2.2.13.RELEASE]
	at org.springframework.amqp.rabbit.connection.CachingConnectionFactory.createConnection(CachingConnectionFactory.java:751) ~[spring-rabbit-2.2.13.RELEASE.jar:2.2.13.RELEASE]
	at org.springframework.amqp.rabbit.connection.ConnectionFactoryUtils.createConnection(ConnectionFactoryUtils.java:214) ~[spring-rabbit-2.2.13.RELEASE.jar:2.2.13.RELEASE]
	at org.springframework.amqp.rabbit.core.RabbitTemplate.doExecute(RabbitTemplate.java:2089) ~[spring-rabbit-2.2.13.RELEASE.jar:2.2.13.RELEASE]
	at org.springframework.amqp.rabbit.core.RabbitTemplate.execute(RabbitTemplate.java:2062) ~[spring-rabbit-2.2.13.RELEASE.jar:2.2.13.RELEASE]
	at org.springframework.amqp.rabbit.core.RabbitTemplate.execute(RabbitTemplate.java:2042) ~[spring-rabbit-2.2.13.RELEASE.jar:2.2.13.RELEASE]
	at org.springframework.amqp.rabbit.core.RabbitAdmin.getQueueInfo(RabbitAdmin.java:407) ~[spring-rabbit-2.2.13.RELEASE.jar:2.2.13.RELEASE]
	at org.springframework.amqp.rabbit.core.RabbitAdmin.getQueueProperties(RabbitAdmin.java:391) ~[spring-rabbit-2.2.13.RELEASE.jar:2.2.13.RELEASE]
	at org.springframework.amqp.rabbit.listener.AbstractMessageListenerContainer.attemptDeclarations(AbstractMessageListenerContainer.java:1859) ~[spring-rabbit-2.2.13.RELEASE.jar:2.2.13.RELEASE]
	at org.springframework.amqp.rabbit.listener.AbstractMessageListenerContainer.redeclareElementsIfNecessary(AbstractMessageListenerContainer.java:1840) [spring-rabbit-2.2.13.RELEASE.jar:2.2.13.RELEASE]
	at org.springframework.amqp.rabbit.listener.SimpleMessageListenerContainer$AsyncMessageProcessingConsumer.initialize(SimpleMessageListenerContainer.java:1354) [spring-rabbit-2.2.13.RELEASE.jar:2.2.13.RELEASE]
	at org.springframework.amqp.rabbit.listener.SimpleMessageListenerContainer$AsyncMessageProcessingConsumer.run(SimpleMessageListenerContainer.java:1200) [spring-rabbit-2.2.13.RELEASE.jar:2.2.13.RELEASE]
	at java.lang.Thread.run(Thread.java:748) [?:1.8.0_201]
Caused by: java.net.ConnectException: Connection timed out: connect
	at java.net.DualStackPlainSocketImpl.waitForConnect(Native Method) ~[?:1.8.0_201]
	at java.net.DualStackPlainSocketImpl.socketConnect(DualStackPlainSocketImpl.java:85) ~[?:1.8.0_201]
	at java.net.AbstractPlainSocketImpl.doConnect(AbstractPlainSocketImpl.java:350) ~[?:1.8.0_201]
	at java.net.AbstractPlainSocketImpl.connectToAddress(AbstractPlainSocketImpl.java:206) ~[?:1.8.0_201]
	at java.net.AbstractPlainSocketImpl.connect(AbstractPlainSocketImpl.java:188) ~[?:1.8.0_201]
	at java.net.PlainSocketImpl.connect(PlainSocketImpl.java:172) ~[?:1.8.0_201]
	at java.net.SocksSocketImpl.connect(SocksSocketImpl.java:392) ~[?:1.8.0_201]
	at java.net.Socket.connect(Socket.java:589) ~[?:1.8.0_201]
	at com.rabbitmq.client.impl.SocketFrameHandlerFactory.create(SocketFrameHandlerFactory.java:60) ~[amqp-client-5.9.0.jar:5.9.0]
	at com.rabbitmq.client.ConnectionFactory.newConnection(ConnectionFactory.java:1137) ~[amqp-client-5.9.0.jar:5.9.0]
	at com.rabbitmq.client.ConnectionFactory.newConnection(ConnectionFactory.java:1087) ~[amqp-client-5.9.0.jar:5.9.0]
	at org.springframework.amqp.rabbit.connection.AbstractConnectionFactory.connectAddresses(AbstractConnectionFactory.java:560) ~[spring-rabbit-2.2.13.RELEASE.jar:2.2.13.RELEASE]
	at org.springframework.amqp.rabbit.connection.AbstractConnectionFactory.connect(AbstractConnectionFactory.java:533) ~[spring-rabbit-2.2.13.RELEASE.jar:2.2.13.RELEASE]
	at org.springframework.amqp.rabbit.connection.AbstractConnectionFactory.createBareConnection(AbstractConnectionFactory.java:487) ~[spring-rabbit-2.2.13.RELEASE.jar:2.2.13.RELEASE]
	... 12 more
[16:14:48:585] [ERROR] - com.alibaba.cloud.nacos.registry.NacosServiceRegistry.deregister(NacosServiceRegistry.java:110) - ERR_NACOS_DEREGISTER, de-register failed...NacosRegistration{nacosDiscoveryProperties=NacosDiscoveryProperties{serverAddr='127.0.0.1:8848', endpoint='', namespace='', watchDelay=30000, logName='', service='cpm-parking', weight=1.0, clusterName='DEFAULT', group='DEFAULT_GROUP', namingLoadCacheAtStart='false', metadata={preserved.register.source=SPRING_CLOUD}, registerEnabled=true, ip='192.168.108.1', networkInterface='', port=10001, secure=false, accessKey='', secretKey='', heartBeatInterval=null, heartBeatTimeout=null, ipDeleteTimeout=null, failFast=true}},
com.alibaba.nacos.api.exception.NacosException: failed to req API:/nacos/v1/ns/instance after all servers([127.0.0.1:8848]) tried: java.net.ConnectException: Connection refused: connect
	at com.alibaba.nacos.client.naming.net.NamingProxy.reqApi(NamingProxy.java:556) ~[nacos-client-1.4.2.jar:?]
	at com.alibaba.nacos.client.naming.net.NamingProxy.reqApi(NamingProxy.java:498) ~[nacos-client-1.4.2.jar:?]
	at com.alibaba.nacos.client.naming.net.NamingProxy.reqApi(NamingProxy.java:493) ~[nacos-client-1.4.2.jar:?]
	at com.alibaba.nacos.client.naming.net.NamingProxy.deregisterService(NamingProxy.java:271) ~[nacos-client-1.4.2.jar:?]
	at com.alibaba.nacos.client.naming.NacosNamingService.deregisterInstance(NacosNamingService.java:252) ~[nacos-client-1.4.2.jar:?]
	at com.alibaba.nacos.client.naming.NacosNamingService.deregisterInstance(NacosNamingService.java:238) ~[nacos-client-1.4.2.jar:?]
	at com.alibaba.cloud.nacos.registry.NacosServiceRegistry.deregister(NacosServiceRegistry.java:106) [spring-cloud-starter-alibaba-nacos-discovery-2.2.6.RELEASE.jar:2.2.6.RELEASE]
	at org.springframework.cloud.client.serviceregistry.AbstractAutoServiceRegistration.deregister(AbstractAutoServiceRegistration.java:256) [spring-cloud-commons-2.2.6.RELEASE.jar:2.2.6.RELEASE]
	at org.springframework.cloud.client.serviceregistry.AbstractAutoServiceRegistration.stop(AbstractAutoServiceRegistration.java:271) [spring-cloud-commons-2.2.6.RELEASE.jar:2.2.6.RELEASE]
	at org.springframework.cloud.client.serviceregistry.AbstractAutoServiceRegistration.destroy(AbstractAutoServiceRegistration.java:208) [spring-cloud-commons-2.2.6.RELEASE.jar:2.2.6.RELEASE]
	at sun.reflect.NativeMethodAccessorImpl.invoke0(Native Method) ~[?:1.8.0_201]
	at sun.reflect.NativeMethodAccessorImpl.invoke(NativeMethodAccessorImpl.java:62) ~[?:1.8.0_201]
	at sun.reflect.DelegatingMethodAccessorImpl.invoke(DelegatingMethodAccessorImpl.java:43) ~[?:1.8.0_201]
	at java.lang.reflect.Method.invoke(Method.java:498) ~[?:1.8.0_201]
	at org.springframework.beans.factory.annotation.InitDestroyAnnotationBeanPostProcessor$LifecycleElement.invoke(InitDestroyAnnotationBeanPostProcessor.java:389) [spring-beans-5.2.12.RELEASE.jar:5.2.12.RELEASE]
	at org.springframework.beans.factory.annotation.InitDestroyAnnotationBeanPostProcessor$LifecycleMetadata.invokeDestroyMethods(InitDestroyAnnotationBeanPostProcessor.java:347) [spring-beans-5.2.12.RELEASE.jar:5.2.12.RELEASE]
	at org.springframework.beans.factory.annotation.InitDestroyAnnotationBeanPostProcessor.postProcessBeforeDestruction(InitDestroyAnnotationBeanPostProcessor.java:177) [spring-beans-5.2.12.RELEASE.jar:5.2.12.RELEASE]
	at org.springframework.beans.factory.support.DisposableBeanAdapter.destroy(DisposableBeanAdapter.java:242) [spring-beans-5.2.12.RELEASE.jar:5.2.12.RELEASE]
	at org.springframework.beans.factory.support.DefaultSingletonBeanRegistry.destroyBean(DefaultSingletonBeanRegistry.java:587) [spring-beans-5.2.12.RELEASE.jar:5.2.12.RELEASE]
	at org.springframework.beans.factory.support.DefaultSingletonBeanRegistry.destroySingleton(DefaultSingletonBeanRegistry.java:559) [spring-beans-5.2.12.RELEASE.jar:5.2.12.RELEASE]
	at org.springframework.beans.factory.support.DefaultListableBeanFactory.destroySingleton(DefaultListableBeanFactory.java:1092) [spring-beans-5.2.12.RELEASE.jar:5.2.12.RELEASE]
	at org.springframework.beans.factory.support.DefaultSingletonBeanRegistry.destroySingletons(DefaultSingletonBeanRegistry.java:520) [spring-beans-5.2.12.RELEASE.jar:5.2.12.RELEASE]
	at org.springframework.beans.factory.support.DefaultListableBeanFactory.destroySingletons(DefaultListableBeanFactory.java:1085) [spring-beans-5.2.12.RELEASE.jar:5.2.12.RELEASE]
	at org.springframework.context.support.AbstractApplicationContext.destroyBeans(AbstractApplicationContext.java:1061) [spring-context-5.2.12.RELEASE.jar:5.2.12.RELEASE]
	at org.springframework.context.support.AbstractApplicationContext.doClose(AbstractApplicationContext.java:1030) [spring-context-5.2.12.RELEASE.jar:5.2.12.RELEASE]
	at org.springframework.boot.web.servlet.context.ServletWebServerApplicationContext.doClose(ServletWebServerApplicationContext.java:170) [spring-boot-2.3.7.RELEASE.jar:2.3.7.RELEASE]
	at org.springframework.context.support.AbstractApplicationContext$1.run(AbstractApplicationContext.java:949) [spring-context-5.2.12.RELEASE.jar:5.2.12.RELEASE]
