[14:45:23:280] [WARN] - com.alibaba.nacos.common.http.HttpClientBeanHolder.shutdown(HttpClientBeanHolder.java:108) - [HttpClientBeanHolder] Start destroying common HttpClient
[14:45:23:279] [WARN] - com.alibaba.nacos.common.notify.NotifyCenter.shutdown(NotifyCenter.java:145) - [NotifyCenter] Start destroying Publisher
[14:45:23:280] [WARN] - com.alibaba.nacos.common.notify.NotifyCenter.shutdown(NotifyCenter.java:162) - [NotifyCenter] Destruction of the end
[14:45:23:281] [WARN] - com.alibaba.nacos.common.http.HttpClientBeanHolder.shutdown(HttpClientBeanHolder.java:114) - [HttpClientBeanHolder] Destruction of the end
[14:45:23:323] [WARN] - com.alibaba.nacos.common.notify.NotifyCenter.shutdown(NotifyCenter.java:145) - [NotifyCenter] Start destroying Publisher
[14:45:23:324] [WARN] - com.alibaba.nacos.common.http.HttpClientBeanHolder.shutdown(HttpClientBeanHolder.java:108) - [HttpClientBeanHolder] Start destroying common HttpClient
[14:45:23:324] [WARN] - com.alibaba.nacos.common.notify.NotifyCenter.shutdown(NotifyCenter.java:162) - [NotifyCenter] Destruction of the end
[14:45:23:325] [WARN] - com.alibaba.nacos.common.http.HttpClientBeanHolder.shutdown(HttpClientBeanHolder.java:114) - [HttpClientBeanHolder] Destruction of the end
[14:45:23:490] [INFO] - org.springframework.scheduling.concurrent.ExecutorConfigurationSupport.shutdown(ExecutorConfigurationSupport.java:218) - Shutting down ExecutorService 'Nacos-Watch-Task-Scheduler'
[14:45:23:498] [INFO] - com.alibaba.cloud.nacos.registry.NacosServiceRegistry.deregister(NacosServiceRegistry.java:94) - De-registering from Nacos Server now...
[14:45:23:502] [INFO] - com.alibaba.cloud.nacos.registry.NacosServiceRegistry.deregister(NacosServiceRegistry.java:114) - De-registration finished.
[14:45:23:513] [INFO] - org.springframework.scheduling.concurrent.ExecutorConfigurationSupport.shutdown(ExecutorConfigurationSupport.java:218) - Shutting down ExecutorService 'Nacos-Watch-Task-Scheduler'
[14:45:23:529] [INFO] - com.alibaba.cloud.nacos.registry.NacosServiceRegistry.deregister(NacosServiceRegistry.java:94) - De-registering from Nacos Server now...
[14:45:23:529] [INFO] - com.alibaba.cloud.nacos.registry.NacosServiceRegistry.deregister(NacosServiceRegistry.java:114) - De-registration finished.
[14:45:23:592] [INFO] - org.springframework.scheduling.concurrent.ExecutorConfigurationSupport.shutdown(ExecutorConfigurationSupport.java:218) - Shutting down ExecutorService 'Nacos-Watch-Task-Scheduler'
[14:45:23:600] [INFO] - com.alibaba.cloud.nacos.registry.NacosServiceRegistry.deregister(NacosServiceRegistry.java:94) - De-registering from Nacos Server now...
[14:45:23:600] [INFO] - com.alibaba.cloud.nacos.registry.NacosServiceRegistry.deregister(NacosServiceRegistry.java:114) - De-registration finished.
[14:45:23:620] [INFO] - org.springframework.scheduling.concurrent.ExecutorConfigurationSupport.shutdown(ExecutorConfigurationSupport.java:218) - Shutting down ExecutorService 'Nacos-Watch-Task-Scheduler'
[14:45:23:632] [INFO] - com.alibaba.cloud.nacos.registry.NacosServiceRegistry.deregister(NacosServiceRegistry.java:94) - De-registering from Nacos Server now...
[14:45:23:632] [INFO] - com.alibaba.cloud.nacos.registry.NacosServiceRegistry.deregister(NacosServiceRegistry.java:114) - De-registration finished.
[14:45:27:983] [INFO] - org.springframework.amqp.rabbit.listener.SimpleMessageListenerContainer.doShutdown(SimpleMessageListenerContainer.java:646) - Waiting for workers to finish.
[14:45:27:983] [INFO] - org.springframework.amqp.rabbit.listener.SimpleMessageListenerContainer.doShutdown(SimpleMessageListenerContainer.java:649) - Successfully waited for workers to finish.
[14:45:28:125] [INFO] - org.springframework.scheduling.concurrent.ExecutorConfigurationSupport.shutdown(ExecutorConfigurationSupport.java:218) - Shutting down ExecutorService 'Nacos-Watch-Task-Scheduler'
[14:45:28:136] [INFO] - com.alibaba.cloud.nacos.registry.NacosServiceRegistry.deregister(NacosServiceRegistry.java:94) - De-registering from Nacos Server now...
[14:45:28:138] [INFO] - com.alibaba.cloud.nacos.registry.NacosServiceRegistry.deregister(NacosServiceRegistry.java:114) - De-registration finished.
[14:45:29:945] [WARN] - org.springframework.beans.factory.support.DisposableBeanAdapter.invokeCustomDestroyMethod(DisposableBeanAdapter.java:349) - Destroy method 'close' on bean with name 'nacosServiceRegistry' threw an exception: java.lang.NullPointerException
[14:45:29:947] [INFO] - org.springframework.scheduling.concurrent.ExecutorConfigurationSupport.shutdown(ExecutorConfigurationSupport.java:218) - Shutting down ExecutorService 'applicationTaskExecutor'
[14:45:29:982] [INFO] - com.alibaba.druid.pool.DruidDataSource.close(DruidDataSource.java:2071) - {dataSource-1} closing ...
[14:45:29:983] [INFO] - com.alibaba.druid.pool.DruidDataSource.close(DruidDataSource.java:2144) - {dataSource-1} closed
[14:45:32:517] [WARN] - org.springframework.beans.factory.support.DisposableBeanAdapter.invokeCustomDestroyMethod(DisposableBeanAdapter.java:349) - Destroy method 'close' on bean with name 'nacosServiceRegistry' threw an exception: java.lang.NullPointerException
[14:45:32:519] [INFO] - org.springframework.scheduling.concurrent.ExecutorConfigurationSupport.shutdown(ExecutorConfigurationSupport.java:218) - Shutting down ExecutorService 'applicationTaskExecutor'
[14:45:32:542] [INFO] - com.alibaba.druid.pool.DruidDataSource.close(DruidDataSource.java:2071) - {dataSource-1} closing ...
[14:45:32:543] [INFO] - com.alibaba.druid.pool.DruidDataSource.close(DruidDataSource.java:2144) - {dataSource-1} closed
[14:45:32:572] [INFO] - org.springframework.scheduling.concurrent.ExecutorConfigurationSupport.shutdown(ExecutorConfigurationSupport.java:218) - Shutting down ExecutorService 'applicationTaskExecutor'
[14:45:32:575] [WARN] - org.springframework.beans.factory.support.DisposableBeanAdapter.invokeCustomDestroyMethod(DisposableBeanAdapter.java:349) - Destroy method 'close' on bean with name 'nacosServiceRegistry' threw an exception: java.lang.NullPointerException
[14:45:32:580] [INFO] - com.alibaba.druid.pool.DruidDataSource.close(DruidDataSource.java:2071) - {dataSource-1} closing ...
[14:45:32:581] [INFO] - com.alibaba.druid.pool.DruidDataSource.close(DruidDataSource.java:2144) - {dataSource-1} closed
[14:45:32:604] [WARN] - org.springframework.beans.factory.support.DisposableBeanAdapter.invokeCustomDestroyMethod(DisposableBeanAdapter.java:349) - Destroy method 'close' on bean with name 'nacosServiceRegistry' threw an exception: java.lang.NullPointerException
[14:45:32:606] [INFO] - org.springframework.scheduling.concurrent.ExecutorConfigurationSupport.shutdown(ExecutorConfigurationSupport.java:218) - Shutting down ExecutorService 'applicationTaskExecutor'
[14:45:32:633] [INFO] - com.alibaba.druid.pool.DruidDataSource.close(DruidDataSource.java:2071) - {dataSource-1} closing ...
[14:45:32:634] [INFO] - com.alibaba.druid.pool.DruidDataSource.close(DruidDataSource.java:2144) - {dataSource-1} closed
[14:45:36:256] [WARN] - org.springframework.beans.factory.support.DisposableBeanAdapter.invokeCustomDestroyMethod(DisposableBeanAdapter.java:349) - Destroy method 'close' on bean with name 'nacosServiceRegistry' threw an exception: java.lang.NullPointerException
[14:45:36:258] [INFO] - org.springframework.scheduling.concurrent.ExecutorConfigurationSupport.shutdown(ExecutorConfigurationSupport.java:218) - Shutting down ExecutorService 'applicationTaskExecutor'
[14:45:36:314] [INFO] - org.springframework.amqp.rabbit.listener.AbstractMessageListenerContainer.shutdown(AbstractMessageListenerContainer.java:1260) - Shutdown ignored - container is not active already
[14:45:36:319] [INFO] - com.alibaba.druid.pool.DruidDataSource.close(DruidDataSource.java:2071) - {dataSource-1} closing ...
[14:45:36:320] [INFO] - com.alibaba.druid.pool.DruidDataSource.close(DruidDataSource.java:2144) - {dataSource-1} closed
