[15:00:40:331] [WARN] - com.alibaba.nacos.common.notify.NotifyCenter.shutdown(NotifyCenter.java:145) - [NotifyCenter] Start destroying Publisher
[15:00:40:331] [WARN] - com.alibaba.nacos.common.http.HttpClientBeanHolder.shutdown(HttpClientBeanHolder.java:108) - [HttpClientBeanHolder] Start destroying common HttpClient
[15:00:40:331] [WARN] - com.alibaba.nacos.common.notify.NotifyCenter.shutdown(NotifyCenter.java:162) - [NotifyCenter] Destruction of the end
[15:00:40:332] [WARN] - com.alibaba.nacos.common.http.HttpClientBeanHolder.shutdown(HttpClientBeanHolder.java:114) - [HttpClientBeanHolder] Destruction of the end
[15:00:40:539] [INFO] - org.springframework.scheduling.concurrent.ExecutorConfigurationSupport.shutdown(ExecutorConfigurationSupport.java:218) - Shutting down ExecutorService 'Nacos-Watch-Task-Scheduler'
[15:00:40:541] [DEBUG] - org.apache.http.impl.nio.conn.PoolingNHttpClientConnectionManager.shutdown(PoolingNHttpClientConnectionManager.java:232) - Connection manager is shutting down
[15:00:40:543] [DEBUG] - org.apache.http.impl.nio.conn.PoolingNHttpClientConnectionManager.shutdown(PoolingNHttpClientConnectionManager.java:234) - Connection manager shut down
[15:00:40:544] [INFO] - com.alibaba.cloud.nacos.registry.NacosServiceRegistry.deregister(NacosServiceRegistry.java:94) - De-registering from Nacos Server now...
[15:00:40:549] [INFO] - com.alibaba.cloud.nacos.registry.NacosServiceRegistry.deregister(NacosServiceRegistry.java:114) - De-registration finished.
[15:00:41:117] [DEBUG] - com.alibaba.nacos.common.notify.DefaultPublisher.notifySubscriber(DefaultPublisher.java:193) - [NotifyCenter] the com.alibaba.nacos.client.naming.event.InstancesChangeEvent@7b428273 will received by com.alibaba.nacos.client.naming.event.InstancesChangeNotifier@5e6522a6
[15:00:49:457] [WARN] - org.springframework.beans.factory.support.DisposableBeanAdapter.invokeCustomDestroyMethod(DisposableBeanAdapter.java:349) - Destroy method 'close' on bean with name 'nacosServiceRegistry' threw an exception: java.lang.NullPointerException
[15:00:49:458] [INFO] - org.springframework.scheduling.concurrent.ExecutorConfigurationSupport.shutdown(ExecutorConfigurationSupport.java:218) - Shutting down ExecutorService 'applicationTaskExecutor'
[15:00:49:462] [DEBUG] - io.lettuce.core.AbstractRedisClient.shutdownAsync(AbstractRedisClient.java:474) - Initiate shutdown (100, 100, MILLISECONDS)
[15:00:49:471] [DEBUG] - io.lettuce.core.resource.DefaultClientResources.shutdown(DefaultClientResources.java:631) - Initiate shutdown (0, 2, SECONDS)
[15:00:49:474] [DEBUG] - io.lettuce.core.resource.DefaultEventLoopGroupProvider.shutdown(DefaultEventLoopGroupProvider.java:263) - Initiate shutdown (0, 2, SECONDS)
[15:00:49:487] [INFO] - com.alibaba.druid.pool.DruidDataSource.close(DruidDataSource.java:2071) - {dataSource-1} closing ...
[15:00:49:488] [INFO] - com.alibaba.druid.pool.DruidDataSource.close(DruidDataSource.java:2144) - {dataSource-1} closed
[15:00:57:013] [INFO] - org.springframework.boot.SpringApplication.logStartupProfileInfo(SpringApplication.java:651) - No active profile set, falling back to default profiles: default
[15:00:58:075] [INFO] - org.springframework.data.repository.config.RepositoryConfigurationDelegate.multipleStoresDetected(RepositoryConfigurationDelegate.java:249) - Multiple Spring Data modules found, entering strict repository configuration mode!
[15:00:58:079] [INFO] - org.springframework.data.repository.config.RepositoryConfigurationDelegate.registerRepositoriesIn(RepositoryConfigurationDelegate.java:127) - Bootstrapping Spring Data Redis repositories in DEFAULT mode.
[15:00:58:118] [INFO] - org.springframework.data.repository.config.RepositoryConfigurationDelegate.registerRepositoriesIn(RepositoryConfigurationDelegate.java:187) - Finished Spring Data repository scanning in 20ms. Found 0 Redis repository interfaces.
[15:00:58:320] [DEBUG] - org.apache.ibatis.logging.LogFactory.setImplementation(LogFactory.java:105) - Logging initialized using 'class org.apache.ibatis.logging.slf4j.Slf4jImpl' adapter.
[15:00:58:447] [INFO] - org.springframework.cloud.context.scope.GenericScope.setSerializationId(GenericScope.java:295) - BeanFactory id=141bfa2d-bd16-3c50-92ce-a95b82fe2402
[15:00:58:956] [INFO] - org.springframework.boot.web.embedded.tomcat.TomcatWebServer.initialize(TomcatWebServer.java:108) - Tomcat initialized with port(s): 10001 (http)
[15:00:58:968] [INFO] - org.apache.juli.logging.DirectJDKLog.log(DirectJDKLog.java:173) - Initializing ProtocolHandler ["http-nio-10001"]
[15:00:58:969] [INFO] - org.apache.juli.logging.DirectJDKLog.log(DirectJDKLog.java:173) - Starting service [Tomcat]
[15:00:58:970] [INFO] - org.apache.juli.logging.DirectJDKLog.log(DirectJDKLog.java:173) - Starting Servlet engine: [Apache Tomcat/9.0.41]
[15:00:59:128] [INFO] - org.apache.juli.logging.DirectJDKLog.log(DirectJDKLog.java:173) - Initializing Spring embedded WebApplicationContext
[15:00:59:128] [INFO] - org.springframework.boot.web.servlet.context.ServletWebServerApplicationContext.prepareWebApplicationContext(ServletWebServerApplicationContext.java:285) - Root WebApplicationContext: initialization completed in 2083 ms
[15:00:59:265] [INFO] - com.alibaba.druid.spring.boot.autoconfigure.DruidDataSourceAutoConfigure.dataSource(DruidDataSourceAutoConfigure.java:56) - Init DruidDataSource
[15:00:59:378] [INFO] - com.alibaba.druid.pool.DruidDataSource.init(DruidDataSource.java:998) - {dataSource-1} inited
[15:00:59:452] [DEBUG] - org.mybatis.logging.Logger.debug(Logger.java:49) - Registered plugin: 'com.baomidou.mybatisplus.extension.plugins.MybatisPlusInterceptor@2b148329'
[15:00:59:572] [DEBUG] - com.baomidou.mybatisplus.core.MybatisConfiguration.addMappedStatement(MybatisConfiguration.java:128) - addMappedStatement: com.ustcsse.parking.mapper.ParkingMapper.insert
[15:00:59:579] [DEBUG] - com.baomidou.mybatisplus.core.MybatisConfiguration.addMappedStatement(MybatisConfiguration.java:128) - addMappedStatement: com.ustcsse.parking.mapper.ParkingMapper.delete
[15:00:59:582] [DEBUG] - com.baomidou.mybatisplus.core.MybatisConfiguration.addMappedStatement(MybatisConfiguration.java:128) - addMappedStatement: com.ustcsse.parking.mapper.ParkingMapper.deleteByMap
[15:00:59:609] [DEBUG] - com.baomidou.mybatisplus.core.MybatisConfiguration.addMappedStatement(MybatisConfiguration.java:128) - addMappedStatement: com.ustcsse.parking.mapper.ParkingMapper.deleteById
[15:00:59:611] [DEBUG] - com.baomidou.mybatisplus.core.MybatisConfiguration.addMappedStatement(MybatisConfiguration.java:128) - addMappedStatement: com.ustcsse.parking.mapper.ParkingMapper.deleteBatchIds
[15:00:59:616] [DEBUG] - com.baomidou.mybatisplus.core.MybatisConfiguration.addMappedStatement(MybatisConfiguration.java:128) - addMappedStatement: com.ustcsse.parking.mapper.ParkingMapper.update
[15:00:59:620] [DEBUG] - com.baomidou.mybatisplus.core.MybatisConfiguration.addMappedStatement(MybatisConfiguration.java:128) - addMappedStatement: com.ustcsse.parking.mapper.ParkingMapper.updateById
[15:00:59:621] [DEBUG] - com.baomidou.mybatisplus.core.MybatisConfiguration.addMappedStatement(MybatisConfiguration.java:128) - addMappedStatement: com.ustcsse.parking.mapper.ParkingMapper.selectById
[15:00:59:624] [DEBUG] - com.baomidou.mybatisplus.core.MybatisConfiguration.addMappedStatement(MybatisConfiguration.java:128) - addMappedStatement: com.ustcsse.parking.mapper.ParkingMapper.selectBatchIds
[15:00:59:628] [DEBUG] - com.baomidou.mybatisplus.core.MybatisConfiguration.addMappedStatement(MybatisConfiguration.java:128) - addMappedStatement: com.ustcsse.parking.mapper.ParkingMapper.selectByMap
[15:00:59:631] [DEBUG] - com.baomidou.mybatisplus.core.MybatisConfiguration.addMappedStatement(MybatisConfiguration.java:128) - addMappedStatement: com.ustcsse.parking.mapper.ParkingMapper.selectOne
[15:00:59:635] [DEBUG] - com.baomidou.mybatisplus.core.MybatisConfiguration.addMappedStatement(MybatisConfiguration.java:128) - addMappedStatement: com.ustcsse.parking.mapper.ParkingMapper.selectCount
[15:00:59:639] [DEBUG] - com.baomidou.mybatisplus.core.MybatisConfiguration.addMappedStatement(MybatisConfiguration.java:128) - addMappedStatement: com.ustcsse.parking.mapper.ParkingMapper.selectMaps
[15:00:59:642] [DEBUG] - com.baomidou.mybatisplus.core.MybatisConfiguration.addMappedStatement(MybatisConfiguration.java:128) - addMappedStatement: com.ustcsse.parking.mapper.ParkingMapper.selectMapsPage
[15:00:59:644] [DEBUG] - com.baomidou.mybatisplus.core.MybatisConfiguration.addMappedStatement(MybatisConfiguration.java:128) - addMappedStatement: com.ustcsse.parking.mapper.ParkingMapper.selectObjs
[15:00:59:647] [DEBUG] - com.baomidou.mybatisplus.core.MybatisConfiguration.addMappedStatement(MybatisConfiguration.java:128) - addMappedStatement: com.ustcsse.parking.mapper.ParkingMapper.selectList
[15:00:59:650] [DEBUG] - com.baomidou.mybatisplus.core.MybatisConfiguration.addMappedStatement(MybatisConfiguration.java:128) - addMappedStatement: com.ustcsse.parking.mapper.ParkingMapper.selectPage
[15:00:59:650] [DEBUG] - org.mybatis.logging.Logger.debug(Logger.java:49) - Parsed mapper file: 'file [D:\CodeRepositery\Java\car-park-master\car-park-master-parking\target\classes\com\ustcsse\parking\mapper\ParkingMapper.xml]'
[15:01:00:388] [DEBUG] - io.netty.util.internal.logging.InternalLoggerFactory.newDefaultFactory(InternalLoggerFactory.java:45) - Using SLF4J as the default logging framework
[15:01:00:392] [DEBUG] - io.lettuce.core.resource.DefaultClientResources.<clinit>(DefaultClientResources.java:108) - -Dio.netty.eventLoopThreads: 16
[15:01:00:408] [DEBUG] - io.lettuce.core.resource.DefaultEventLoopGroupProvider.createEventLoopGroup(DefaultEventLoopGroupProvider.java:196) - Creating executor io.netty.util.concurrent.DefaultEventExecutorGroup
[15:01:00:437] [DEBUG] - io.netty.util.internal.InternalThreadLocalMap.<clinit>(InternalThreadLocalMap.java:56) - -Dio.netty.threadLocalMap.stringBuilder.initialSize: 1024
[15:01:00:437] [DEBUG] - io.netty.util.internal.InternalThreadLocalMap.<clinit>(InternalThreadLocalMap.java:59) - -Dio.netty.threadLocalMap.stringBuilder.maxSize: 4096
[15:01:00:447] [DEBUG] - io.netty.util.ResourceLeakDetector.<clinit>(ResourceLeakDetector.java:129) - -Dio.netty.leakDetection.level: simple
[15:01:00:447] [DEBUG] - io.netty.util.ResourceLeakDetector.<clinit>(ResourceLeakDetector.java:130) - -Dio.netty.leakDetection.targetRecords: 4
[15:01:00:450] [DEBUG] - io.netty.util.ResourceLeakDetectorFactory$DefaultResourceLeakDetectorFactory.newResourceLeakDetector(ResourceLeakDetectorFactory.java:196) - Loaded default ResourceLeakDetector: io.netty.util.ResourceLeakDetector@34045582
[15:01:00:454] [DEBUG] - io.netty.util.internal.PlatformDependent.isWindows0(PlatformDependent.java:1036) - Platform: Windows
[15:01:00:456] [DEBUG] - io.netty.util.internal.PlatformDependent0.explicitNoUnsafeCause0(PlatformDependent0.java:417) - -Dio.netty.noUnsafe: false
[15:01:00:457] [DEBUG] - io.netty.util.internal.PlatformDependent0.javaVersion0(PlatformDependent0.java:897) - Java version: 8
[15:01:00:458] [DEBUG] - io.netty.util.internal.PlatformDependent0.<clinit>(PlatformDependent0.java:130) - sun.misc.Unsafe.theUnsafe: available
[15:01:00:459] [DEBUG] - io.netty.util.internal.PlatformDependent0.<clinit>(PlatformDependent0.java:154) - sun.misc.Unsafe.copyMemory: available
[15:01:00:460] [DEBUG] - io.netty.util.internal.PlatformDependent0.<clinit>(PlatformDependent0.java:192) - java.nio.Buffer.address: available
[15:01:00:463] [DEBUG] - io.netty.util.internal.PlatformDependent0.<clinit>(PlatformDependent0.java:257) - direct buffer constructor: available
[15:01:00:464] [DEBUG] - io.netty.util.internal.PlatformDependent0.<clinit>(PlatformDependent0.java:331) - java.nio.Bits.unaligned: available, true
[15:01:00:465] [DEBUG] - io.netty.util.internal.PlatformDependent0.<clinit>(PlatformDependent0.java:396) - jdk.internal.misc.Unsafe.allocateUninitializedArray(int): unavailable prior to Java9
[15:01:00:465] [DEBUG] - io.netty.util.internal.PlatformDependent0.<clinit>(PlatformDependent0.java:403) - java.nio.DirectByteBuffer.<init>(long, int): available
[15:01:00:466] [DEBUG] - io.netty.util.internal.PlatformDependent.unsafeUnavailabilityCause0(PlatformDependent.java:1079) - sun.misc.Unsafe: available
[15:01:00:466] [DEBUG] - io.netty.util.internal.PlatformDependent.tmpdir0(PlatformDependent.java:1200) - -Dio.netty.tmpdir: C:\Users\LONGIS~1\AppData\Local\Temp (java.io.tmpdir)
[15:01:00:467] [DEBUG] - io.netty.util.internal.PlatformDependent.bitMode0(PlatformDependent.java:1279) - -Dio.netty.bitMode: 64 (sun.arch.data.model)
[15:01:00:470] [DEBUG] - io.netty.util.internal.PlatformDependent.<clinit>(PlatformDependent.java:177) - -Dio.netty.maxDirectMemory: 3666870272 bytes
[15:01:00:470] [DEBUG] - io.netty.util.internal.PlatformDependent.<clinit>(PlatformDependent.java:184) - -Dio.netty.uninitializedArrayAllocationThreshold: -1
[15:01:00:472] [DEBUG] - io.netty.util.internal.CleanerJava6.<clinit>(CleanerJava6.java:92) - java.nio.ByteBuffer.cleaner(): available
[15:01:00:472] [DEBUG] - io.netty.util.internal.PlatformDependent.<clinit>(PlatformDependent.java:204) - -Dio.netty.noPreferDirect: false
[15:01:00:474] [DEBUG] - io.netty.util.internal.PlatformDependent$Mpsc.<clinit>(PlatformDependent.java:940) - org.jctools-core.MpscChunkedArrayQueue: available
[15:01:00:498] [DEBUG] - reactor.util.Loggers$Slf4JLogger.debug(Loggers.java:249) - Using Slf4j logging framework
[15:01:00:554] [DEBUG] - io.lettuce.core.resource.DefaultClientResources.<init>(DefaultClientResources.java:204) - LatencyUtils/HdrUtils are not available, metrics are disabled
[15:01:00:641] [DEBUG] - io.netty.buffer.PooledByteBufAllocator.<clinit>(PooledByteBufAllocator.java:154) - -Dio.netty.allocator.numHeapArenas: 32
[15:01:00:641] [DEBUG] - io.netty.buffer.PooledByteBufAllocator.<clinit>(PooledByteBufAllocator.java:155) - -Dio.netty.allocator.numDirectArenas: 32
[15:01:00:642] [DEBUG] - io.netty.buffer.PooledByteBufAllocator.<clinit>(PooledByteBufAllocator.java:157) - -Dio.netty.allocator.pageSize: 8192
[15:01:00:642] [DEBUG] - io.netty.buffer.PooledByteBufAllocator.<clinit>(PooledByteBufAllocator.java:162) - -Dio.netty.allocator.maxOrder: 11
[15:01:00:642] [DEBUG] - io.netty.buffer.PooledByteBufAllocator.<clinit>(PooledByteBufAllocator.java:166) - -Dio.netty.allocator.chunkSize: 16777216
[15:01:00:642] [DEBUG] - io.netty.buffer.PooledByteBufAllocator.<clinit>(PooledByteBufAllocator.java:167) - -Dio.netty.allocator.smallCacheSize: 256
[15:01:00:642] [DEBUG] - io.netty.buffer.PooledByteBufAllocator.<clinit>(PooledByteBufAllocator.java:168) - -Dio.netty.allocator.normalCacheSize: 64
[15:01:00:642] [DEBUG] - io.netty.buffer.PooledByteBufAllocator.<clinit>(PooledByteBufAllocator.java:169) - -Dio.netty.allocator.maxCachedBufferCapacity: 32768
[15:01:00:642] [DEBUG] - io.netty.buffer.PooledByteBufAllocator.<clinit>(PooledByteBufAllocator.java:170) - -Dio.netty.allocator.cacheTrimInterval: 8192
[15:01:00:643] [DEBUG] - io.netty.buffer.PooledByteBufAllocator.<clinit>(PooledByteBufAllocator.java:171) - -Dio.netty.allocator.cacheTrimIntervalMillis: 0
[15:01:00:643] [DEBUG] - io.netty.buffer.PooledByteBufAllocator.<clinit>(PooledByteBufAllocator.java:172) - -Dio.netty.allocator.useCacheForAllThreads: true
[15:01:00:643] [DEBUG] - io.netty.buffer.PooledByteBufAllocator.<clinit>(PooledByteBufAllocator.java:173) - -Dio.netty.allocator.maxCachedByteBuffersPerChunk: 1023
[15:01:01:197] [DEBUG] - springfox.documentation.spring.web.PropertySourcedRequestMappingHandlerMapping.initHandlerMethods(PropertySourcedRequestMappingHandlerMapping.java:54) - initialising the handler methods
[15:01:01:199] [INFO] - springfox.documentation.spring.web.PropertySourcedRequestMappingHandlerMapping.initHandlerMethods(PropertySourcedRequestMappingHandlerMapping.java:69) - Mapped URL path [/v2/api-docs] onto method [springfox.documentation.swagger2.web.Swagger2Controller#getDocumentation(String, HttpServletRequest)]
[15:01:01:247] [WARN] - com.netflix.config.sources.URLConfigurationSource.<init>(URLConfigurationSource.java:121) - No URLs will be polled as dynamic configuration sources.
[15:01:01:248] [INFO] - com.netflix.config.sources.URLConfigurationSource.<init>(URLConfigurationSource.java:122) - To enable URLs as dynamic configuration sources, define System property archaius.configurationSource.additionalUrls or make config.properties available on classpath.
[15:01:01:256] [WARN] - com.netflix.config.sources.URLConfigurationSource.<init>(URLConfigurationSource.java:121) - No URLs will be polled as dynamic configuration sources.
[15:01:01:256] [INFO] - com.netflix.config.sources.URLConfigurationSource.<init>(URLConfigurationSource.java:122) - To enable URLs as dynamic configuration sources, define System property archaius.configurationSource.additionalUrls or make config.properties available on classpath.
[15:01:01:284] [DEBUG] - org.hibernate.validator.messageinterpolation.ResourceBundleMessageInterpolator.buildExpressionFactory(ResourceBundleMessageInterpolator.java:172) - Loaded expression factory via original TCCL
[15:01:01:287] [DEBUG] - org.hibernate.validator.internal.engine.AbstractConfigurationImpl.messageInterpolator(AbstractConfigurationImpl.java:171) - Setting custom MessageInterpolator of type org.springframework.validation.beanvalidation.LocaleContextMessageInterpolator
[15:01:01:288] [DEBUG] - org.hibernate.validator.internal.engine.AbstractConfigurationImpl.constraintValidatorFactory(AbstractConfigurationImpl.java:203) - Setting custom ConstraintValidatorFactory of type org.springframework.validation.beanvalidation.SpringConstraintValidatorFactory
[15:01:01:289] [DEBUG] - org.hibernate.validator.internal.engine.AbstractConfigurationImpl.parameterNameProvider(AbstractConfigurationImpl.java:217) - Setting custom ParameterNameProvider of type org.springframework.validation.beanvalidation.LocalValidatorFactoryBean$1
[15:01:01:290] [DEBUG] - org.hibernate.validator.internal.xml.config.ValidationXmlParser.getValidationXmlInputStream(ValidationXmlParser.java:120) - Trying to load META-INF/validation.xml for XML based Validator configuration.
[15:01:01:291] [DEBUG] - org.hibernate.validator.internal.xml.config.ResourceLoaderHelper.getResettableInputStreamForPath(ResourceLoaderHelper.java:53) - Trying to load META-INF/validation.xml via user class loader
[15:01:01:291] [DEBUG] - org.hibernate.validator.internal.xml.config.ResourceLoaderHelper.getResettableInputStreamForPath(ResourceLoaderHelper.java:60) - Trying to load META-INF/validation.xml via TCCL
[15:01:01:292] [DEBUG] - org.hibernate.validator.internal.xml.config.ResourceLoaderHelper.getResettableInputStreamForPath(ResourceLoaderHelper.java:66) - Trying to load META-INF/validation.xml via Hibernate Validator's class loader
[15:01:01:292] [DEBUG] - org.hibernate.validator.internal.xml.config.ValidationXmlParser.getValidationXmlInputStream(ValidationXmlParser.java:127) - No META-INF/validation.xml found. Using annotation based configuration only.
[15:01:01:293] [DEBUG] - org.hibernate.validator.internal.engine.resolver.TraversableResolvers.getDefault(TraversableResolvers.java:60) - Cannot find javax.persistence.Persistence on classpath. Assuming non JPA 2 environment. All properties will per default be traversable.
[15:01:01:295] [DEBUG] - org.hibernate.validator.internal.engine.ValidatorFactoryConfigurationHelper.determinePropertyNodeNameProvider(ValidatorFactoryConfigurationHelper.java:300) - HV000252: Using org.hibernate.validator.internal.engine.DefaultPropertyNodeNameProvider as property node name provider.
[15:01:01:295] [DEBUG] - org.hibernate.validator.internal.engine.ValidatorFactoryConfigurationHelper.logValidatorFactoryScopedConfiguration(ValidatorFactoryConfigurationHelper.java:375) - HV000234: Using org.springframework.validation.beanvalidation.LocaleContextMessageInterpolator as ValidatorFactory-scoped message interpolator.
[15:01:01:295] [DEBUG] - org.hibernate.validator.internal.engine.ValidatorFactoryConfigurationHelper.logValidatorFactoryScopedConfiguration(ValidatorFactoryConfigurationHelper.java:376) - HV000234: Using org.hibernate.validator.internal.engine.resolver.TraverseAllTraversableResolver as ValidatorFactory-scoped traversable resolver.
[15:01:01:295] [DEBUG] - org.hibernate.validator.internal.engine.ValidatorFactoryConfigurationHelper.logValidatorFactoryScopedConfiguration(ValidatorFactoryConfigurationHelper.java:377) - HV000234: Using org.hibernate.validator.internal.util.ExecutableParameterNameProvider as ValidatorFactory-scoped parameter name provider.
[15:01:01:296] [DEBUG] - org.hibernate.validator.internal.engine.ValidatorFactoryConfigurationHelper.logValidatorFactoryScopedConfiguration(ValidatorFactoryConfigurationHelper.java:378) - HV000234: Using org.hibernate.validator.internal.engine.DefaultClockProvider as ValidatorFactory-scoped clock provider.
[15:01:01:296] [DEBUG] - org.hibernate.validator.internal.engine.ValidatorFactoryConfigurationHelper.logValidatorFactoryScopedConfiguration(ValidatorFactoryConfigurationHelper.java:379) - HV000234: Using org.hibernate.validator.internal.engine.scripting.DefaultScriptEvaluatorFactory as ValidatorFactory-scoped script evaluator factory.
[15:01:01:417] [INFO] - org.springframework.scheduling.concurrent.ExecutorConfigurationSupport.initialize(ExecutorConfigurationSupport.java:181) - Initializing ExecutorService 'applicationTaskExecutor'
[15:01:02:792] [INFO] - org.springframework.cloud.commons.util.InetUtils.convertAddress(InetUtils.java:170) - Cannot determine local hostname
[15:01:02:797] [INFO] - org.springframework.scheduling.concurrent.ExecutorConfigurationSupport.initialize(ExecutorConfigurationSupport.java:181) - Initializing ExecutorService 'Nacos-Watch-Task-Scheduler'
[15:01:04:790] [INFO] - org.springframework.cloud.commons.util.InetUtils.convertAddress(InetUtils.java:170) - Cannot determine local hostname
[15:01:05:294] [INFO] - org.apache.juli.logging.DirectJDKLog.log(DirectJDKLog.java:173) - Starting ProtocolHandler ["http-nio-10001"]
[15:01:05:313] [INFO] - org.springframework.boot.web.embedded.tomcat.TomcatWebServer.start(TomcatWebServer.java:220) - Tomcat started on port(s): 10001 (http) with context path ''
[15:01:05:327] [INFO] - com.alibaba.cloud.nacos.registry.NacosServiceRegistry.register(NacosServiceRegistry.java:75) - nacos registry, DEFAULT_GROUP cpm-parking 192.168.108.1:10001 register finished
[15:01:06:165] [DEBUG] - com.alibaba.nacos.common.notify.DefaultPublisher.notifySubscriber(DefaultPublisher.java:193) - [NotifyCenter] the com.alibaba.nacos.client.naming.event.InstancesChangeEvent@6ed6d8c8 will received by com.alibaba.nacos.client.naming.event.InstancesChangeNotifier@5d32c1c7
[15:01:06:604] [INFO] - org.springframework.cloud.commons.util.InetUtils.convertAddress(InetUtils.java:170) - Cannot determine local hostname
[15:01:06:604] [INFO] - springfox.documentation.spring.web.plugins.DocumentationPluginsBootstrapper.start(DocumentationPluginsBootstrapper.java:160) - Context refreshed
[15:01:06:624] [INFO] - springfox.documentation.spring.web.plugins.DocumentationPluginsBootstrapper.start(DocumentationPluginsBootstrapper.java:163) - Found 1 custom documentation plugin(s)
[15:01:06:644] [DEBUG] - springfox.documentation.spring.web.plugins.DefaultRequestHandlerCombiner.combine(DefaultRequestHandlerCombiner.java:50) - Total number of request handlers 14
[15:01:06:645] [DEBUG] - springfox.documentation.spring.web.plugins.DefaultRequestHandlerCombiner.combine(DefaultRequestHandlerCombiner.java:52) - Adding key: [/error], WebMvcRequestHandler{key=RequestHandlerKey{pathMappings=[/error], supportedMethods=[], supportedMediaTypes=[], producibleMediaTypes=[]}}
[15:01:06:646] [DEBUG] - springfox.documentation.spring.web.plugins.DefaultRequestHandlerCombiner.combine(DefaultRequestHandlerCombiner.java:52) - Adding key: [/error], WebMvcRequestHandler{key=RequestHandlerKey{pathMappings=[/error], supportedMethods=[], supportedMediaTypes=[], producibleMediaTypes=[text/html]}}
[15:01:06:646] [DEBUG] - springfox.documentation.spring.web.plugins.DefaultRequestHandlerCombiner.combine(DefaultRequestHandlerCombiner.java:52) - Adding key: [/parking/add], WebMvcRequestHandler{key=RequestHandlerKey{pathMappings=[/parking/add], supportedMethods=[POST], supportedMediaTypes=[], producibleMediaTypes=[]}}
[15:01:06:646] [DEBUG] - springfox.documentation.spring.web.plugins.DefaultRequestHandlerCombiner.combine(DefaultRequestHandlerCombiner.java:52) - Adding key: [/parking/delete/{id}], WebMvcRequestHandler{key=RequestHandlerKey{pathMappings=[/parking/delete/{id}], supportedMethods=[DELETE], supportedMediaTypes=[], producibleMediaTypes=[]}}
[15:01:06:646] [DEBUG] - springfox.documentation.spring.web.plugins.DefaultRequestHandlerCombiner.combine(DefaultRequestHandlerCombiner.java:52) - Adding key: [/parking/getAll], WebMvcRequestHandler{key=RequestHandlerKey{pathMappings=[/parking/getAll], supportedMethods=[POST], supportedMediaTypes=[], producibleMediaTypes=[]}}
[15:01:06:647] [DEBUG] - springfox.documentation.spring.web.plugins.DefaultRequestHandlerCombiner.combine(DefaultRequestHandlerCombiner.java:52) - Adding key: [/parking/getById/{id}], WebMvcRequestHandler{key=RequestHandlerKey{pathMappings=[/parking/getById/{id}], supportedMethods=[GET], supportedMediaTypes=[], producibleMediaTypes=[]}}
[15:01:06:647] [DEBUG] - springfox.documentation.spring.web.plugins.DefaultRequestHandlerCombiner.combine(DefaultRequestHandlerCombiner.java:52) - Adding key: [/parking/getByParkingVo], WebMvcRequestHandler{key=RequestHandlerKey{pathMappings=[/parking/getByParkingVo], supportedMethods=[GET], supportedMediaTypes=[], producibleMediaTypes=[]}}
[15:01:06:647] [DEBUG] - springfox.documentation.spring.web.plugins.DefaultRequestHandlerCombiner.combine(DefaultRequestHandlerCombiner.java:52) - Adding key: [/parking/getParking], WebMvcRequestHandler{key=RequestHandlerKey{pathMappings=[/parking/getParking], supportedMethods=[POST], supportedMediaTypes=[], producibleMediaTypes=[]}}
[15:01:06:647] [DEBUG] - springfox.documentation.spring.web.plugins.DefaultRequestHandlerCombiner.combine(DefaultRequestHandlerCombiner.java:52) - Adding key: [/parking/parkingIn], WebMvcRequestHandler{key=RequestHandlerKey{pathMappings=[/parking/parkingIn], supportedMethods=[POST], supportedMediaTypes=[], producibleMediaTypes=[]}}
[15:01:06:647] [DEBUG] - springfox.documentation.spring.web.plugins.DefaultRequestHandlerCombiner.combine(DefaultRequestHandlerCombiner.java:52) - Adding key: [/parking/parkingOut], WebMvcRequestHandler{key=RequestHandlerKey{pathMappings=[/parking/parkingOut], supportedMethods=[POST], supportedMediaTypes=[], producibleMediaTypes=[]}}
[15:01:06:647] [DEBUG] - springfox.documentation.spring.web.plugins.DefaultRequestHandlerCombiner.combine(DefaultRequestHandlerCombiner.java:52) - Adding key: [/parking/update], WebMvcRequestHandler{key=RequestHandlerKey{pathMappings=[/parking/update], supportedMethods=[POST], supportedMediaTypes=[], producibleMediaTypes=[]}}
[15:01:06:647] [DEBUG] - springfox.documentation.spring.web.plugins.DefaultRequestHandlerCombiner.combine(DefaultRequestHandlerCombiner.java:52) - Adding key: [/swagger-resources/configuration/security], WebMvcRequestHandler{key=RequestHandlerKey{pathMappings=[/swagger-resources/configuration/security], supportedMethods=[], supportedMediaTypes=[], producibleMediaTypes=[]}}
[15:01:06:647] [DEBUG] - springfox.documentation.spring.web.plugins.DefaultRequestHandlerCombiner.combine(DefaultRequestHandlerCombiner.java:52) - Adding key: [/swagger-resources/configuration/ui], WebMvcRequestHandler{key=RequestHandlerKey{pathMappings=[/swagger-resources/configuration/ui], supportedMethods=[], supportedMediaTypes=[], producibleMediaTypes=[]}}
[15:01:06:647] [DEBUG] - springfox.documentation.spring.web.plugins.DefaultRequestHandlerCombiner.combine(DefaultRequestHandlerCombiner.java:52) - Adding key: [/swagger-resources], WebMvcRequestHandler{key=RequestHandlerKey{pathMappings=[/swagger-resources], supportedMethods=[], supportedMediaTypes=[], producibleMediaTypes=[]}}
[15:01:06:670] [DEBUG] - springfox.documentation.spring.web.plugins.DefaultRequestHandlerCombiner.combine(DefaultRequestHandlerCombiner.java:58) - Combined number of request handlers 14
[15:01:06:671] [INFO] - springfox.documentation.spring.web.scanners.ApiListingReferenceScanner.scan(ApiListingReferenceScanner.java:41) - Scanning for api listing references
[15:01:06:694] [DEBUG] - springfox.documentation.spring.web.readers.operation.OperationModelsProvider.collectFromReturnType(OperationModelsProvider.java:76) - Adding return parameter of type V
[15:01:06:695] [DEBUG] - springfox.documentation.spring.web.readers.operation.OperationModelsProvider.collectParameters(OperationModelsProvider.java:83) - Reading parameters models for handlerMethod |addParking|
[15:01:06:696] [DEBUG] - springfox.documentation.spring.web.readers.operation.OperationModelsProvider.collectParameters(OperationModelsProvider.java:90) - Adding input parameter of type Lcom/ustcsse/parking/model/vo/ParkingVo;
[15:01:06:697] [DEBUG] - springfox.documentation.spring.web.readers.operation.OperationModelsProvider.collectParameters(OperationModelsProvider.java:94) - Finished reading parameters models for handlerMethod |addParking|
[15:01:06:698] [DEBUG] - springfox.documentation.swagger.readers.operation.SwaggerOperationModelsProvider.collectApiResponses(SwaggerOperationModelsProvider.java:84) - Reading parameters models for handlerMethod |addParking|
[15:01:06:712] [DEBUG] - springfox.documentation.schema.DefaultModelProvider.modelFor(DefaultModelProvider.java:86) - Skipping model of type V as its either a container type, map, enum or base type, or its already been handled
[15:01:06:714] [DEBUG] - springfox.documentation.spring.web.scanners.ApiModelReader.read(ApiModelReader.java:76) - Did not find any parameter models for void
[15:01:06:721] [DEBUG] - springfox.documentation.schema.property.OptimizedModelPropertiesProvider.propertiesFor(OptimizedModelPropertiesProvider.java:127) - Reading property carplate
[15:01:06:726] [DEBUG] - springfox.documentation.schema.property.bean.BeanModelProperty.paramOrReturnType(BeanModelProperty.java:73) - Evaluating unwrapped setter for member setCarplate
[15:01:06:727] [DEBUG] - springfox.documentation.schema.property.ObjectMapperBeanPropertyNamingStrategy.nameForDeserialization(ObjectMapperBeanPropertyNamingStrategy.java:73) - Name 'carplate' renamed to 'carplate'
[15:01:06:728] [DEBUG] - springfox.documentation.schema.property.OptimizedModelPropertiesProvider.beanModelProperty(OptimizedModelPropertiesProvider.java:315) - Adding property carplate to model
[15:01:06:728] [DEBUG] - springfox.documentation.schema.property.bean.BeanModelProperty.paramOrReturnType(BeanModelProperty.java:73) - Evaluating unwrapped setter for member setCarplate
[15:01:06:729] [DEBUG] - springfox.documentation.schema.property.bean.BeanModelProperty.paramOrReturnType(BeanModelProperty.java:73) - Evaluating unwrapped setter for member setCarplate
[15:01:06:729] [DEBUG] - springfox.documentation.schema.property.bean.BeanModelProperty.paramOrReturnType(BeanModelProperty.java:73) - Evaluating unwrapped setter for member setCarplate
[15:01:06:729] [DEBUG] - springfox.documentation.schema.property.bean.BeanModelProperty.paramOrReturnType(BeanModelProperty.java:73) - Evaluating unwrapped setter for member setCarplate
[15:01:06:739] [DEBUG] - springfox.documentation.schema.property.OptimizedModelPropertiesProvider.propertiesFor(OptimizedModelPropertiesProvider.java:127) - Reading property inTime
[15:01:06:740] [DEBUG] - springfox.documentation.schema.property.bean.BeanModelProperty.paramOrReturnType(BeanModelProperty.java:73) - Evaluating unwrapped setter for member setInTime
[15:01:06:740] [DEBUG] - springfox.documentation.schema.property.ObjectMapperBeanPropertyNamingStrategy.nameForDeserialization(ObjectMapperBeanPropertyNamingStrategy.java:73) - Name 'inTime' renamed to 'inTime'
[15:01:06:740] [DEBUG] - springfox.documentation.schema.property.OptimizedModelPropertiesProvider.beanModelProperty(OptimizedModelPropertiesProvider.java:315) - Adding property inTime to model
[15:01:06:740] [DEBUG] - springfox.documentation.schema.property.bean.BeanModelProperty.paramOrReturnType(BeanModelProperty.java:73) - Evaluating unwrapped setter for member setInTime
[15:01:06:740] [DEBUG] - springfox.documentation.schema.property.bean.BeanModelProperty.paramOrReturnType(BeanModelProperty.java:73) - Evaluating unwrapped setter for member setInTime
[15:01:06:740] [DEBUG] - springfox.documentation.schema.property.bean.BeanModelProperty.paramOrReturnType(BeanModelProperty.java:73) - Evaluating unwrapped setter for member setInTime
[15:01:06:740] [DEBUG] - springfox.documentation.schema.property.bean.BeanModelProperty.paramOrReturnType(BeanModelProperty.java:73) - Evaluating unwrapped setter for member setInTime
[15:01:06:741] [DEBUG] - springfox.documentation.schema.property.OptimizedModelPropertiesProvider.propertiesFor(OptimizedModelPropertiesProvider.java:127) - Reading property outTime
[15:01:06:742] [DEBUG] - springfox.documentation.schema.property.bean.BeanModelProperty.paramOrReturnType(BeanModelProperty.java:73) - Evaluating unwrapped setter for member setOutTime
[15:01:06:742] [DEBUG] - springfox.documentation.schema.property.ObjectMapperBeanPropertyNamingStrategy.nameForDeserialization(ObjectMapperBeanPropertyNamingStrategy.java:73) - Name 'outTime' renamed to 'outTime'
[15:01:06:742] [DEBUG] - springfox.documentation.schema.property.OptimizedModelPropertiesProvider.beanModelProperty(OptimizedModelPropertiesProvider.java:315) - Adding property outTime to model
[15:01:06:742] [DEBUG] - springfox.documentation.schema.property.bean.BeanModelProperty.paramOrReturnType(BeanModelProperty.java:73) - Evaluating unwrapped setter for member setOutTime
[15:01:06:742] [DEBUG] - springfox.documentation.schema.property.bean.BeanModelProperty.paramOrReturnType(BeanModelProperty.java:73) - Evaluating unwrapped setter for member setOutTime
[15:01:06:742] [DEBUG] - springfox.documentation.schema.property.bean.BeanModelProperty.paramOrReturnType(BeanModelProperty.java:73) - Evaluating unwrapped setter for member setOutTime
[15:01:06:742] [DEBUG] - springfox.documentation.schema.property.bean.BeanModelProperty.paramOrReturnType(BeanModelProperty.java:73) - Evaluating unwrapped setter for member setOutTime
[15:01:06:743] [DEBUG] - springfox.documentation.schema.property.OptimizedModelPropertiesProvider.propertiesFor(OptimizedModelPropertiesProvider.java:127) - Reading property parkinglotid
[15:01:06:743] [DEBUG] - springfox.documentation.schema.property.bean.BeanModelProperty.paramOrReturnType(BeanModelProperty.java:73) - Evaluating unwrapped setter for member setParkinglotid
[15:01:06:743] [DEBUG] - springfox.documentation.schema.property.ObjectMapperBeanPropertyNamingStrategy.nameForDeserialization(ObjectMapperBeanPropertyNamingStrategy.java:73) - Name 'parkinglotid' renamed to 'parkinglotid'
[15:01:06:743] [DEBUG] - springfox.documentation.schema.property.OptimizedModelPropertiesProvider.beanModelProperty(OptimizedModelPropertiesProvider.java:315) - Adding property parkinglotid to model
[15:01:06:744] [DEBUG] - springfox.documentation.schema.property.bean.BeanModelProperty.paramOrReturnType(BeanModelProperty.java:73) - Evaluating unwrapped setter for member setParkinglotid
[15:01:06:744] [DEBUG] - springfox.documentation.schema.property.bean.BeanModelProperty.paramOrReturnType(BeanModelProperty.java:73) - Evaluating unwrapped setter for member setParkinglotid
[15:01:06:744] [DEBUG] - springfox.documentation.schema.property.bean.BeanModelProperty.paramOrReturnType(BeanModelProperty.java:73) - Evaluating unwrapped setter for member setParkinglotid
[15:01:06:744] [DEBUG] - springfox.documentation.schema.property.bean.BeanModelProperty.paramOrReturnType(BeanModelProperty.java:73) - Evaluating unwrapped setter for member setParkinglotid
[15:01:06:745] [DEBUG] - springfox.documentation.schema.property.OptimizedModelPropertiesProvider.propertiesFor(OptimizedModelPropertiesProvider.java:127) - Reading property parkinglotName
[15:01:06:745] [DEBUG] - springfox.documentation.schema.property.bean.BeanModelProperty.paramOrReturnType(BeanModelProperty.java:73) - Evaluating unwrapped setter for member setParkinglotName
[15:01:06:745] [DEBUG] - springfox.documentation.schema.property.ObjectMapperBeanPropertyNamingStrategy.nameForDeserialization(ObjectMapperBeanPropertyNamingStrategy.java:73) - Name 'parkinglotName' renamed to 'parkinglotName'
[15:01:06:745] [DEBUG] - springfox.documentation.schema.property.OptimizedModelPropertiesProvider.beanModelProperty(OptimizedModelPropertiesProvider.java:315) - Adding property parkinglotName to model
[15:01:06:745] [DEBUG] - springfox.documentation.schema.property.bean.BeanModelProperty.paramOrReturnType(BeanModelProperty.java:73) - Evaluating unwrapped setter for member setParkinglotName
[15:01:06:745] [DEBUG] - springfox.documentation.schema.property.bean.BeanModelProperty.paramOrReturnType(BeanModelProperty.java:73) - Evaluating unwrapped setter for member setParkinglotName
[15:01:06:746] [DEBUG] - springfox.documentation.schema.property.bean.BeanModelProperty.paramOrReturnType(BeanModelProperty.java:73) - Evaluating unwrapped setter for member setParkinglotName
[15:01:06:746] [DEBUG] - springfox.documentation.schema.property.bean.BeanModelProperty.paramOrReturnType(BeanModelProperty.java:73) - Evaluating unwrapped setter for member setParkinglotName
[15:01:06:755] [DEBUG] - springfox.documentation.schema.DefaultModelProvider.reflectionBasedModel(DefaultModelProvider.java:101) - Inferred 5 properties. Properties found carplate, inTime, outTime, parkinglotName, parkinglotid
[15:01:06:759] [DEBUG] - springfox.documentation.spring.web.scanners.ApiModelReader.read(ApiModelReader.java:71) - Generated parameter model id: ParkingVo, name: ParkingVo, schema: {} models
[15:01:06:759] [DEBUG] - springfox.documentation.spring.web.scanners.ApiModelReader.mergeModelMap(ApiModelReader.java:89) - Adding a new model with key ParkingVo
[15:01:06:771] [DEBUG] - springfox.bean.validators.plugins.parameter.SizeAnnotationPlugin.apply(SizeAnnotationPlugin.java:52) - searching for @size: false
[15:01:06:774] [DEBUG] - springfox.documentation.spring.web.readers.operation.OperationResponseClassReader.apply(OperationResponseClassReader.java:59) - Setting spring response class to: null
[15:01:06:775] [DEBUG] - springfox.documentation.swagger.readers.operation.VendorExtensionsReader.apply(VendorExtensionsReader.java:59) - Extension count 1 for method addParking
[15:01:06:790] [DEBUG] - springfox.documentation.swagger.readers.operation.OperationAuthReader.apply(OperationAuthReader.java:103) - Authorization count 1 for method addParking
[15:01:06:812] [DEBUG] - springfox.documentation.spring.web.readers.operation.OperationModelsProvider.collectFromReturnType(OperationModelsProvider.java:76) - Adding return parameter of type V
[15:01:06:812] [DEBUG] - springfox.documentation.spring.web.readers.operation.OperationModelsProvider.collectParameters(OperationModelsProvider.java:83) - Reading parameters models for handlerMethod |delateById|
[15:01:06:813] [DEBUG] - springfox.documentation.spring.web.readers.operation.OperationModelsProvider.collectParameters(OperationModelsProvider.java:94) - Finished reading parameters models for handlerMethod |delateById|
[15:01:06:813] [DEBUG] - springfox.documentation.swagger.readers.operation.SwaggerOperationModelsProvider.collectApiResponses(SwaggerOperationModelsProvider.java:84) - Reading parameters models for handlerMethod |delateById|
[15:01:06:813] [DEBUG] - springfox.documentation.spring.web.scanners.ApiModelReader.read(ApiModelReader.java:76) - Did not find any parameter models for void
[15:01:06:814] [DEBUG] - springfox.bean.validators.plugins.parameter.SizeAnnotationPlugin.apply(SizeAnnotationPlugin.java:52) - searching for @size: false
[15:01:06:815] [DEBUG] - springfox.documentation.spring.web.readers.operation.OperationResponseClassReader.apply(OperationResponseClassReader.java:59) - Setting spring response class to: null
[15:01:06:815] [DEBUG] - springfox.documentation.swagger.readers.operation.VendorExtensionsReader.apply(VendorExtensionsReader.java:59) - Extension count 1 for method delateById
[15:01:06:815] [DEBUG] - springfox.documentation.swagger.readers.operation.OperationAuthReader.apply(OperationAuthReader.java:103) - Authorization count 1 for method delateById
[15:01:06:817] [DEBUG] - springfox.documentation.spring.web.readers.operation.OperationModelsProvider.collectFromReturnType(OperationModelsProvider.java:76) - Adding return parameter of type Lcom/ustcsse/common/model/R;
[15:01:06:817] [DEBUG] - springfox.documentation.spring.web.readers.operation.OperationModelsProvider.collectParameters(OperationModelsProvider.java:83) - Reading parameters models for handlerMethod |getAll|
[15:01:06:817] [DEBUG] - springfox.documentation.spring.web.readers.operation.OperationModelsProvider.collectParameters(OperationModelsProvider.java:90) - Adding input parameter of type Lcom/ustcsse/parking/model/ParkingQueryParams;
[15:01:06:817] [DEBUG] - springfox.documentation.spring.web.readers.operation.OperationModelsProvider.collectParameters(OperationModelsProvider.java:94) - Finished reading parameters models for handlerMethod |getAll|
[15:01:06:818] [DEBUG] - springfox.documentation.swagger.readers.operation.SwaggerOperationModelsProvider.collectApiResponses(SwaggerOperationModelsProvider.java:84) - Reading parameters models for handlerMethod |getAll|
[15:01:06:818] [DEBUG] - springfox.documentation.schema.DefaultModelProvider.modelFor(DefaultModelProvider.java:86) - Skipping model of type Lcom/ustcsse/common/model/R; as its either a container type, map, enum or base type, or its already been handled
[15:01:06:818] [DEBUG] - springfox.documentation.spring.web.scanners.ApiModelReader.read(ApiModelReader.java:76) - Did not find any parameter models for com.ustcsse.common.model.R
[15:01:06:818] [DEBUG] - springfox.documentation.schema.DefaultModelDependencyProvider.resolvedTypeParameters(DefaultModelDependencyProvider.java:162) - Adding type for parameter Ljava/lang/String;
[15:01:06:818] [DEBUG] - springfox.documentation.schema.DefaultModelDependencyProvider.resolvedTypeParameters(DefaultModelDependencyProvider.java:164) - Recursively resolving dependencies for parameter Ljava/lang/String;
[15:01:06:819] [DEBUG] - springfox.documentation.schema.DefaultModelDependencyProvider.resolvedDependencies(DefaultModelDependencyProvider.java:113) - Marking base type Ljava/lang/String; as seen
[15:01:06:819] [DEBUG] - springfox.documentation.schema.DefaultModelDependencyProvider.resolvedTypeParameters(DefaultModelDependencyProvider.java:162) - Adding type for parameter Ljava/lang/Object;
[15:01:06:819] [DEBUG] - springfox.documentation.schema.DefaultModelDependencyProvider.resolvedTypeParameters(DefaultModelDependencyProvider.java:164) - Recursively resolving dependencies for parameter Ljava/lang/Object;
[15:01:06:819] [DEBUG] - springfox.documentation.schema.DefaultModelDependencyProvider.resolvedDependencies(DefaultModelDependencyProvider.java:113) - Marking base type Ljava/lang/Object; as seen
[15:01:06:820] [DEBUG] - springfox.documentation.schema.property.OptimizedModelPropertiesProvider.propertiesFor(OptimizedModelPropertiesProvider.java:127) - Reading property data
[15:01:06:820] [DEBUG] - springfox.documentation.schema.property.OptimizedModelPropertiesProvider.propertiesFor(OptimizedModelPropertiesProvider.java:127) - Reading property code
[15:01:06:823] [DEBUG] - springfox.documentation.schema.property.bean.BeanModelProperty.paramOrReturnType(BeanModelProperty.java:70) - Evaluating unwrapped getter for member getCode
[15:01:06:823] [DEBUG] - springfox.documentation.schema.property.ObjectMapperBeanPropertyNamingStrategy.nameForSerialization(ObjectMapperBeanPropertyNamingStrategy.java:57) - Name 'code' renamed to 'code'
[15:01:06:823] [DEBUG] - springfox.documentation.schema.property.OptimizedModelPropertiesProvider.beanModelProperty(OptimizedModelPropertiesProvider.java:315) - Adding property code to model
[15:01:06:824] [DEBUG] - springfox.documentation.schema.property.bean.BeanModelProperty.paramOrReturnType(BeanModelProperty.java:70) - Evaluating unwrapped getter for member getCode
[15:01:06:824] [DEBUG] - springfox.documentation.schema.property.bean.BeanModelProperty.paramOrReturnType(BeanModelProperty.java:70) - Evaluating unwrapped getter for member getCode
[15:01:06:824] [DEBUG] - springfox.documentation.schema.property.bean.BeanModelProperty.paramOrReturnType(BeanModelProperty.java:70) - Evaluating unwrapped getter for member getCode
[15:01:06:824] [DEBUG] - springfox.documentation.schema.property.bean.BeanModelProperty.paramOrReturnType(BeanModelProperty.java:70) - Evaluating unwrapped getter for member getCode
[15:01:06:824] [DEBUG] - springfox.documentation.schema.property.OptimizedModelPropertiesProvider.propertiesFor(OptimizedModelPropertiesProvider.java:127) - Reading property empty
[15:01:06:824] [DEBUG] - springfox.documentation.schema.property.bean.BeanModelProperty.paramOrReturnType(BeanModelProperty.java:70) - Evaluating unwrapped getter for member isEmpty
[15:01:06:826] [DEBUG] - springfox.documentation.schema.property.ObjectMapperBeanPropertyNamingStrategy.nameForSerialization(ObjectMapperBeanPropertyNamingStrategy.java:57) - Name 'empty' renamed to 'empty'
[15:01:06:826] [DEBUG] - springfox.documentation.schema.property.OptimizedModelPropertiesProvider.beanModelProperty(OptimizedModelPropertiesProvider.java:315) - Adding property empty to model
[15:01:06:826] [DEBUG] - springfox.documentation.schema.property.bean.BeanModelProperty.paramOrReturnType(BeanModelProperty.java:70) - Evaluating unwrapped getter for member isEmpty
[15:01:06:826] [DEBUG] - springfox.documentation.schema.property.bean.BeanModelProperty.paramOrReturnType(BeanModelProperty.java:70) - Evaluating unwrapped getter for member isEmpty
[15:01:06:826] [DEBUG] - springfox.documentation.schema.property.bean.BeanModelProperty.paramOrReturnType(BeanModelProperty.java:70) - Evaluating unwrapped getter for member isEmpty
[15:01:06:826] [DEBUG] - springfox.documentation.schema.property.bean.BeanModelProperty.paramOrReturnType(BeanModelProperty.java:70) - Evaluating unwrapped getter for member isEmpty
[15:01:06:829] [DEBUG] - springfox.documentation.schema.property.OptimizedModelPropertiesProvider.propertiesFor(OptimizedModelPropertiesProvider.java:127) - Reading property parkinglotid
[15:01:06:829] [DEBUG] - springfox.documentation.schema.property.bean.BeanModelProperty.paramOrReturnType(BeanModelProperty.java:73) - Evaluating unwrapped setter for member setParkinglotid
[15:01:06:830] [DEBUG] - springfox.documentation.schema.property.ObjectMapperBeanPropertyNamingStrategy.nameForDeserialization(ObjectMapperBeanPropertyNamingStrategy.java:73) - Name 'parkinglotid' renamed to 'parkinglotid'
[15:01:06:830] [DEBUG] - springfox.documentation.schema.property.OptimizedModelPropertiesProvider.beanModelProperty(OptimizedModelPropertiesProvider.java:315) - Adding property parkinglotid to model
[15:01:06:830] [DEBUG] - springfox.documentation.schema.property.bean.BeanModelProperty.paramOrReturnType(BeanModelProperty.java:73) - Evaluating unwrapped setter for member setParkinglotid
[15:01:06:830] [DEBUG] - springfox.documentation.schema.property.bean.BeanModelProperty.paramOrReturnType(BeanModelProperty.java:73) - Evaluating unwrapped setter for member setParkinglotid
[15:01:06:830] [DEBUG] - springfox.documentation.schema.property.bean.BeanModelProperty.paramOrReturnType(BeanModelProperty.java:73) - Evaluating unwrapped setter for member setParkinglotid
[15:01:06:830] [DEBUG] - springfox.documentation.schema.property.bean.BeanModelProperty.paramOrReturnType(BeanModelProperty.java:73) - Evaluating unwrapped setter for member setParkinglotid
[15:01:06:831] [DEBUG] - springfox.documentation.schema.property.OptimizedModelPropertiesProvider.propertiesFor(OptimizedModelPropertiesProvider.java:127) - Reading property parkinglotName
[15:01:06:831] [DEBUG] - springfox.documentation.schema.property.bean.BeanModelProperty.paramOrReturnType(BeanModelProperty.java:73) - Evaluating unwrapped setter for member setParkinglotName
[15:01:06:831] [DEBUG] - springfox.documentation.schema.property.ObjectMapperBeanPropertyNamingStrategy.nameForDeserialization(ObjectMapperBeanPropertyNamingStrategy.java:73) - Name 'parkinglotName' renamed to 'parkinglotName'
[15:01:06:832] [DEBUG] - springfox.documentation.schema.property.OptimizedModelPropertiesProvider.beanModelProperty(OptimizedModelPropertiesProvider.java:315) - Adding property parkinglotName to model
[15:01:06:832] [DEBUG] - springfox.documentation.schema.property.bean.BeanModelProperty.paramOrReturnType(BeanModelProperty.java:73) - Evaluating unwrapped setter for member setParkinglotName
[15:01:06:832] [DEBUG] - springfox.documentation.schema.property.bean.BeanModelProperty.paramOrReturnType(BeanModelProperty.java:73) - Evaluating unwrapped setter for member setParkinglotName
[15:01:06:832] [DEBUG] - springfox.documentation.schema.property.bean.BeanModelProperty.paramOrReturnType(BeanModelProperty.java:73) - Evaluating unwrapped setter for member setParkinglotName
[15:01:06:832] [DEBUG] - springfox.documentation.schema.property.bean.BeanModelProperty.paramOrReturnType(BeanModelProperty.java:73) - Evaluating unwrapped setter for member setParkinglotName
[15:01:06:833] [DEBUG] - springfox.documentation.schema.property.OptimizedModelPropertiesProvider.propertiesFor(OptimizedModelPropertiesProvider.java:127) - Reading property carplate
[15:01:06:833] [DEBUG] - springfox.documentation.schema.property.bean.BeanModelProperty.paramOrReturnType(BeanModelProperty.java:73) - Evaluating unwrapped setter for member setCarplate
[15:01:06:833] [DEBUG] - springfox.documentation.schema.property.ObjectMapperBeanPropertyNamingStrategy.nameForDeserialization(ObjectMapperBeanPropertyNamingStrategy.java:73) - Name 'carplate' renamed to 'carplate'
[15:01:06:833] [DEBUG] - springfox.documentation.schema.property.OptimizedModelPropertiesProvider.beanModelProperty(OptimizedModelPropertiesProvider.java:315) - Adding property carplate to model
[15:01:06:833] [DEBUG] - springfox.documentation.schema.property.bean.BeanModelProperty.paramOrReturnType(BeanModelProperty.java:73) - Evaluating unwrapped setter for member setCarplate
[15:01:06:833] [DEBUG] - springfox.documentation.schema.property.bean.BeanModelProperty.paramOrReturnType(BeanModelProperty.java:73) - Evaluating unwrapped setter for member setCarplate
[15:01:06:834] [DEBUG] - springfox.documentation.schema.property.bean.BeanModelProperty.paramOrReturnType(BeanModelProperty.java:73) - Evaluating unwrapped setter for member setCarplate
[15:01:06:834] [DEBUG] - springfox.documentation.schema.property.bean.BeanModelProperty.paramOrReturnType(BeanModelProperty.java:73) - Evaluating unwrapped setter for member setCarplate
[15:01:06:834] [DEBUG] - springfox.documentation.schema.property.OptimizedModelPropertiesProvider.propertiesFor(OptimizedModelPropertiesProvider.java:127) - Reading property dateRange
[15:01:06:834] [DEBUG] - springfox.documentation.schema.property.bean.BeanModelProperty.paramOrReturnType(BeanModelProperty.java:73) - Evaluating unwrapped setter for member setDateRange
[15:01:06:834] [DEBUG] - springfox.documentation.schema.property.ObjectMapperBeanPropertyNamingStrategy.nameForDeserialization(ObjectMapperBeanPropertyNamingStrategy.java:73) - Name 'dateRange' renamed to 'dateRange'
[15:01:06:835] [DEBUG] - springfox.documentation.schema.property.OptimizedModelPropertiesProvider.beanModelProperty(OptimizedModelPropertiesProvider.java:315) - Adding property dateRange to model
[15:01:06:835] [DEBUG] - springfox.documentation.schema.property.bean.BeanModelProperty.paramOrReturnType(BeanModelProperty.java:73) - Evaluating unwrapped setter for member setDateRange
[15:01:06:835] [DEBUG] - springfox.documentation.schema.property.bean.BeanModelProperty.paramOrReturnType(BeanModelProperty.java:73) - Evaluating unwrapped setter for member setDateRange
[15:01:06:835] [DEBUG] - springfox.documentation.schema.property.bean.BeanModelProperty.paramOrReturnType(BeanModelProperty.java:73) - Evaluating unwrapped setter for member setDateRange
[15:01:06:835] [DEBUG] - springfox.documentation.schema.property.bean.BeanModelProperty.paramOrReturnType(BeanModelProperty.java:73) - Evaluating unwrapped setter for member setDateRange
[15:01:06:835] [DEBUG] - springfox.documentation.schema.property.OptimizedModelPropertiesProvider.propertiesFor(OptimizedModelPropertiesProvider.java:127) - Reading property dateRange2
[15:01:06:836] [DEBUG] - springfox.documentation.schema.property.bean.BeanModelProperty.paramOrReturnType(BeanModelProperty.java:73) - Evaluating unwrapped setter for member setDateRange2
[15:01:06:836] [DEBUG] - springfox.documentation.schema.property.ObjectMapperBeanPropertyNamingStrategy.nameForDeserialization(ObjectMapperBeanPropertyNamingStrategy.java:73) - Name 'dateRange2' renamed to 'dateRange2'
[15:01:06:836] [DEBUG] - springfox.documentation.schema.property.OptimizedModelPropertiesProvider.beanModelProperty(OptimizedModelPropertiesProvider.java:315) - Adding property dateRange2 to model
[15:01:06:836] [DEBUG] - springfox.documentation.schema.property.bean.BeanModelProperty.paramOrReturnType(BeanModelProperty.java:73) - Evaluating unwrapped setter for member setDateRange2
[15:01:06:836] [DEBUG] - springfox.documentation.schema.property.bean.BeanModelProperty.paramOrReturnType(BeanModelProperty.java:73) - Evaluating unwrapped setter for member setDateRange2
[15:01:06:836] [DEBUG] - springfox.documentation.schema.property.bean.BeanModelProperty.paramOrReturnType(BeanModelProperty.java:73) - Evaluating unwrapped setter for member setDateRange2
[15:01:06:837] [DEBUG] - springfox.documentation.schema.property.bean.BeanModelProperty.paramOrReturnType(BeanModelProperty.java:73) - Evaluating unwrapped setter for member setDateRange2
[15:01:06:837] [DEBUG] - springfox.documentation.schema.property.OptimizedModelPropertiesProvider.propertiesFor(OptimizedModelPropertiesProvider.java:127) - Reading property pageParams
[15:01:06:838] [DEBUG] - springfox.documentation.schema.property.bean.BeanModelProperty.paramOrReturnType(BeanModelProperty.java:73) - Evaluating unwrapped setter for member setPageParams
[15:01:06:838] [DEBUG] - springfox.documentation.schema.property.ObjectMapperBeanPropertyNamingStrategy.nameForDeserialization(ObjectMapperBeanPropertyNamingStrategy.java:73) - Name 'pageParams' renamed to 'pageParams'
[15:01:06:838] [DEBUG] - springfox.documentation.schema.property.OptimizedModelPropertiesProvider.beanModelProperty(OptimizedModelPropertiesProvider.java:315) - Adding property pageParams to model
[15:01:06:838] [DEBUG] - springfox.documentation.schema.property.bean.BeanModelProperty.paramOrReturnType(BeanModelProperty.java:73) - Evaluating unwrapped setter for member setPageParams
[15:01:06:838] [DEBUG] - springfox.documentation.schema.property.bean.BeanModelProperty.paramOrReturnType(BeanModelProperty.java:73) - Evaluating unwrapped setter for member setPageParams
[15:01:06:839] [DEBUG] - springfox.documentation.schema.property.bean.BeanModelProperty.paramOrReturnType(BeanModelProperty.java:73) - Evaluating unwrapped setter for member setPageParams
[15:01:06:839] [DEBUG] - springfox.documentation.schema.property.bean.BeanModelProperty.paramOrReturnType(BeanModelProperty.java:73) - Evaluating unwrapped setter for member setPageParams
[15:01:06:839] [DEBUG] - springfox.documentation.schema.DefaultModelProvider.reflectionBasedModel(DefaultModelProvider.java:101) - Inferred 6 properties. Properties found carplate, dateRange, dateRange2, pageParams, parkinglotName, parkinglotid
[15:01:06:840] [DEBUG] - springfox.documentation.spring.web.scanners.ApiModelReader.read(ApiModelReader.java:71) - Generated parameter model id: ParkingQueryParams, name: ParkingQueryParams, schema: {} models
[15:01:06:840] [DEBUG] - springfox.documentation.spring.web.scanners.ApiModelReader.mergeModelMap(ApiModelReader.java:89) - Adding a new model with key ParkingQueryParams
[15:01:06:840] [DEBUG] - springfox.documentation.schema.DefaultModelDependencyProvider.resolvedPropertiesAndFields(DefaultModelDependencyProvider.java:177) - Adding type [Ljava/lang/String; for parameter dateRange
[15:01:06:840] [DEBUG] - springfox.documentation.schema.DefaultModelDependencyProvider.maybeFromCollectionElementType(DefaultModelDependencyProvider.java:219) - Recursively resolving dependencies for collectionElement type Ljava/lang/String;
[15:01:06:840] [DEBUG] - springfox.documentation.schema.DefaultModelDependencyProvider.resolvedDependencies(DefaultModelDependencyProvider.java:113) - Marking base type Ljava/lang/String; as seen
[15:01:06:840] [DEBUG] - springfox.documentation.schema.DefaultModelDependencyProvider.resolvedPropertiesAndFields(DefaultModelDependencyProvider.java:177) - Adding type [Ljava/lang/String; for parameter dateRange2
[15:01:06:840] [DEBUG] - springfox.documentation.schema.DefaultModelDependencyProvider.maybeFromCollectionElementType(DefaultModelDependencyProvider.java:219) - Recursively resolving dependencies for collectionElement type Ljava/lang/String;
[15:01:06:840] [DEBUG] - springfox.documentation.schema.DefaultModelDependencyProvider.resolvedDependencies(DefaultModelDependencyProvider.java:113) - Marking base type Ljava/lang/String; as seen
[15:01:06:841] [DEBUG] - springfox.documentation.schema.DefaultModelDependencyProvider.resolvedPropertiesAndFields(DefaultModelDependencyProvider.java:177) - Adding type Lcom/ustcsse/common/model/PageParams; for parameter pageParams
[15:01:06:841] [DEBUG] - springfox.documentation.schema.DefaultModelDependencyProvider.maybeFromRegularType(DefaultModelDependencyProvider.java:206) - Recursively resolving dependencies for type Lcom/ustcsse/common/model/PageParams;
[15:01:06:842] [DEBUG] - springfox.documentation.schema.property.OptimizedModelPropertiesProvider.propertiesFor(OptimizedModelPropertiesProvider.java:127) - Reading property pageNo
[15:01:06:842] [DEBUG] - springfox.documentation.schema.property.bean.BeanModelProperty.paramOrReturnType(BeanModelProperty.java:73) - Evaluating unwrapped setter for member setPageNo
[15:01:06:842] [DEBUG] - springfox.documentation.schema.property.ObjectMapperBeanPropertyNamingStrategy.nameForDeserialization(ObjectMapperBeanPropertyNamingStrategy.java:73) - Name 'pageNo' renamed to 'pageNo'
[15:01:06:842] [DEBUG] - springfox.documentation.schema.property.OptimizedModelPropertiesProvider.beanModelProperty(OptimizedModelPropertiesProvider.java:315) - Adding property pageNo to model
[15:01:06:842] [DEBUG] - springfox.documentation.schema.property.bean.BeanModelProperty.paramOrReturnType(BeanModelProperty.java:73) - Evaluating unwrapped setter for member setPageNo
[15:01:06:843] [DEBUG] - springfox.documentation.schema.property.bean.BeanModelProperty.paramOrReturnType(BeanModelProperty.java:73) - Evaluating unwrapped setter for member setPageNo
[15:01:06:843] [DEBUG] - springfox.documentation.schema.property.bean.BeanModelProperty.paramOrReturnType(BeanModelProperty.java:73) - Evaluating unwrapped setter for member setPageNo
[15:01:06:843] [DEBUG] - springfox.documentation.schema.property.bean.BeanModelProperty.paramOrReturnType(BeanModelProperty.java:73) - Evaluating unwrapped setter for member setPageNo
[15:01:06:843] [DEBUG] - springfox.documentation.schema.property.OptimizedModelPropertiesProvider.propertiesFor(OptimizedModelPropertiesProvider.java:127) - Reading property pageSize
[15:01:06:844] [DEBUG] - springfox.documentation.schema.property.bean.BeanModelProperty.paramOrReturnType(BeanModelProperty.java:73) - Evaluating unwrapped setter for member setPageSize
[15:01:06:844] [DEBUG] - springfox.documentation.schema.property.ObjectMapperBeanPropertyNamingStrategy.nameForDeserialization(ObjectMapperBeanPropertyNamingStrategy.java:73) - Name 'pageSize' renamed to 'pageSize'
[15:01:06:844] [DEBUG] - springfox.documentation.schema.property.OptimizedModelPropertiesProvider.beanModelProperty(OptimizedModelPropertiesProvider.java:315) - Adding property pageSize to model
[15:01:06:844] [DEBUG] - springfox.documentation.schema.property.bean.BeanModelProperty.paramOrReturnType(BeanModelProperty.java:73) - Evaluating unwrapped setter for member setPageSize
[15:01:06:844] [DEBUG] - springfox.documentation.schema.property.bean.BeanModelProperty.paramOrReturnType(BeanModelProperty.java:73) - Evaluating unwrapped setter for member setPageSize
[15:01:06:844] [DEBUG] - springfox.documentation.schema.property.bean.BeanModelProperty.paramOrReturnType(BeanModelProperty.java:73) - Evaluating unwrapped setter for member setPageSize
[15:01:06:844] [DEBUG] - springfox.documentation.schema.property.bean.BeanModelProperty.paramOrReturnType(BeanModelProperty.java:73) - Evaluating unwrapped setter for member setPageSize
[15:01:06:845] [DEBUG] - springfox.documentation.schema.DefaultModelProvider.modelFor(DefaultModelProvider.java:86) - Skipping model of type [Ljava/lang/String; as its either a container type, map, enum or base type, or its already been handled
[15:01:06:846] [DEBUG] - springfox.documentation.schema.DefaultModelProvider.reflectionBasedModel(DefaultModelProvider.java:101) - Inferred 2 properties. Properties found pageNo, pageSize
[15:01:06:846] [DEBUG] - springfox.documentation.spring.web.scanners.ApiModelReader.mergeModelMap(ApiModelReader.java:89) - Adding a new model with key PageParams
[15:01:06:849] [DEBUG] - springfox.bean.validators.plugins.parameter.SizeAnnotationPlugin.apply(SizeAnnotationPlugin.java:52) - searching for @size: false
[15:01:06:849] [DEBUG] - springfox.documentation.spring.web.readers.operation.OperationResponseClassReader.apply(OperationResponseClassReader.java:59) - Setting spring response class to: R
[15:01:06:850] [DEBUG] - springfox.documentation.swagger.readers.operation.VendorExtensionsReader.apply(VendorExtensionsReader.java:59) - Extension count 1 for method getAll
[15:01:06:850] [DEBUG] - springfox.documentation.swagger.readers.operation.SwaggerOperationResponseClassReader.apply(SwaggerOperationResponseClassReader.java:74) - Setting response class to:R
[15:01:06:850] [DEBUG] - springfox.documentation.swagger.readers.operation.OperationAuthReader.apply(OperationAuthReader.java:103) - Authorization count 1 for method getAll
[15:01:06:851] [DEBUG] - springfox.documentation.spring.web.readers.operation.OperationModelsProvider.collectFromReturnType(OperationModelsProvider.java:76) - Adding return parameter of type Lcom/ustcsse/parking/model/po/Parking;
[15:01:06:851] [DEBUG] - springfox.documentation.spring.web.readers.operation.OperationModelsProvider.collectParameters(OperationModelsProvider.java:83) - Reading parameters models for handlerMethod |getById|
[15:01:06:851] [DEBUG] - springfox.documentation.spring.web.readers.operation.OperationModelsProvider.collectParameters(OperationModelsProvider.java:94) - Finished reading parameters models for handlerMethod |getById|
[15:01:06:851] [DEBUG] - springfox.documentation.swagger.readers.operation.SwaggerOperationModelsProvider.collectApiResponses(SwaggerOperationModelsProvider.java:84) - Reading parameters models for handlerMethod |getById|
[15:01:06:852] [DEBUG] - springfox.documentation.schema.property.OptimizedModelPropertiesProvider.propertiesFor(OptimizedModelPropertiesProvider.java:127) - Reading property id
[15:01:06:853] [DEBUG] - springfox.documentation.schema.property.bean.BeanModelProperty.paramOrReturnType(BeanModelProperty.java:70) - Evaluating unwrapped getter for member getId
[15:01:06:853] [DEBUG] - springfox.documentation.schema.property.ObjectMapperBeanPropertyNamingStrategy.nameForSerialization(ObjectMapperBeanPropertyNamingStrategy.java:57) - Name 'id' renamed to 'id'
[15:01:06:853] [DEBUG] - springfox.documentation.schema.property.OptimizedModelPropertiesProvider.beanModelProperty(OptimizedModelPropertiesProvider.java:315) - Adding property id to model
[15:01:06:853] [DEBUG] - springfox.documentation.schema.property.bean.BeanModelProperty.paramOrReturnType(BeanModelProperty.java:70) - Evaluating unwrapped getter for member getId
[15:01:06:853] [DEBUG] - springfox.documentation.schema.property.bean.BeanModelProperty.paramOrReturnType(BeanModelProperty.java:70) - Evaluating unwrapped getter for member getId
[15:01:06:853] [DEBUG] - springfox.documentation.schema.property.bean.BeanModelProperty.paramOrReturnType(BeanModelProperty.java:70) - Evaluating unwrapped getter for member getId
[15:01:06:853] [DEBUG] - springfox.documentation.schema.property.bean.BeanModelProperty.paramOrReturnType(BeanModelProperty.java:70) - Evaluating unwrapped getter for member getId
[15:01:06:854] [DEBUG] - springfox.documentation.schema.property.OptimizedModelPropertiesProvider.propertiesFor(OptimizedModelPropertiesProvider.java:127) - Reading property parkinglotid
[15:01:06:854] [DEBUG] - springfox.documentation.schema.property.bean.BeanModelProperty.paramOrReturnType(BeanModelProperty.java:70) - Evaluating unwrapped getter for member getParkinglotid
[15:01:06:854] [DEBUG] - springfox.documentation.schema.property.ObjectMapperBeanPropertyNamingStrategy.nameForSerialization(ObjectMapperBeanPropertyNamingStrategy.java:57) - Name 'parkinglotid' renamed to 'parkinglotid'
[15:01:06:854] [DEBUG] - springfox.documentation.schema.property.OptimizedModelPropertiesProvider.beanModelProperty(OptimizedModelPropertiesProvider.java:315) - Adding property parkinglotid to model
[15:01:06:855] [DEBUG] - springfox.documentation.schema.property.bean.BeanModelProperty.paramOrReturnType(BeanModelProperty.java:70) - Evaluating unwrapped getter for member getParkinglotid
[15:01:06:855] [DEBUG] - springfox.documentation.schema.property.bean.BeanModelProperty.paramOrReturnType(BeanModelProperty.java:70) - Evaluating unwrapped getter for member getParkinglotid
[15:01:06:855] [DEBUG] - springfox.documentation.schema.property.bean.BeanModelProperty.paramOrReturnType(BeanModelProperty.java:70) - Evaluating unwrapped getter for member getParkinglotid
[15:01:06:855] [DEBUG] - springfox.documentation.schema.property.bean.BeanModelProperty.paramOrReturnType(BeanModelProperty.java:70) - Evaluating unwrapped getter for member getParkinglotid
[15:01:06:855] [DEBUG] - springfox.documentation.schema.property.OptimizedModelPropertiesProvider.propertiesFor(OptimizedModelPropertiesProvider.java:127) - Reading property parkinglotName
[15:01:06:855] [DEBUG] - springfox.documentation.schema.property.bean.BeanModelProperty.paramOrReturnType(BeanModelProperty.java:70) - Evaluating unwrapped getter for member getParkinglotName
[15:01:06:855] [DEBUG] - springfox.documentation.schema.property.ObjectMapperBeanPropertyNamingStrategy.nameForSerialization(ObjectMapperBeanPropertyNamingStrategy.java:57) - Name 'parkinglotName' renamed to 'parkinglotName'
[15:01:06:855] [DEBUG] - springfox.documentation.schema.property.OptimizedModelPropertiesProvider.beanModelProperty(OptimizedModelPropertiesProvider.java:315) - Adding property parkinglotName to model
[15:01:06:856] [DEBUG] - springfox.documentation.schema.property.bean.BeanModelProperty.paramOrReturnType(BeanModelProperty.java:70) - Evaluating unwrapped getter for member getParkinglotName
[15:01:06:856] [DEBUG] - springfox.documentation.schema.property.bean.BeanModelProperty.paramOrReturnType(BeanModelProperty.java:70) - Evaluating unwrapped getter for member getParkinglotName
[15:01:06:856] [DEBUG] - springfox.documentation.schema.property.bean.BeanModelProperty.paramOrReturnType(BeanModelProperty.java:70) - Evaluating unwrapped getter for member getParkinglotName
[15:01:06:856] [DEBUG] - springfox.documentation.schema.property.bean.BeanModelProperty.paramOrReturnType(BeanModelProperty.java:70) - Evaluating unwrapped getter for member getParkinglotName
[15:01:06:857] [DEBUG] - springfox.documentation.schema.property.OptimizedModelPropertiesProvider.propertiesFor(OptimizedModelPropertiesProvider.java:127) - Reading property memberid
[15:01:06:857] [DEBUG] - springfox.documentation.schema.property.bean.BeanModelProperty.paramOrReturnType(BeanModelProperty.java:70) - Evaluating unwrapped getter for member getMemberid
[15:01:06:857] [DEBUG] - springfox.documentation.schema.property.ObjectMapperBeanPropertyNamingStrategy.nameForSerialization(ObjectMapperBeanPropertyNamingStrategy.java:57) - Name 'memberid' renamed to 'memberid'
[15:01:06:857] [DEBUG] - springfox.documentation.schema.property.OptimizedModelPropertiesProvider.beanModelProperty(OptimizedModelPropertiesProvider.java:315) - Adding property memberid to model
[15:01:06:857] [DEBUG] - springfox.documentation.schema.property.bean.BeanModelProperty.paramOrReturnType(BeanModelProperty.java:70) - Evaluating unwrapped getter for member getMemberid
[15:01:06:857] [DEBUG] - springfox.documentation.schema.property.bean.BeanModelProperty.paramOrReturnType(BeanModelProperty.java:70) - Evaluating unwrapped getter for member getMemberid
[15:01:06:858] [DEBUG] - springfox.documentation.schema.property.bean.BeanModelProperty.paramOrReturnType(BeanModelProperty.java:70) - Evaluating unwrapped getter for member getMemberid
[15:01:06:858] [DEBUG] - springfox.documentation.schema.property.bean.BeanModelProperty.paramOrReturnType(BeanModelProperty.java:70) - Evaluating unwrapped getter for member getMemberid
[15:01:06:858] [DEBUG] - springfox.documentation.schema.property.OptimizedModelPropertiesProvider.propertiesFor(OptimizedModelPropertiesProvider.java:127) - Reading property carplate
[15:01:06:858] [DEBUG] - springfox.documentation.schema.property.bean.BeanModelProperty.paramOrReturnType(BeanModelProperty.java:70) - Evaluating unwrapped getter for member getCarplate
[15:01:06:858] [DEBUG] - springfox.documentation.schema.property.ObjectMapperBeanPropertyNamingStrategy.nameForSerialization(ObjectMapperBeanPropertyNamingStrategy.java:57) - Name 'carplate' renamed to 'carplate'
[15:01:06:858] [DEBUG] - springfox.documentation.schema.property.OptimizedModelPropertiesProvider.beanModelProperty(OptimizedModelPropertiesProvider.java:315) - Adding property carplate to model
[15:01:06:859] [DEBUG] - springfox.documentation.schema.property.bean.BeanModelProperty.paramOrReturnType(BeanModelProperty.java:70) - Evaluating unwrapped getter for member getCarplate
[15:01:06:859] [DEBUG] - springfox.documentation.schema.property.bean.BeanModelProperty.paramOrReturnType(BeanModelProperty.java:70) - Evaluating unwrapped getter for member getCarplate
[15:01:06:859] [DEBUG] - springfox.documentation.schema.property.bean.BeanModelProperty.paramOrReturnType(BeanModelProperty.java:70) - Evaluating unwrapped getter for member getCarplate
[15:01:06:859] [DEBUG] - springfox.documentation.schema.property.bean.BeanModelProperty.paramOrReturnType(BeanModelProperty.java:70) - Evaluating unwrapped getter for member getCarplate
[15:01:06:859] [DEBUG] - springfox.documentation.schema.property.OptimizedModelPropertiesProvider.propertiesFor(OptimizedModelPropertiesProvider.java:127) - Reading property intime
[15:01:06:860] [DEBUG] - springfox.documentation.schema.property.bean.BeanModelProperty.paramOrReturnType(BeanModelProperty.java:70) - Evaluating unwrapped getter for member getIntime
[15:01:06:860] [DEBUG] - springfox.documentation.schema.property.ObjectMapperBeanPropertyNamingStrategy.nameForSerialization(ObjectMapperBeanPropertyNamingStrategy.java:57) - Name 'intime' renamed to 'intime'
[15:01:06:860] [DEBUG] - springfox.documentation.schema.property.OptimizedModelPropertiesProvider.beanModelProperty(OptimizedModelPropertiesProvider.java:315) - Adding property intime to model
[15:01:06:860] [DEBUG] - springfox.documentation.schema.property.bean.BeanModelProperty.paramOrReturnType(BeanModelProperty.java:70) - Evaluating unwrapped getter for member getIntime
[15:01:06:860] [DEBUG] - springfox.documentation.schema.property.bean.BeanModelProperty.paramOrReturnType(BeanModelProperty.java:70) - Evaluating unwrapped getter for member getIntime
[15:01:06:860] [DEBUG] - springfox.documentation.schema.property.bean.BeanModelProperty.paramOrReturnType(BeanModelProperty.java:70) - Evaluating unwrapped getter for member getIntime
[15:01:06:860] [DEBUG] - springfox.documentation.schema.property.bean.BeanModelProperty.paramOrReturnType(BeanModelProperty.java:70) - Evaluating unwrapped getter for member getIntime
[15:01:06:861] [DEBUG] - springfox.documentation.schema.property.OptimizedModelPropertiesProvider.propertiesFor(OptimizedModelPropertiesProvider.java:127) - Reading property outtime
[15:01:06:861] [DEBUG] - springfox.documentation.schema.property.bean.BeanModelProperty.paramOrReturnType(BeanModelProperty.java:70) - Evaluating unwrapped getter for member getOuttime
[15:01:06:861] [DEBUG] - springfox.documentation.schema.property.ObjectMapperBeanPropertyNamingStrategy.nameForSerialization(ObjectMapperBeanPropertyNamingStrategy.java:57) - Name 'outtime' renamed to 'outtime'
[15:01:06:862] [DEBUG] - springfox.documentation.schema.property.OptimizedModelPropertiesProvider.beanModelProperty(OptimizedModelPropertiesProvider.java:315) - Adding property outtime to model
[15:01:06:862] [DEBUG] - springfox.documentation.schema.property.bean.BeanModelProperty.paramOrReturnType(BeanModelProperty.java:70) - Evaluating unwrapped getter for member getOuttime
[15:01:06:862] [DEBUG] - springfox.documentation.schema.property.bean.BeanModelProperty.paramOrReturnType(BeanModelProperty.java:70) - Evaluating unwrapped getter for member getOuttime
[15:01:06:862] [DEBUG] - springfox.documentation.schema.property.bean.BeanModelProperty.paramOrReturnType(BeanModelProperty.java:70) - Evaluating unwrapped getter for member getOuttime
[15:01:06:862] [DEBUG] - springfox.documentation.schema.property.bean.BeanModelProperty.paramOrReturnType(BeanModelProperty.java:70) - Evaluating unwrapped getter for member getOuttime
[15:01:06:862] [DEBUG] - springfox.documentation.schema.DefaultModelProvider.reflectionBasedModel(DefaultModelProvider.java:101) - Inferred 7 properties. Properties found carplate, id, intime, memberid, outtime, parkinglotName, parkinglotid
[15:01:06:863] [DEBUG] - springfox.documentation.spring.web.scanners.ApiModelReader.read(ApiModelReader.java:71) - Generated parameter model id: Parking, name: Parking, schema: {} models
[15:01:06:863] [DEBUG] - springfox.documentation.spring.web.scanners.ApiModelReader.mergeModelMap(ApiModelReader.java:89) - Adding a new model with key Parking
[15:01:06:865] [DEBUG] - springfox.bean.validators.plugins.parameter.SizeAnnotationPlugin.apply(SizeAnnotationPlugin.java:52) - searching for @size: false
[15:01:06:865] [DEBUG] - springfox.documentation.spring.web.readers.operation.OperationResponseClassReader.apply(OperationResponseClassReader.java:59) - Setting spring response class to: Parking
[15:01:06:865] [DEBUG] - springfox.documentation.swagger.readers.operation.VendorExtensionsReader.apply(VendorExtensionsReader.java:59) - Extension count 1 for method getById
[15:01:06:866] [DEBUG] - springfox.documentation.swagger.readers.operation.SwaggerOperationResponseClassReader.apply(SwaggerOperationResponseClassReader.java:74) - Setting response class to:Parking
[15:01:06:866] [DEBUG] - springfox.documentation.swagger.readers.operation.OperationAuthReader.apply(OperationAuthReader.java:103) - Authorization count 1 for method getById
[15:01:06:867] [DEBUG] - springfox.documentation.spring.web.readers.operation.OperationModelsProvider.collectFromReturnType(OperationModelsProvider.java:76) - Adding return parameter of type Lcom/ustcsse/parking/model/po/Parking;
[15:01:06:867] [DEBUG] - springfox.documentation.spring.web.readers.operation.OperationModelsProvider.collectParameters(OperationModelsProvider.java:83) - Reading parameters models for handlerMethod |getByParkingVo|
[15:01:06:867] [DEBUG] - springfox.documentation.spring.web.readers.operation.OperationModelsProvider.collectParameters(OperationModelsProvider.java:90) - Adding input parameter of type Lcom/ustcsse/parking/model/vo/ParkingVo;
[15:01:06:867] [DEBUG] - springfox.documentation.spring.web.readers.operation.OperationModelsProvider.collectParameters(OperationModelsProvider.java:94) - Finished reading parameters models for handlerMethod |getByParkingVo|
[15:01:06:867] [DEBUG] - springfox.documentation.swagger.readers.operation.SwaggerOperationModelsProvider.collectApiResponses(SwaggerOperationModelsProvider.java:84) - Reading parameters models for handlerMethod |getByParkingVo|
[15:01:06:868] [DEBUG] - springfox.documentation.spring.web.scanners.ApiModelReader.read(ApiModelReader.java:71) - Generated parameter model id: Parking, name: Parking, schema: {} models
[15:01:06:868] [DEBUG] - springfox.documentation.spring.web.scanners.ApiModelReader.read(ApiModelReader.java:71) - Generated parameter model id: ParkingVo, name: ParkingVo, schema: {} models
[15:01:06:869] [DEBUG] - springfox.bean.validators.plugins.parameter.SizeAnnotationPlugin.apply(SizeAnnotationPlugin.java:52) - searching for @size: false
[15:01:06:869] [DEBUG] - springfox.documentation.spring.web.readers.operation.OperationResponseClassReader.apply(OperationResponseClassReader.java:59) - Setting spring response class to: Parking
[15:01:06:869] [DEBUG] - springfox.documentation.swagger.readers.operation.VendorExtensionsReader.apply(VendorExtensionsReader.java:59) - Extension count 1 for method getByParkingVo
[15:01:06:870] [DEBUG] - springfox.documentation.swagger.readers.operation.SwaggerOperationResponseClassReader.apply(SwaggerOperationResponseClassReader.java:74) - Setting response class to:Parking
[15:01:06:870] [DEBUG] - springfox.documentation.swagger.readers.operation.OperationAuthReader.apply(OperationAuthReader.java:103) - Authorization count 1 for method getByParkingVo
[15:01:06:871] [DEBUG] - springfox.documentation.spring.web.readers.operation.OperationModelsProvider.collectFromReturnType(OperationModelsProvider.java:76) - Adding return parameter of type Lcom/ustcsse/common/model/R;
[15:01:06:871] [DEBUG] - springfox.documentation.spring.web.readers.operation.OperationModelsProvider.collectParameters(OperationModelsProvider.java:83) - Reading parameters models for handlerMethod |getParking|
[15:01:06:871] [DEBUG] - springfox.documentation.spring.web.readers.operation.OperationModelsProvider.collectParameters(OperationModelsProvider.java:90) - Adding input parameter of type Lcom/ustcsse/parking/model/ParkingQueryParams;
[15:01:06:871] [DEBUG] - springfox.documentation.spring.web.readers.operation.OperationModelsProvider.collectParameters(OperationModelsProvider.java:94) - Finished reading parameters models for handlerMethod |getParking|
[15:01:06:871] [DEBUG] - springfox.documentation.swagger.readers.operation.SwaggerOperationModelsProvider.collectApiResponses(SwaggerOperationModelsProvider.java:84) - Reading parameters models for handlerMethod |getParking|
[15:01:06:871] [DEBUG] - springfox.documentation.spring.web.scanners.ApiModelReader.read(ApiModelReader.java:76) - Did not find any parameter models for com.ustcsse.common.model.R
[15:01:06:872] [DEBUG] - springfox.documentation.spring.web.scanners.ApiModelReader.read(ApiModelReader.java:71) - Generated parameter model id: ParkingQueryParams, name: ParkingQueryParams, schema: {} models
[15:01:06:872] [DEBUG] - springfox.documentation.schema.DefaultModelProvider.modelFor(DefaultModelProvider.java:86) - Skipping model of type [Ljava/lang/String; as its either a container type, map, enum or base type, or its already been handled
[15:01:06:872] [DEBUG] - springfox.documentation.schema.DefaultModelProvider.reflectionBasedModel(DefaultModelProvider.java:101) - Inferred 2 properties. Properties found pageNo, pageSize
[15:01:06:872] [DEBUG] - springfox.bean.validators.plugins.parameter.SizeAnnotationPlugin.apply(SizeAnnotationPlugin.java:52) - searching for @size: false
[15:01:06:873] [DEBUG] - springfox.documentation.spring.web.readers.operation.OperationResponseClassReader.apply(OperationResponseClassReader.java:59) - Setting spring response class to: R
[15:01:06:873] [DEBUG] - springfox.documentation.swagger.readers.operation.VendorExtensionsReader.apply(VendorExtensionsReader.java:59) - Extension count 1 for method getParking
[15:01:06:873] [DEBUG] - springfox.documentation.swagger.readers.operation.SwaggerOperationResponseClassReader.apply(SwaggerOperationResponseClassReader.java:74) - Setting response class to:R
[15:01:06:874] [DEBUG] - springfox.documentation.swagger.readers.operation.OperationAuthReader.apply(OperationAuthReader.java:103) - Authorization count 1 for method getParking
[15:01:06:874] [DEBUG] - springfox.documentation.spring.web.readers.operation.OperationModelsProvider.collectFromReturnType(OperationModelsProvider.java:76) - Adding return parameter of type Lcom/ustcsse/common/model/R;
[15:01:06:875] [DEBUG] - springfox.documentation.spring.web.readers.operation.OperationModelsProvider.collectParameters(OperationModelsProvider.java:83) - Reading parameters models for handlerMethod |parkingIn|
[15:01:06:875] [DEBUG] - springfox.documentation.spring.web.readers.operation.OperationModelsProvider.collectParameters(OperationModelsProvider.java:90) - Adding input parameter of type Lcom/ustcsse/parking/model/vo/ParkingVo;
[15:01:06:875] [DEBUG] - springfox.documentation.spring.web.readers.operation.OperationModelsProvider.collectParameters(OperationModelsProvider.java:94) - Finished reading parameters models for handlerMethod |parkingIn|
[15:01:06:875] [DEBUG] - springfox.documentation.swagger.readers.operation.SwaggerOperationModelsProvider.collectApiResponses(SwaggerOperationModelsProvider.java:84) - Reading parameters models for handlerMethod |parkingIn|
[15:01:06:875] [DEBUG] - springfox.documentation.spring.web.scanners.ApiModelReader.read(ApiModelReader.java:76) - Did not find any parameter models for com.ustcsse.common.model.R
[15:01:06:875] [DEBUG] - springfox.documentation.spring.web.scanners.ApiModelReader.read(ApiModelReader.java:71) - Generated parameter model id: ParkingVo, name: ParkingVo, schema: {} models
[15:01:06:876] [DEBUG] - springfox.bean.validators.plugins.parameter.SizeAnnotationPlugin.apply(SizeAnnotationPlugin.java:52) - searching for @size: false
[15:01:06:876] [DEBUG] - springfox.documentation.spring.web.readers.operation.OperationResponseClassReader.apply(OperationResponseClassReader.java:59) - Setting spring response class to: R
[15:01:06:877] [DEBUG] - springfox.documentation.swagger.readers.operation.VendorExtensionsReader.apply(VendorExtensionsReader.java:59) - Extension count 1 for method parkingIn
[15:01:06:877] [DEBUG] - springfox.documentation.swagger.readers.operation.SwaggerOperationResponseClassReader.apply(SwaggerOperationResponseClassReader.java:74) - Setting response class to:R
[15:01:06:877] [DEBUG] - springfox.documentation.swagger.readers.operation.OperationAuthReader.apply(OperationAuthReader.java:103) - Authorization count 1 for method parkingIn
[15:01:06:879] [DEBUG] - springfox.documentation.spring.web.readers.operation.OperationModelsProvider.collectFromReturnType(OperationModelsProvider.java:76) - Adding return parameter of type Lcom/ustcsse/common/model/R;
[15:01:06:879] [DEBUG] - springfox.documentation.spring.web.readers.operation.OperationModelsProvider.collectParameters(OperationModelsProvider.java:83) - Reading parameters models for handlerMethod |parkingOut|
[15:01:06:880] [DEBUG] - springfox.documentation.spring.web.readers.operation.OperationModelsProvider.collectParameters(OperationModelsProvider.java:90) - Adding input parameter of type Lcom/ustcsse/parking/model/vo/ParkingVo;
[15:01:06:880] [DEBUG] - springfox.documentation.spring.web.readers.operation.OperationModelsProvider.collectParameters(OperationModelsProvider.java:94) - Finished reading parameters models for handlerMethod |parkingOut|
[15:01:06:880] [DEBUG] - springfox.documentation.swagger.readers.operation.SwaggerOperationModelsProvider.collectApiResponses(SwaggerOperationModelsProvider.java:84) - Reading parameters models for handlerMethod |parkingOut|
[15:01:06:880] [DEBUG] - springfox.documentation.spring.web.scanners.ApiModelReader.read(ApiModelReader.java:76) - Did not find any parameter models for com.ustcsse.common.model.R
[15:01:06:880] [DEBUG] - springfox.documentation.spring.web.scanners.ApiModelReader.read(ApiModelReader.java:71) - Generated parameter model id: ParkingVo, name: ParkingVo, schema: {} models
[15:01:06:881] [DEBUG] - springfox.bean.validators.plugins.parameter.SizeAnnotationPlugin.apply(SizeAnnotationPlugin.java:52) - searching for @size: false
[15:01:06:881] [DEBUG] - springfox.documentation.spring.web.readers.operation.OperationResponseClassReader.apply(OperationResponseClassReader.java:59) - Setting spring response class to: R
[15:01:06:882] [DEBUG] - springfox.documentation.swagger.readers.operation.VendorExtensionsReader.apply(VendorExtensionsReader.java:59) - Extension count 1 for method parkingOut
[15:01:06:882] [DEBUG] - springfox.documentation.swagger.readers.operation.SwaggerOperationResponseClassReader.apply(SwaggerOperationResponseClassReader.java:74) - Setting response class to:R
[15:01:06:882] [DEBUG] - springfox.documentation.swagger.readers.operation.OperationAuthReader.apply(OperationAuthReader.java:103) - Authorization count 1 for method parkingOut
[15:01:06:883] [DEBUG] - springfox.documentation.spring.web.readers.operation.OperationModelsProvider.collectFromReturnType(OperationModelsProvider.java:76) - Adding return parameter of type V
[15:01:06:883] [DEBUG] - springfox.documentation.spring.web.readers.operation.OperationModelsProvider.collectParameters(OperationModelsProvider.java:83) - Reading parameters models for handlerMethod |updateParking|
[15:01:06:883] [DEBUG] - springfox.documentation.spring.web.readers.operation.OperationModelsProvider.collectParameters(OperationModelsProvider.java:90) - Adding input parameter of type Lcom/ustcsse/parking/model/vo/ParkingVo;
[15:01:06:884] [DEBUG] - springfox.documentation.spring.web.readers.operation.OperationModelsProvider.collectParameters(OperationModelsProvider.java:94) - Finished reading parameters models for handlerMethod |updateParking|
[15:01:06:884] [DEBUG] - springfox.documentation.swagger.readers.operation.SwaggerOperationModelsProvider.collectApiResponses(SwaggerOperationModelsProvider.java:84) - Reading parameters models for handlerMethod |updateParking|
[15:01:06:884] [DEBUG] - springfox.documentation.spring.web.scanners.ApiModelReader.read(ApiModelReader.java:76) - Did not find any parameter models for void
[15:01:06:884] [DEBUG] - springfox.documentation.spring.web.scanners.ApiModelReader.read(ApiModelReader.java:71) - Generated parameter model id: ParkingVo, name: ParkingVo, schema: {} models
[15:01:06:885] [DEBUG] - springfox.bean.validators.plugins.parameter.SizeAnnotationPlugin.apply(SizeAnnotationPlugin.java:52) - searching for @size: false
[15:01:06:885] [DEBUG] - springfox.documentation.spring.web.readers.operation.OperationResponseClassReader.apply(OperationResponseClassReader.java:59) - Setting spring response class to: null
[15:01:06:885] [DEBUG] - springfox.documentation.swagger.readers.operation.VendorExtensionsReader.apply(VendorExtensionsReader.java:59) - Extension count 1 for method updateParking
[15:01:06:885] [DEBUG] - springfox.documentation.swagger.readers.operation.OperationAuthReader.apply(OperationAuthReader.java:103) - Authorization count 1 for method updateParking
[15:01:06:919] [INFO] - org.springframework.boot.StartupInfoLogger.logStarted(StartupInfoLogger.java:61) - Started CarParkMasterParkingApplication in 13.701 seconds (JVM running for 15.2)
[15:01:28:012] [DEBUG] - springfox.documentation.spring.web.PropertySourcedRequestMappingHandlerMapping.lookupHandlerMethod(PropertySourcedRequestMappingHandlerMapping.java:108) - looking up handler for path: /auth/check
[15:01:28:034] [DEBUG] - springfox.documentation.spring.web.PropertySourcedRequestMappingHandlerMapping.lookupHandlerMethod(PropertySourcedRequestMappingHandlerMapping.java:108) - looking up handler for path: /auth/check
[15:01:38:494] [DEBUG] - springfox.documentation.spring.web.PropertySourcedRequestMappingHandlerMapping.lookupHandlerMethod(PropertySourcedRequestMappingHandlerMapping.java:108) - looking up handler for path: /auth/login
[15:01:38:496] [DEBUG] - springfox.documentation.spring.web.PropertySourcedRequestMappingHandlerMapping.lookupHandlerMethod(PropertySourcedRequestMappingHandlerMapping.java:108) - looking up handler for path: /auth/login
[15:01:38:699] [WARN] - com.alibaba.druid.pool.DruidAbstractDataSource.testConnectionInternal(DruidAbstractDataSource.java:1494) - discard long time none received connection. , jdbcUrl : jdbc:mysql://localhost:3306/cpm_auth?useSSL=false&useUnicode=true&characterEncoding=UTF-8&serverTimezone=Asia/Shanghai&allowPublicKeyRetrieval=true, version : 1.2.8, lastPacketReceivedIdleMillis : 76507
[15:01:38:700] [DEBUG] - com.alibaba.druid.pool.DruidDataSource.getConnectionDirect(DruidDataSource.java:1485) - skip not validate connection.
[15:01:38:710] [DEBUG] - org.apache.ibatis.logging.jdbc.BaseJdbcLogger.debug(BaseJdbcLogger.java:137) - ==>  Preparing: SELECT id,username,password,phone,status,create_time FROM user WHERE (username = ?)
[15:01:38:738] [DEBUG] - org.apache.ibatis.logging.jdbc.BaseJdbcLogger.debug(BaseJdbcLogger.java:137) - ==> Parameters: admin(String)
[15:01:38:767] [DEBUG] - org.apache.ibatis.logging.jdbc.BaseJdbcLogger.debug(BaseJdbcLogger.java:137) - <==      Total: 1
[15:01:38:887] [DEBUG] - io.lettuce.core.RedisClient.connectStandaloneAsync(RedisClient.java:263) - Trying to get a Redis connection for: RedisURI [host='localhost', port=6379]
[15:01:38:887] [DEBUG] - io.lettuce.core.RedisClient.lambda$getSocketAddressSupplier$19(RedisClient.java:775) - Resolved SocketAddress localhost:6379 using RedisURI [host='localhost', port=6379]
[15:01:38:888] [DEBUG] - io.lettuce.core.AbstractRedisClient.initializeChannelAsync0(AbstractRedisClient.java:312) - Connecting to Redis at localhost:6379
[15:01:38:891] [DEBUG] - io.lettuce.core.protocol.CommandHandler.channelRegistered(CommandHandler.java:181) - [channel=0xb988824d, [id: 0xebb09676] (inactive), chid=0x2] channelRegistered()
[15:01:38:892] [DEBUG] - io.lettuce.core.protocol.CommandHandler.channelActive(CommandHandler.java:294) - [channel=0xb988824d, /127.0.0.1:61112 -> localhost/127.0.0.1:6379, chid=0x2] channelActive()
[15:01:38:892] [DEBUG] - io.lettuce.core.protocol.DefaultEndpoint.lambda$notifyChannelActive$0(DefaultEndpoint.java:421) - [channel=0xb988824d, /127.0.0.1:61112 -> localhost/127.0.0.1:6379, epid=0x2] activateEndpointAndExecuteBufferedCommands 0 command(s) buffered
[15:01:38:892] [DEBUG] - io.lettuce.core.protocol.DefaultEndpoint.lambda$notifyChannelActive$0(DefaultEndpoint.java:426) - [channel=0xb988824d, /127.0.0.1:61112 -> localhost/127.0.0.1:6379, epid=0x2] activating endpoint
[15:01:38:892] [DEBUG] - io.lettuce.core.protocol.DefaultEndpoint.flushCommands(DefaultEndpoint.java:508) - [channel=0xb988824d, /127.0.0.1:61112 -> localhost/127.0.0.1:6379, epid=0x2] flushCommands()
[15:01:38:892] [DEBUG] - io.lettuce.core.protocol.DefaultEndpoint.flushCommands(DefaultEndpoint.java:523) - [channel=0xb988824d, /127.0.0.1:61112 -> localhost/127.0.0.1:6379, epid=0x2] flushCommands() Flushing 0 commands
[15:01:38:892] [DEBUG] - io.lettuce.core.protocol.ConnectionWatchdog.channelActive(ConnectionWatchdog.java:180) - [channel=0xb988824d, /127.0.0.1:61112 -> localhost/127.0.0.1:6379, last known addr=localhost/127.0.0.1:6379] channelActive()
[15:01:38:892] [DEBUG] - io.lettuce.core.protocol.CommandHandler.channelActive(CommandHandler.java:308) - [channel=0xb988824d, /127.0.0.1:61112 -> localhost/127.0.0.1:6379, chid=0x2] channelActive() done
[15:01:38:893] [DEBUG] - io.lettuce.core.AbstractRedisClient.lambda$null$4(AbstractRedisClient.java:359) - Connecting to Redis at localhost:6379: Success
[15:01:38:893] [DEBUG] - io.lettuce.core.protocol.ConnectionWatchdog.userEventTriggered(ConnectionWatchdog.java:148) - [channel=0xb988824d, /127.0.0.1:61112 -> localhost/127.0.0.1:6379, last known addr=localhost/127.0.0.1:6379] userEventTriggered(ctx, io.lettuce.core.ConnectionEvents$Activated@60b5585f)
[15:01:38:897] [DEBUG] - io.lettuce.core.RedisChannelHandler.dispatch(RedisChannelHandler.java:179) - dispatching command AsyncCommand [type=SET, output=StatusOutput [output=null, error='null'], commandType=io.lettuce.core.protocol.Command]
[15:01:38:898] [DEBUG] - io.lettuce.core.protocol.DefaultEndpoint.channelWriteAndFlush(DefaultEndpoint.java:389) - [channel=0xb988824d, /127.0.0.1:61112 -> localhost/127.0.0.1:6379, epid=0x2] write() writeAndFlush command AsyncCommand [type=SET, output=StatusOutput [output=null, error='null'], commandType=io.lettuce.core.protocol.Command]
[15:01:38:899] [DEBUG] - io.lettuce.core.protocol.CommandHandler.write(CommandHandler.java:374) - [channel=0xb988824d, /127.0.0.1:61112 -> localhost/127.0.0.1:6379, chid=0x2] write(ctx, AsyncCommand [type=SET, output=StatusOutput [output=null, error='null'], commandType=io.lettuce.core.protocol.Command], promise)
[15:01:38:899] [DEBUG] - io.lettuce.core.protocol.DefaultEndpoint.write(DefaultEndpoint.java:173) - [channel=0xb988824d, /127.0.0.1:61112 -> localhost/127.0.0.1:6379, epid=0x2] write() done
[15:01:38:901] [DEBUG] - io.lettuce.core.protocol.CommandEncoder.encode(CommandEncoder.java:101) - [channel=0xb988824d, /127.0.0.1:61112 -> localhost/127.0.0.1:6379] writing command AsyncCommand [type=SET, output=StatusOutput [output=null, error='null'], commandType=io.lettuce.core.protocol.Command]
[15:01:38:902] [DEBUG] - io.lettuce.core.protocol.CommandHandler.channelRead(CommandHandler.java:570) - [channel=0xb988824d, /127.0.0.1:61112 -> localhost/127.0.0.1:6379, chid=0x2] Received: 5 bytes, 1 commands in the stack
[15:01:38:902] [DEBUG] - io.lettuce.core.protocol.CommandHandler.decode(CommandHandler.java:616) - [channel=0xb988824d, /127.0.0.1:61112 -> localhost/127.0.0.1:6379, chid=0x2] Stack contains: 1 commands
[15:01:38:902] [DEBUG] - io.lettuce.core.protocol.RedisStateMachine.decode(RedisStateMachine.java:131) - Decode LatencyMeteredCommand [type=SET, output=StatusOutput [output=null, error='null'], commandType=io.lettuce.core.protocol.AsyncCommand]
[15:01:38:902] [DEBUG] - io.lettuce.core.protocol.RedisStateMachine.decode(RedisStateMachine.java:145) - Decoded LatencyMeteredCommand [type=SET, output=StatusOutput [output=OK, error='null'], commandType=io.lettuce.core.protocol.AsyncCommand], empty stack: true
[15:02:15:904] [DEBUG] - springfox.documentation.spring.web.PropertySourcedRequestMappingHandlerMapping.lookupHandlerMethod(PropertySourcedRequestMappingHandlerMapping.java:108) - looking up handler for path: /auth/check
[15:02:15:906] [DEBUG] - springfox.documentation.spring.web.PropertySourcedRequestMappingHandlerMapping.lookupHandlerMethod(PropertySourcedRequestMappingHandlerMapping.java:108) - looking up handler for path: /auth/check
[15:02:15:912] [DEBUG] - io.lettuce.core.RedisChannelHandler.dispatch(RedisChannelHandler.java:179) - dispatching command AsyncCommand [type=GET, output=ValueOutput [output=null, error='null'], commandType=io.lettuce.core.protocol.Command]
[15:02:15:913] [DEBUG] - io.lettuce.core.protocol.DefaultEndpoint.channelWriteAndFlush(DefaultEndpoint.java:389) - [channel=0xb988824d, /127.0.0.1:61112 -> localhost/127.0.0.1:6379, epid=0x2] write() writeAndFlush command AsyncCommand [type=GET, output=ValueOutput [output=null, error='null'], commandType=io.lettuce.core.protocol.Command]
[15:02:15:914] [DEBUG] - io.lettuce.core.protocol.CommandHandler.write(CommandHandler.java:374) - [channel=0xb988824d, /127.0.0.1:61112 -> localhost/127.0.0.1:6379, chid=0x2] write(ctx, AsyncCommand [type=GET, output=ValueOutput [output=null, error='null'], commandType=io.lettuce.core.protocol.Command], promise)
[15:02:15:914] [DEBUG] - io.lettuce.core.protocol.DefaultEndpoint.write(DefaultEndpoint.java:173) - [channel=0xb988824d, /127.0.0.1:61112 -> localhost/127.0.0.1:6379, epid=0x2] write() done
[15:02:15:915] [DEBUG] - io.lettuce.core.protocol.CommandEncoder.encode(CommandEncoder.java:101) - [channel=0xb988824d, /127.0.0.1:61112 -> localhost/127.0.0.1:6379] writing command AsyncCommand [type=GET, output=ValueOutput [output=null, error='null'], commandType=io.lettuce.core.protocol.Command]
[15:02:15:917] [DEBUG] - io.lettuce.core.protocol.CommandHandler.channelRead(CommandHandler.java:570) - [channel=0xb988824d, /127.0.0.1:61112 -> localhost/127.0.0.1:6379, chid=0x2] Received: 372 bytes, 1 commands in the stack
[15:02:15:917] [DEBUG] - io.lettuce.core.protocol.CommandHandler.decode(CommandHandler.java:616) - [channel=0xb988824d, /127.0.0.1:61112 -> localhost/127.0.0.1:6379, chid=0x2] Stack contains: 1 commands
[15:02:15:917] [DEBUG] - io.lettuce.core.protocol.RedisStateMachine.decode(RedisStateMachine.java:131) - Decode LatencyMeteredCommand [type=GET, output=ValueOutput [output=null, error='null'], commandType=io.lettuce.core.protocol.AsyncCommand]
[15:02:15:917] [DEBUG] - io.lettuce.core.protocol.RedisStateMachine.decode(RedisStateMachine.java:145) - Decoded LatencyMeteredCommand [type=GET, output=ValueOutput [output=[B@53aecc50, error='null'], commandType=io.lettuce.core.protocol.AsyncCommand], empty stack: true
