[09:11:24:513] [INFO] - org.apache.juli.logging.DirectJDKLog.log(DirectJDKLog.java:173) - Initializing Spring DispatcherServlet 'dispatcherServlet'
[09:11:24:514] [INFO] - org.springframework.web.servlet.FrameworkServlet.initServletBean(FrameworkServlet.java:525) - Initializing Servlet 'dispatcherServlet'
[09:11:24:525] [INFO] - org.springframework.web.servlet.FrameworkServlet.initServletBean(FrameworkServlet.java:547) - Completed initialization in 11 ms
[09:11:24:544] [DEBUG] - springfox.documentation.spring.web.PropertySourcedRequestMappingHandlerMapping.lookupHandlerMethod(PropertySourcedRequestMappingHandlerMapping.java:108) - looking up handler for path: /parkinglots/getAll
[09:11:24:925] [DEBUG] - org.apache.ibatis.logging.jdbc.BaseJdbcLogger.debug(BaseJdbcLogger.java:137) - ==>  Preparing: SELECT COUNT(*) FROM parkinglot
[09:11:24:956] [DEBUG] - org.apache.ibatis.logging.jdbc.BaseJdbcLogger.debug(BaseJdbcLogger.java:137) - ==> Parameters: 
[09:11:25:063] [ERROR] - org.apache.juli.logging.DirectJDKLog.log(DirectJDKLog.java:175) - Servlet.service() for servlet [dispatcherServlet] in context with path [] threw exception [Request processing failed; nested exception is org.springframework.jdbc.BadSqlGrammarException: 
### Error querying database.  Cause: java.sql.SQLSyntaxErrorException: Table 'cpm_parkinglot.parkinglot' doesn't exist
### The error may exist in com/ustcsse/parkinglot/mapper/ParkinglotMapper.java (best guess)
### The error may involve defaultParameterMap
### The error occurred while setting parameters
### SQL: SELECT COUNT(*) FROM parkinglot
### Cause: java.sql.SQLSyntaxErrorException: Table 'cpm_parkinglot.parkinglot' doesn't exist
; bad SQL grammar []; nested exception is java.sql.SQLSyntaxErrorException: Table 'cpm_parkinglot.parkinglot' doesn't exist] with root cause
java.sql.SQLSyntaxErrorException: Table 'cpm_parkinglot.parkinglot' doesn't exist
	at com.mysql.cj.jdbc.exceptions.SQLError.createSQLException(SQLError.java:120) ~[mysql-connector-java-8.0.22.jar:8.0.22]
	at com.mysql.cj.jdbc.exceptions.SQLError.createSQLException(SQLError.java:97) ~[mysql-connector-java-8.0.22.jar:8.0.22]
	at com.mysql.cj.jdbc.exceptions.SQLExceptionsMapping.translateException(SQLExceptionsMapping.java:122) ~[mysql-connector-java-8.0.22.jar:8.0.22]
	at com.mysql.cj.jdbc.ClientPreparedStatement.executeInternal(ClientPreparedStatement.java:953) ~[mysql-connector-java-8.0.22.jar:8.0.22]
	at com.mysql.cj.jdbc.ClientPreparedStatement.execute(ClientPreparedStatement.java:370) ~[mysql-connector-java-8.0.22.jar:8.0.22]
	at com.alibaba.druid.pool.DruidPooledPreparedStatement.execute(DruidPooledPreparedStatement.java:497) ~[druid-1.2.8.jar:1.2.8]
	at sun.reflect.NativeMethodAccessorImpl.invoke0(Native Method) ~[?:1.8.0_201]
	at sun.reflect.NativeMethodAccessorImpl.invoke(NativeMethodAccessorImpl.java:62) ~[?:1.8.0_201]
	at sun.reflect.DelegatingMethodAccessorImpl.invoke(DelegatingMethodAccessorImpl.java:43) ~[?:1.8.0_201]
	at java.lang.reflect.Method.invoke(Method.java:498) ~[?:1.8.0_201]
	at org.apache.ibatis.logging.jdbc.PreparedStatementLogger.invoke(PreparedStatementLogger.java:59) ~[mybatis-3.5.6.jar:3.5.6]
	at com.sun.proxy.$Proxy146.execute(Unknown Source) ~[?:?]
	at org.apache.ibatis.executor.statement.PreparedStatementHandler.query(PreparedStatementHandler.java:64) ~[mybatis-3.5.6.jar:3.5.6]
	at org.apache.ibatis.executor.statement.RoutingStatementHandler.query(RoutingStatementHandler.java:79) ~[mybatis-3.5.6.jar:3.5.6]
	at sun.reflect.NativeMethodAccessorImpl.invoke0(Native Method) ~[?:1.8.0_201]
	at sun.reflect.NativeMethodAccessorImpl.invoke(NativeMethodAccessorImpl.java:62) ~[?:1.8.0_201]
	at sun.reflect.DelegatingMethodAccessorImpl.invoke(DelegatingMethodAccessorImpl.java:43) ~[?:1.8.0_201]
	at java.lang.reflect.Method.invoke(Method.java:498) ~[?:1.8.0_201]
	at org.apache.ibatis.plugin.Plugin.invoke(Plugin.java:63) ~[mybatis-3.5.6.jar:3.5.6]
	at com.sun.proxy.$Proxy144.query(Unknown Source) ~[?:?]
	at com.baomidou.mybatisplus.core.executor.MybatisSimpleExecutor.doQuery(MybatisSimpleExecutor.java:69) ~[mybatis-plus-core-3.4.1.jar:3.4.1]
	at org.apache.ibatis.executor.BaseExecutor.queryFromDatabase(BaseExecutor.java:325) ~[mybatis-3.5.6.jar:3.5.6]
	at org.apache.ibatis.executor.BaseExecutor.query(BaseExecutor.java:156) ~[mybatis-3.5.6.jar:3.5.6]
	at com.baomidou.mybatisplus.core.executor.MybatisCachingExecutor.query(MybatisCachingExecutor.java:165) ~[mybatis-plus-core-3.4.1.jar:3.4.1]
	at com.baomidou.mybatisplus.extension.plugins.inner.PaginationInnerInterceptor.willDoQuery(PaginationInnerInterceptor.java:134) ~[mybatis-plus-extension-3.4.1.jar:3.4.1]
	at com.baomidou.mybatisplus.extension.plugins.MybatisPlusInterceptor.intercept(MybatisPlusInterceptor.java:59) ~[mybatis-plus-extension-3.4.1.jar:3.4.1]
	at org.apache.ibatis.plugin.Plugin.invoke(Plugin.java:61) ~[mybatis-3.5.6.jar:3.5.6]
	at com.sun.proxy.$Proxy143.query(Unknown Source) ~[?:?]
	at org.apache.ibatis.session.defaults.DefaultSqlSession.selectList(DefaultSqlSession.java:147) ~[mybatis-3.5.6.jar:3.5.6]
	at org.apache.ibatis.session.defaults.DefaultSqlSession.selectList(DefaultSqlSession.java:140) ~[mybatis-3.5.6.jar:3.5.6]
	at sun.reflect.NativeMethodAccessorImpl.invoke0(Native Method) ~[?:1.8.0_201]
	at sun.reflect.NativeMethodAccessorImpl.invoke(NativeMethodAccessorImpl.java:62) ~[?:1.8.0_201]
	at sun.reflect.DelegatingMethodAccessorImpl.invoke(DelegatingMethodAccessorImpl.java:43) ~[?:1.8.0_201]
	at java.lang.reflect.Method.invoke(Method.java:498) ~[?:1.8.0_201]
	at org.mybatis.spring.SqlSessionTemplate$SqlSessionInterceptor.invoke(SqlSessionTemplate.java:426) ~[mybatis-spring-2.0.5.jar:2.0.5]
	at com.sun.proxy.$Proxy114.selectList(Unknown Source) ~[?:?]
	at org.mybatis.spring.SqlSessionTemplate.selectList(SqlSessionTemplate.java:223) ~[mybatis-spring-2.0.5.jar:2.0.5]
	at com.baomidou.mybatisplus.core.override.MybatisMapperMethod.executeForIPage(MybatisMapperMethod.java:122) ~[mybatis-plus-core-3.4.1.jar:3.4.1]
	at com.baomidou.mybatisplus.core.override.MybatisMapperMethod.execute(MybatisMapperMethod.java:87) ~[mybatis-plus-core-3.4.1.jar:3.4.1]
	at com.baomidou.mybatisplus.core.override.MybatisMapperProxy$PlainMethodInvoker.invoke(MybatisMapperProxy.java:148) ~[mybatis-plus-core-3.4.1.jar:3.4.1]
	at com.baomidou.mybatisplus.core.override.MybatisMapperProxy.invoke(MybatisMapperProxy.java:89) ~[mybatis-plus-core-3.4.1.jar:3.4.1]
	at com.sun.proxy.$Proxy115.selectPage(Unknown Source) ~[?:?]
	at com.ustcsse.parkinglot.service.impl.ParkinglotServiceImpl.getAll(ParkinglotServiceImpl.java:33) ~[classes/:?]
	at com.ustcsse.parkinglot.service.impl.ParkinglotServiceImpl$$FastClassBySpringCGLIB$$d8a12439.invoke(<generated>) ~[classes/:?]
	at org.springframework.cglib.proxy.MethodProxy.invoke(MethodProxy.java:218) ~[spring-core-5.2.12.RELEASE.jar:5.2.12.RELEASE]
	at org.springframework.aop.framework.CglibAopProxy$DynamicAdvisedInterceptor.intercept(CglibAopProxy.java:687) ~[spring-aop-5.2.12.RELEASE.jar:5.2.12.RELEASE]
	at com.ustcsse.parkinglot.service.impl.ParkinglotServiceImpl$$EnhancerBySpringCGLIB$$b9f740d6.getAll(<generated>) ~[classes/:?]
	at com.ustcsse.parkinglot.controller.ParkinglotsController.getAll(ParkinglotsController.java:43) ~[classes/:?]
	at sun.reflect.NativeMethodAccessorImpl.invoke0(Native Method) ~[?:1.8.0_201]
	at sun.reflect.NativeMethodAccessorImpl.invoke(NativeMethodAccessorImpl.java:62) ~[?:1.8.0_201]
	at sun.reflect.DelegatingMethodAccessorImpl.invoke(DelegatingMethodAccessorImpl.java:43) ~[?:1.8.0_201]
	at java.lang.reflect.Method.invoke(Method.java:498) ~[?:1.8.0_201]
	at org.springframework.web.method.support.InvocableHandlerMethod.doInvoke(InvocableHandlerMethod.java:190) ~[spring-web-5.2.12.RELEASE.jar:5.2.12.RELEASE]
	at org.springframework.web.method.support.InvocableHandlerMethod.invokeForRequest(InvocableHandlerMethod.java:138) ~[spring-web-5.2.12.RELEASE.jar:5.2.12.RELEASE]
	at org.springframework.web.servlet.mvc.method.annotation.ServletInvocableHandlerMethod.invokeAndHandle(ServletInvocableHandlerMethod.java:105) ~[spring-webmvc-5.2.12.RELEASE.jar:5.2.12.RELEASE]
	at org.springframework.web.servlet.mvc.method.annotation.RequestMappingHandlerAdapter.invokeHandlerMethod(RequestMappingHandlerAdapter.java:878) ~[spring-webmvc-5.2.12.RELEASE.jar:5.2.12.RELEASE]
	at org.springframework.web.servlet.mvc.method.annotation.RequestMappingHandlerAdapter.handleInternal(RequestMappingHandlerAdapter.java:792) ~[spring-webmvc-5.2.12.RELEASE.jar:5.2.12.RELEASE]
	at org.springframework.web.servlet.mvc.method.AbstractHandlerMethodAdapter.handle(AbstractHandlerMethodAdapter.java:87) ~[spring-webmvc-5.2.12.RELEASE.jar:5.2.12.RELEASE]
	at org.springframework.web.servlet.DispatcherServlet.doDispatch(DispatcherServlet.java:1040) ~[spring-webmvc-5.2.12.RELEASE.jar:5.2.12.RELEASE]
	at org.springframework.web.servlet.DispatcherServlet.doService(DispatcherServlet.java:943) ~[spring-webmvc-5.2.12.RELEASE.jar:5.2.12.RELEASE]
	at org.springframework.web.servlet.FrameworkServlet.processRequest(FrameworkServlet.java:1006) ~[spring-webmvc-5.2.12.RELEASE.jar:5.2.12.RELEASE]
	at org.springframework.web.servlet.FrameworkServlet.doPost(FrameworkServlet.java:909) ~[spring-webmvc-5.2.12.RELEASE.jar:5.2.12.RELEASE]
	at javax.servlet.http.HttpServlet.service(HttpServlet.java:652) ~[tomcat-embed-core-9.0.41.jar:4.0.FR]
	at org.springframework.web.servlet.FrameworkServlet.service(FrameworkServlet.java:883) ~[spring-webmvc-5.2.12.RELEASE.jar:5.2.12.RELEASE]
	at javax.servlet.http.HttpServlet.service(HttpServlet.java:733) ~[tomcat-embed-core-9.0.41.jar:4.0.FR]
	at org.apache.catalina.core.ApplicationFilterChain.internalDoFilter(ApplicationFilterChain.java:231) ~[tomcat-embed-core-9.0.41.jar:9.0.41]
	at org.apache.catalina.core.ApplicationFilterChain.doFilter(ApplicationFilterChain.java:166) ~[tomcat-embed-core-9.0.41.jar:9.0.41]
	at org.apache.tomcat.websocket.server.WsFilter.doFilter(WsFilter.java:53) ~[tomcat-embed-websocket-9.0.41.jar:9.0.41]
	at org.apache.catalina.core.ApplicationFilterChain.internalDoFilter(ApplicationFilterChain.java:193) ~[tomcat-embed-core-9.0.41.jar:9.0.41]
	at org.apache.catalina.core.ApplicationFilterChain.doFilter(ApplicationFilterChain.java:166) ~[tomcat-embed-core-9.0.41.jar:9.0.41]
	at org.springframework.web.filter.RequestContextFilter.doFilterInternal(RequestContextFilter.java:100) ~[spring-web-5.2.12.RELEASE.jar:5.2.12.RELEASE]
	at org.springframework.web.filter.OncePerRequestFilter.doFilter(OncePerRequestFilter.java:119) ~[spring-web-5.2.12.RELEASE.jar:5.2.12.RELEASE]
	at org.apache.catalina.core.ApplicationFilterChain.internalDoFilter(ApplicationFilterChain.java:193) ~[tomcat-embed-core-9.0.41.jar:9.0.41]
	at org.apache.catalina.core.ApplicationFilterChain.doFilter(ApplicationFilterChain.java:166) ~[tomcat-embed-core-9.0.41.jar:9.0.41]
	at org.springframework.web.filter.FormContentFilter.doFilterInternal(FormContentFilter.java:93) ~[spring-web-5.2.12.RELEASE.jar:5.2.12.RELEASE]
	at org.springframework.web.filter.OncePerRequestFilter.doFilter(OncePerRequestFilter.java:119) ~[spring-web-5.2.12.RELEASE.jar:5.2.12.RELEASE]
	at org.apache.catalina.core.ApplicationFilterChain.internalDoFilter(ApplicationFilterChain.java:193) ~[tomcat-embed-core-9.0.41.jar:9.0.41]
	at org.apache.catalina.core.ApplicationFilterChain.doFilter(ApplicationFilterChain.java:166) ~[tomcat-embed-core-9.0.41.jar:9.0.41]
	at org.springframework.web.filter.CharacterEncodingFilter.doFilterInternal(CharacterEncodingFilter.java:201) ~[spring-web-5.2.12.RELEASE.jar:5.2.12.RELEASE]
	at org.springframework.web.filter.OncePerRequestFilter.doFilter(OncePerRequestFilter.java:119) ~[spring-web-5.2.12.RELEASE.jar:5.2.12.RELEASE]
	at org.apache.catalina.core.ApplicationFilterChain.internalDoFilter(ApplicationFilterChain.java:193) ~[tomcat-embed-core-9.0.41.jar:9.0.41]
	at org.apache.catalina.core.ApplicationFilterChain.doFilter(ApplicationFilterChain.java:166) ~[tomcat-embed-core-9.0.41.jar:9.0.41]
	at org.apache.catalina.core.StandardWrapperValve.invoke(StandardWrapperValve.java:202) [tomcat-embed-core-9.0.41.jar:9.0.41]
	at org.apache.catalina.core.StandardContextValve.invoke(StandardContextValve.java:97) [tomcat-embed-core-9.0.41.jar:9.0.41]
	at org.apache.catalina.authenticator.AuthenticatorBase.invoke(AuthenticatorBase.java:542) [tomcat-embed-core-9.0.41.jar:9.0.41]
	at org.apache.catalina.core.StandardHostValve.invoke(StandardHostValve.java:143) [tomcat-embed-core-9.0.41.jar:9.0.41]
	at org.apache.catalina.valves.ErrorReportValve.invoke(ErrorReportValve.java:92) [tomcat-embed-core-9.0.41.jar:9.0.41]
	at org.apache.catalina.core.StandardEngineValve.invoke(StandardEngineValve.java:78) [tomcat-embed-core-9.0.41.jar:9.0.41]
	at org.apache.catalina.connector.CoyoteAdapter.service(CoyoteAdapter.java:343) [tomcat-embed-core-9.0.41.jar:9.0.41]
	at org.apache.coyote.http11.Http11Processor.service(Http11Processor.java:374) [tomcat-embed-core-9.0.41.jar:9.0.41]
	at org.apache.coyote.AbstractProcessorLight.process(AbstractProcessorLight.java:65) [tomcat-embed-core-9.0.41.jar:9.0.41]
	at org.apache.coyote.AbstractProtocol$ConnectionHandler.process(AbstractProtocol.java:888) [tomcat-embed-core-9.0.41.jar:9.0.41]
	at org.apache.tomcat.util.net.NioEndpoint$SocketProcessor.doRun(NioEndpoint.java:1597) [tomcat-embed-core-9.0.41.jar:9.0.41]
	at org.apache.tomcat.util.net.SocketProcessorBase.run(SocketProcessorBase.java:49) [tomcat-embed-core-9.0.41.jar:9.0.41]
	at java.util.concurrent.ThreadPoolExecutor.runWorker(ThreadPoolExecutor.java:1149) [?:1.8.0_201]
	at java.util.concurrent.ThreadPoolExecutor$Worker.run(ThreadPoolExecutor.java:624) [?:1.8.0_201]
	at org.apache.tomcat.util.threads.TaskThread$WrappingRunnable.run(TaskThread.java:61) [tomcat-embed-core-9.0.41.jar:9.0.41]
	at java.lang.Thread.run(Thread.java:748) [?:1.8.0_201]
[09:11:25:084] [DEBUG] - springfox.documentation.spring.web.PropertySourcedRequestMappingHandlerMapping.lookupHandlerMethod(PropertySourcedRequestMappingHandlerMapping.java:108) - looking up handler for path: /error
[09:13:26:948] [DEBUG] - springfox.documentation.spring.web.PropertySourcedRequestMappingHandlerMapping.lookupHandlerMethod(PropertySourcedRequestMappingHandlerMapping.java:108) - looking up handler for path: /auth/check
[09:13:26:949] [DEBUG] - springfox.documentation.spring.web.PropertySourcedRequestMappingHandlerMapping.lookupHandlerMethod(PropertySourcedRequestMappingHandlerMapping.java:108) - looking up handler for path: /auth/check
[09:13:26:949] [DEBUG] - springfox.documentation.spring.web.PropertySourcedRequestMappingHandlerMapping.lookupHandlerMethod(PropertySourcedRequestMappingHandlerMapping.java:108) - looking up handler for path: /auth/check
[09:13:26:951] [DEBUG] - springfox.documentation.spring.web.PropertySourcedRequestMappingHandlerMapping.lookupHandlerMethod(PropertySourcedRequestMappingHandlerMapping.java:108) - looking up handler for path: /auth/check
[09:13:26:951] [DEBUG] - io.lettuce.core.RedisChannelHandler.dispatch(RedisChannelHandler.java:179) - dispatching command AsyncCommand [type=GET, output=ValueOutput [output=null, error='null'], commandType=io.lettuce.core.protocol.Command]
[09:13:26:952] [DEBUG] - io.lettuce.core.protocol.DefaultEndpoint.channelWriteAndFlush(DefaultEndpoint.java:389) - [channel=0x93a552b7, /127.0.0.1:53186 -> localhost/127.0.0.1:6379, epid=0x2] write() writeAndFlush command AsyncCommand [type=GET, output=ValueOutput [output=null, error='null'], commandType=io.lettuce.core.protocol.Command]
[09:13:26:953] [DEBUG] - io.lettuce.core.protocol.CommandHandler.write(CommandHandler.java:374) - [channel=0x93a552b7, /127.0.0.1:53186 -> localhost/127.0.0.1:6379, chid=0x2] write(ctx, AsyncCommand [type=GET, output=ValueOutput [output=null, error='null'], commandType=io.lettuce.core.protocol.Command], promise)
[09:13:26:953] [DEBUG] - io.lettuce.core.protocol.DefaultEndpoint.write(DefaultEndpoint.java:173) - [channel=0x93a552b7, /127.0.0.1:53186 -> localhost/127.0.0.1:6379, epid=0x2] write() done
[09:13:26:953] [DEBUG] - io.lettuce.core.RedisChannelHandler.dispatch(RedisChannelHandler.java:179) - dispatching command AsyncCommand [type=GET, output=ValueOutput [output=null, error='null'], commandType=io.lettuce.core.protocol.Command]
[09:13:26:954] [DEBUG] - io.lettuce.core.protocol.CommandEncoder.encode(CommandEncoder.java:101) - [channel=0x93a552b7, /127.0.0.1:53186 -> localhost/127.0.0.1:6379] writing command AsyncCommand [type=GET, output=ValueOutput [output=null, error='null'], commandType=io.lettuce.core.protocol.Command]
[09:13:26:954] [DEBUG] - io.lettuce.core.protocol.CommandHandler.channelRead(CommandHandler.java:570) - [channel=0x93a552b7, /127.0.0.1:53186 -> localhost/127.0.0.1:6379, chid=0x2] Received: 372 bytes, 1 commands in the stack
[09:13:26:954] [DEBUG] - io.lettuce.core.protocol.DefaultEndpoint.channelWriteAndFlush(DefaultEndpoint.java:389) - [channel=0x93a552b7, /127.0.0.1:53186 -> localhost/127.0.0.1:6379, epid=0x2] write() writeAndFlush command AsyncCommand [type=GET, output=ValueOutput [output=null, error='null'], commandType=io.lettuce.core.protocol.Command]
[09:13:26:954] [DEBUG] - io.lettuce.core.protocol.CommandHandler.decode(CommandHandler.java:616) - [channel=0x93a552b7, /127.0.0.1:53186 -> localhost/127.0.0.1:6379, chid=0x2] Stack contains: 1 commands
[09:13:26:955] [DEBUG] - io.lettuce.core.protocol.RedisStateMachine.decode(RedisStateMachine.java:131) - Decode LatencyMeteredCommand [type=GET, output=ValueOutput [output=null, error='null'], commandType=io.lettuce.core.protocol.AsyncCommand]
[09:13:26:955] [DEBUG] - io.lettuce.core.protocol.RedisStateMachine.decode(RedisStateMachine.java:145) - Decoded LatencyMeteredCommand [type=GET, output=ValueOutput [output=[B@2cbc7654, error='null'], commandType=io.lettuce.core.protocol.AsyncCommand], empty stack: true
[09:13:26:955] [DEBUG] - io.lettuce.core.protocol.CommandHandler.write(CommandHandler.java:374) - [channel=0x93a552b7, /127.0.0.1:53186 -> localhost/127.0.0.1:6379, chid=0x2] write(ctx, AsyncCommand [type=GET, output=ValueOutput [output=null, error='null'], commandType=io.lettuce.core.protocol.Command], promise)
[09:13:26:955] [DEBUG] - io.lettuce.core.protocol.DefaultEndpoint.write(DefaultEndpoint.java:173) - [channel=0x93a552b7, /127.0.0.1:53186 -> localhost/127.0.0.1:6379, epid=0x2] write() done
[09:13:26:956] [DEBUG] - io.lettuce.core.protocol.CommandEncoder.encode(CommandEncoder.java:101) - [channel=0x93a552b7, /127.0.0.1:53186 -> localhost/127.0.0.1:6379] writing command AsyncCommand [type=GET, output=ValueOutput [output=null, error='null'], commandType=io.lettuce.core.protocol.Command]
[09:13:26:957] [DEBUG] - io.lettuce.core.protocol.CommandHandler.channelRead(CommandHandler.java:570) - [channel=0x93a552b7, /127.0.0.1:53186 -> localhost/127.0.0.1:6379, chid=0x2] Received: 372 bytes, 1 commands in the stack
[09:13:26:957] [DEBUG] - io.lettuce.core.protocol.CommandHandler.decode(CommandHandler.java:616) - [channel=0x93a552b7, /127.0.0.1:53186 -> localhost/127.0.0.1:6379, chid=0x2] Stack contains: 1 commands
[09:13:26:957] [DEBUG] - io.lettuce.core.protocol.RedisStateMachine.decode(RedisStateMachine.java:131) - Decode LatencyMeteredCommand [type=GET, output=ValueOutput [output=null, error='null'], commandType=io.lettuce.core.protocol.AsyncCommand]
[09:13:26:957] [DEBUG] - io.lettuce.core.protocol.RedisStateMachine.decode(RedisStateMachine.java:145) - Decoded LatencyMeteredCommand [type=GET, output=ValueOutput [output=[B@1a5ee68c, error='null'], commandType=io.lettuce.core.protocol.AsyncCommand], empty stack: true
[09:13:26:975] [DEBUG] - springfox.documentation.spring.web.PropertySourcedRequestMappingHandlerMapping.lookupHandlerMethod(PropertySourcedRequestMappingHandlerMapping.java:108) - looking up handler for path: /parkinglots/getAll
[09:13:26:999] [WARN] - com.alibaba.druid.pool.DruidAbstractDataSource.testConnectionInternal(DruidAbstractDataSource.java:1494) - discard long time none received connection. , jdbcUrl : jdbc:mysql://localhost:3306/cpm_parkinglot?useSSL=false&useUnicode=true&characterEncoding=UTF-8&serverTimezone=Asia/Shanghai&allowPublicKeyRetrieval=true, version : 1.2.8, lastPacketReceivedIdleMillis : 122014
[09:13:27:000] [DEBUG] - com.alibaba.druid.pool.DruidDataSource.getConnectionDirect(DruidDataSource.java:1485) - skip not validate connection.
[09:13:27:003] [DEBUG] - org.apache.ibatis.logging.jdbc.BaseJdbcLogger.debug(BaseJdbcLogger.java:137) - ==>  Preparing: SELECT id,total,car_amount,left_amount,name,administrator,phone,address FROM parkinglot
[09:13:27:004] [DEBUG] - org.apache.ibatis.logging.jdbc.BaseJdbcLogger.debug(BaseJdbcLogger.java:137) - ==> Parameters: 
[09:13:27:034] [DEBUG] - org.apache.ibatis.logging.jdbc.BaseJdbcLogger.debug(BaseJdbcLogger.java:137) - <==      Total: 6
