[13:37:03:091] [WARN] - com.alibaba.druid.pool.DruidAbstractDataSource.testConnectionInternal(DruidAbstractDataSource.java:1494) - discard long time none received connection. , jdbcUrl : jdbc:mysql://localhost:3306/cpm_member?useSSL=false&useUnicode=true&characterEncoding=UTF-8&serverTimezone=Asia/Shanghai&allowPublicKeyRetrieval=true, version : 1.2.8, lastPacketReceivedIdleMillis : 112898
[13:37:03:139] [WARN] - com.alibaba.druid.pool.DruidAbstractDataSource.testConnectionInternal(DruidAbstractDataSource.java:1494) - discard long time none received connection. , jdbcUrl : jdbc:mysql://localhost:3306/cpm_parking?useSSL=false&useUnicode=true&characterEncoding=UTF-8&serverTimezone=Asia/Shanghai&allowPublicKeyRetrieval=true, version : 1.2.8, lastPacketReceivedIdleMillis : 114888
[13:37:03:168] [INFO] - com.ustcsse.parking.service.WebSocketServer.sendOneMessage(WebSocketServer.java:115) - 【websocket消息】 单点消息:皖A77777,欢迎光临!
[13:37:03:839] [INFO] - com.netflix.config.ChainedDynamicProperty$ChainLink.checkAndFlip(ChainedDynamicProperty.java:115) - Flipping property: cpm-parkinglots.ribbon.ActiveConnectionsLimit to use NEXT property: niws.loadbalancer.availabilityFilteringRule.activeConnectionsLimit = 2147483647
[13:37:04:074] [INFO] - com.netflix.config.ChainedDynamicProperty$ChainLink.checkAndFlip(ChainedDynamicProperty.java:115) - Flipping property: cpm-member.ribbon.ActiveConnectionsLimit to use NEXT property: niws.loadbalancer.availabilityFilteringRule.activeConnectionsLimit = 2147483647
[13:49:10:586] [INFO] - com.ustcsse.parking.service.WebSocketServer.onOpen(WebSocketServer.java:54) - 【websocket消息】有新的连接，总数为:2
[13:49:10:638] [WARN] - com.alibaba.druid.pool.DruidAbstractDataSource.testConnectionInternal(DruidAbstractDataSource.java:1494) - discard long time none received connection. , jdbcUrl : jdbc:mysql://localhost:3306/cpm_parkinglot?useSSL=false&useUnicode=true&characterEncoding=UTF-8&serverTimezone=Asia/Shanghai&allowPublicKeyRetrieval=true, version : 1.2.8, lastPacketReceivedIdleMillis : 727471
[13:49:28:683] [INFO] - com.ustcsse.parking.service.WebSocketServer.onOpen(WebSocketServer.java:54) - 【websocket消息】有新的连接，总数为:3
[13:49:28:715] [INFO] - com.ustcsse.parking.service.WebSocketServer.onOpen(WebSocketServer.java:54) - 【websocket消息】有新的连接，总数为:4
[13:49:28:739] [INFO] - com.ustcsse.parking.service.WebSocketServer.onOpen(WebSocketServer.java:54) - 【websocket消息】有新的连接，总数为:5
[13:49:28:770] [INFO] - com.ustcsse.parking.service.WebSocketServer.onOpen(WebSocketServer.java:54) - 【websocket消息】有新的连接，总数为:6
[13:49:28:797] [INFO] - com.ustcsse.parking.service.WebSocketServer.onOpen(WebSocketServer.java:54) - 【websocket消息】有新的连接，总数为:7
[13:49:28:826] [INFO] - com.ustcsse.parking.service.WebSocketServer.onOpen(WebSocketServer.java:54) - 【websocket消息】有新的连接，总数为:8
[13:49:41:058] [INFO] - com.ustcsse.parking.service.WebSocketServer.onOpen(WebSocketServer.java:54) - 【websocket消息】有新的连接，总数为:9
[13:49:41:089] [INFO] - com.ustcsse.parking.service.WebSocketServer.onOpen(WebSocketServer.java:54) - 【websocket消息】有新的连接，总数为:10
[13:49:41:120] [INFO] - com.ustcsse.parking.service.WebSocketServer.onOpen(WebSocketServer.java:54) - 【websocket消息】有新的连接，总数为:11
[13:49:41:143] [INFO] - com.ustcsse.parking.service.WebSocketServer.onOpen(WebSocketServer.java:54) - 【websocket消息】有新的连接，总数为:12
[13:49:44:521] [INFO] - com.ustcsse.parking.service.WebSocketServer.onOpen(WebSocketServer.java:54) - 【websocket消息】有新的连接，总数为:13
[13:49:49:191] [INFO] - com.ustcsse.parking.service.WebSocketServer.onOpen(WebSocketServer.java:54) - 【websocket消息】有新的连接，总数为:14
[13:49:50:131] [INFO] - com.ustcsse.parking.service.WebSocketServer.onOpen(WebSocketServer.java:54) - 【websocket消息】有新的连接，总数为:15
[13:49:51:778] [INFO] - com.ustcsse.parking.service.WebSocketServer.onOpen(WebSocketServer.java:54) - 【websocket消息】有新的连接，总数为:16
[13:49:57:824] [INFO] - com.ustcsse.parking.service.WebSocketServer.onOpen(WebSocketServer.java:54) - 【websocket消息】有新的连接，总数为:17
[13:49:59:151] [INFO] - com.ustcsse.parking.service.WebSocketServer.onOpen(WebSocketServer.java:54) - 【websocket消息】有新的连接，总数为:18
[13:51:04:372] [INFO] - com.ustcsse.parking.service.WebSocketServer.onOpen(WebSocketServer.java:54) - 【websocket消息】有新的连接，总数为:19
[13:51:04:409] [WARN] - com.alibaba.druid.pool.DruidAbstractDataSource.testConnectionInternal(DruidAbstractDataSource.java:1494) - discard long time none received connection. , jdbcUrl : jdbc:mysql://localhost:3306/cpm_parkinglot?useSSL=false&useUnicode=true&characterEncoding=UTF-8&serverTimezone=Asia/Shanghai&allowPublicKeyRetrieval=true, version : 1.2.8, lastPacketReceivedIdleMillis : 65234
[13:51:06:719] [INFO] - com.ustcsse.parking.service.WebSocketServer.onOpen(WebSocketServer.java:54) - 【websocket消息】有新的连接，总数为:20
[13:51:09:962] [INFO] - com.ustcsse.parking.service.WebSocketServer.onOpen(WebSocketServer.java:54) - 【websocket消息】有新的连接，总数为:21
[13:51:12:097] [INFO] - com.ustcsse.parking.service.WebSocketServer.onOpen(WebSocketServer.java:54) - 【websocket消息】有新的连接，总数为:22
[13:51:33:154] [INFO] - com.ustcsse.parking.service.WebSocketServer.onOpen(WebSocketServer.java:54) - 【websocket消息】有新的连接，总数为:23
[13:51:37:824] [INFO] - com.ustcsse.parking.service.WebSocketServer.onOpen(WebSocketServer.java:54) - 【websocket消息】有新的连接，总数为:24
[13:51:42:512] [INFO] - com.ustcsse.parking.service.WebSocketServer.onOpen(WebSocketServer.java:54) - 【websocket消息】有新的连接，总数为:25
[13:51:42:542] [INFO] - com.ustcsse.parking.service.WebSocketServer.onOpen(WebSocketServer.java:54) - 【websocket消息】有新的连接，总数为:26
[13:51:42:578] [INFO] - com.ustcsse.parking.service.WebSocketServer.onOpen(WebSocketServer.java:54) - 【websocket消息】有新的连接，总数为:27
[13:51:46:229] [INFO] - com.ustcsse.parking.service.WebSocketServer.onOpen(WebSocketServer.java:54) - 【websocket消息】有新的连接，总数为:28
[13:51:48:569] [INFO] - com.ustcsse.parking.service.WebSocketServer.onOpen(WebSocketServer.java:54) - 【websocket消息】有新的连接，总数为:29
[13:51:53:956] [INFO] - com.ustcsse.parking.service.WebSocketServer.onClose(WebSocketServer.java:67) - 【websocket消息】连接断开，总数为:25
[13:51:53:956] [INFO] - com.ustcsse.parking.service.WebSocketServer.onClose(WebSocketServer.java:67) - 【websocket消息】连接断开，总数为:25
[13:51:53:956] [INFO] - com.ustcsse.parking.service.WebSocketServer.onClose(WebSocketServer.java:67) - 【websocket消息】连接断开，总数为:22
[13:51:53:956] [INFO] - com.ustcsse.parking.service.WebSocketServer.onClose(WebSocketServer.java:67) - 【websocket消息】连接断开，总数为:24
[13:51:53:956] [INFO] - com.ustcsse.parking.service.WebSocketServer.onClose(WebSocketServer.java:67) - 【websocket消息】连接断开，总数为:21
[13:51:53:956] [INFO] - com.ustcsse.parking.service.WebSocketServer.onClose(WebSocketServer.java:67) - 【websocket消息】连接断开，总数为:25
[13:51:53:956] [INFO] - com.ustcsse.parking.service.WebSocketServer.onClose(WebSocketServer.java:67) - 【websocket消息】连接断开，总数为:20
[13:51:53:956] [INFO] - com.ustcsse.parking.service.WebSocketServer.onClose(WebSocketServer.java:67) - 【websocket消息】连接断开，总数为:24
[13:51:53:956] [INFO] - com.ustcsse.parking.service.WebSocketServer.onClose(WebSocketServer.java:67) - 【websocket消息】连接断开，总数为:19
[13:51:53:956] [INFO] - com.ustcsse.parking.service.WebSocketServer.onClose(WebSocketServer.java:67) - 【websocket消息】连接断开，总数为:18
[13:51:53:957] [INFO] - com.ustcsse.parking.service.WebSocketServer.onClose(WebSocketServer.java:67) - 【websocket消息】连接断开，总数为:16
[13:51:53:956] [INFO] - com.ustcsse.parking.service.WebSocketServer.onClose(WebSocketServer.java:67) - 【websocket消息】连接断开，总数为:23
[13:51:53:956] [INFO] - com.ustcsse.parking.service.WebSocketServer.onClose(WebSocketServer.java:67) - 【websocket消息】连接断开，总数为:17
[13:51:53:959] [INFO] - com.ustcsse.parking.service.WebSocketServer.onClose(WebSocketServer.java:67) - 【websocket消息】连接断开，总数为:15
[13:51:53:959] [INFO] - com.ustcsse.parking.service.WebSocketServer.onClose(WebSocketServer.java:67) - 【websocket消息】连接断开，总数为:14
[13:51:53:962] [INFO] - com.ustcsse.parking.service.WebSocketServer.onClose(WebSocketServer.java:67) - 【websocket消息】连接断开，总数为:9
[13:51:53:962] [INFO] - com.ustcsse.parking.service.WebSocketServer.onClose(WebSocketServer.java:67) - 【websocket消息】连接断开，总数为:10
[13:51:53:962] [INFO] - com.ustcsse.parking.service.WebSocketServer.onClose(WebSocketServer.java:67) - 【websocket消息】连接断开，总数为:11
[13:51:53:962] [INFO] - com.ustcsse.parking.service.WebSocketServer.onClose(WebSocketServer.java:67) - 【websocket消息】连接断开，总数为:12
[13:51:53:962] [INFO] - com.ustcsse.parking.service.WebSocketServer.onClose(WebSocketServer.java:67) - 【websocket消息】连接断开，总数为:5
[13:51:53:962] [INFO] - com.ustcsse.parking.service.WebSocketServer.onClose(WebSocketServer.java:67) - 【websocket消息】连接断开，总数为:7
[13:51:53:962] [INFO] - com.ustcsse.parking.service.WebSocketServer.onClose(WebSocketServer.java:67) - 【websocket消息】连接断开，总数为:13
[13:51:53:962] [INFO] - com.ustcsse.parking.service.WebSocketServer.onClose(WebSocketServer.java:67) - 【websocket消息】连接断开，总数为:6
[13:51:53:964] [INFO] - com.ustcsse.parking.service.WebSocketServer.onClose(WebSocketServer.java:67) - 【websocket消息】连接断开，总数为:1
[13:51:53:963] [INFO] - com.ustcsse.parking.service.WebSocketServer.onClose(WebSocketServer.java:67) - 【websocket消息】连接断开，总数为:3
[13:51:53:962] [INFO] - com.ustcsse.parking.service.WebSocketServer.onClose(WebSocketServer.java:67) - 【websocket消息】连接断开，总数为:8
[13:51:53:964] [INFO] - com.ustcsse.parking.service.WebSocketServer.onClose(WebSocketServer.java:67) - 【websocket消息】连接断开，总数为:2
[13:51:53:963] [INFO] - com.ustcsse.parking.service.WebSocketServer.onClose(WebSocketServer.java:67) - 【websocket消息】连接断开，总数为:3
[13:51:53:965] [INFO] - com.ustcsse.parking.service.WebSocketServer.onClose(WebSocketServer.java:67) - 【websocket消息】连接断开，总数为:0
[13:51:54:751] [INFO] - com.ustcsse.parking.service.WebSocketServer.onOpen(WebSocketServer.java:54) - 【websocket消息】有新的连接，总数为:1
[13:51:55:125] [INFO] - com.ustcsse.parking.service.WebSocketServer.onOpen(WebSocketServer.java:54) - 【websocket消息】有新的连接，总数为:2
[13:51:57:348] [INFO] - com.ustcsse.parking.service.WebSocketServer.onOpen(WebSocketServer.java:54) - 【websocket消息】有新的连接，总数为:3
[13:52:00:998] [INFO] - com.ustcsse.parking.service.WebSocketServer.onOpen(WebSocketServer.java:54) - 【websocket消息】有新的连接，总数为:4
[13:52:02:316] [INFO] - com.ustcsse.parking.service.WebSocketServer.onOpen(WebSocketServer.java:54) - 【websocket消息】有新的连接，总数为:5
[13:52:04:880] [INFO] - com.ustcsse.parking.service.WebSocketServer.onOpen(WebSocketServer.java:54) - 【websocket消息】有新的连接，总数为:6
[13:52:08:440] [INFO] - com.ustcsse.parking.service.WebSocketServer.onOpen(WebSocketServer.java:54) - 【websocket消息】有新的连接，总数为:7
[13:52:10:938] [INFO] - com.ustcsse.parking.service.WebSocketServer.onOpen(WebSocketServer.java:54) - 【websocket消息】有新的连接，总数为:8
[13:52:14:956] [INFO] - com.ustcsse.parking.service.WebSocketServer.onOpen(WebSocketServer.java:54) - 【websocket消息】有新的连接，总数为:9
[13:52:21:794] [INFO] - com.ustcsse.parking.service.WebSocketServer.onOpen(WebSocketServer.java:54) - 【websocket消息】有新的连接，总数为:10
[13:52:23:736] [INFO] - com.ustcsse.parking.service.WebSocketServer.onOpen(WebSocketServer.java:54) - 【websocket消息】有新的连接，总数为:11
[13:52:27:391] [INFO] - com.ustcsse.parking.service.WebSocketServer.onOpen(WebSocketServer.java:54) - 【websocket消息】有新的连接，总数为:12
[13:52:28:573] [INFO] - com.ustcsse.parking.service.WebSocketServer.onOpen(WebSocketServer.java:54) - 【websocket消息】有新的连接，总数为:13
[13:52:31:083] [INFO] - com.ustcsse.parking.service.WebSocketServer.onOpen(WebSocketServer.java:54) - 【websocket消息】有新的连接，总数为:14
[13:52:36:419] [INFO] - com.ustcsse.parking.service.WebSocketServer.onOpen(WebSocketServer.java:54) - 【websocket消息】有新的连接，总数为:15
[13:52:40:716] [INFO] - com.ustcsse.parking.service.WebSocketServer.onOpen(WebSocketServer.java:54) - 【websocket消息】有新的连接，总数为:16
[13:52:49:029] [INFO] - com.ustcsse.parking.service.WebSocketServer.onOpen(WebSocketServer.java:54) - 【websocket消息】有新的连接，总数为:17
[13:53:01:264] [INFO] - com.ustcsse.parking.service.WebSocketServer.onOpen(WebSocketServer.java:54) - 【websocket消息】有新的连接，总数为:18
[13:53:05:029] [INFO] - com.ustcsse.parking.service.WebSocketServer.onOpen(WebSocketServer.java:54) - 【websocket消息】有新的连接，总数为:19
[13:53:06:496] [INFO] - com.ustcsse.parking.service.WebSocketServer.onOpen(WebSocketServer.java:54) - 【websocket消息】有新的连接，总数为:20
[13:53:12:749] [INFO] - com.ustcsse.parking.service.WebSocketServer.onOpen(WebSocketServer.java:54) - 【websocket消息】有新的连接，总数为:21
[13:53:16:760] [INFO] - com.ustcsse.parking.service.WebSocketServer.onOpen(WebSocketServer.java:54) - 【websocket消息】有新的连接，总数为:22
[13:53:19:772] [INFO] - com.ustcsse.parking.service.WebSocketServer.onOpen(WebSocketServer.java:54) - 【websocket消息】有新的连接，总数为:23
[13:53:58:862] [INFO] - com.ustcsse.parking.service.WebSocketServer.onOpen(WebSocketServer.java:54) - 【websocket消息】有新的连接，总数为:24
[13:54:06:208] [INFO] - com.ustcsse.parking.service.WebSocketServer.onClose(WebSocketServer.java:67) - 【websocket消息】连接断开，总数为:22
[13:54:06:208] [INFO] - com.ustcsse.parking.service.WebSocketServer.onClose(WebSocketServer.java:67) - 【websocket消息】连接断开，总数为:22
[13:54:06:208] [INFO] - com.ustcsse.parking.service.WebSocketServer.onClose(WebSocketServer.java:67) - 【websocket消息】连接断开，总数为:21
[13:54:06:209] [INFO] - com.ustcsse.parking.service.WebSocketServer.onClose(WebSocketServer.java:67) - 【websocket消息】连接断开，总数为:18
[13:54:06:209] [INFO] - com.ustcsse.parking.service.WebSocketServer.onClose(WebSocketServer.java:67) - 【websocket消息】连接断开，总数为:18
[13:54:06:209] [INFO] - com.ustcsse.parking.service.WebSocketServer.onClose(WebSocketServer.java:67) - 【websocket消息】连接断开，总数为:20
[13:54:06:210] [INFO] - com.ustcsse.parking.service.WebSocketServer.onClose(WebSocketServer.java:67) - 【websocket消息】连接断开，总数为:16
[13:54:06:210] [INFO] - com.ustcsse.parking.service.WebSocketServer.onClose(WebSocketServer.java:67) - 【websocket消息】连接断开，总数为:17
[13:54:06:211] [INFO] - com.ustcsse.parking.service.WebSocketServer.onClose(WebSocketServer.java:67) - 【websocket消息】连接断开，总数为:15
[13:54:06:213] [INFO] - com.ustcsse.parking.service.WebSocketServer.onClose(WebSocketServer.java:67) - 【websocket消息】连接断开，总数为:12
[13:54:06:213] [INFO] - com.ustcsse.parking.service.WebSocketServer.onClose(WebSocketServer.java:67) - 【websocket消息】连接断开，总数为:13
[13:54:06:213] [INFO] - com.ustcsse.parking.service.WebSocketServer.onClose(WebSocketServer.java:67) - 【websocket消息】连接断开，总数为:13
[13:54:06:214] [INFO] - com.ustcsse.parking.service.WebSocketServer.onClose(WebSocketServer.java:67) - 【websocket消息】连接断开，总数为:8
[13:54:06:214] [INFO] - com.ustcsse.parking.service.WebSocketServer.onClose(WebSocketServer.java:67) - 【websocket消息】连接断开，总数为:10
[13:54:06:214] [INFO] - com.ustcsse.parking.service.WebSocketServer.onClose(WebSocketServer.java:67) - 【websocket消息】连接断开，总数为:10
[13:54:06:214] [INFO] - com.ustcsse.parking.service.WebSocketServer.onClose(WebSocketServer.java:67) - 【websocket消息】连接断开，总数为:7
[13:54:06:214] [INFO] - com.ustcsse.parking.service.WebSocketServer.onClose(WebSocketServer.java:67) - 【websocket消息】连接断开，总数为:5
[13:54:06:214] [INFO] - com.ustcsse.parking.service.WebSocketServer.onClose(WebSocketServer.java:67) - 【websocket消息】连接断开，总数为:9
[13:54:06:214] [INFO] - com.ustcsse.parking.service.WebSocketServer.onClose(WebSocketServer.java:67) - 【websocket消息】连接断开，总数为:6
[13:54:06:216] [INFO] - com.ustcsse.parking.service.WebSocketServer.onClose(WebSocketServer.java:67) - 【websocket消息】连接断开，总数为:4
[13:54:06:218] [INFO] - com.ustcsse.parking.service.WebSocketServer.onClose(WebSocketServer.java:67) - 【websocket消息】连接断开，总数为:1
[13:54:06:218] [INFO] - com.ustcsse.parking.service.WebSocketServer.onClose(WebSocketServer.java:67) - 【websocket消息】连接断开，总数为:2
[13:54:06:218] [INFO] - com.ustcsse.parking.service.WebSocketServer.onClose(WebSocketServer.java:67) - 【websocket消息】连接断开，总数为:0
[13:54:06:218] [INFO] - com.ustcsse.parking.service.WebSocketServer.onClose(WebSocketServer.java:67) - 【websocket消息】连接断开，总数为:3
[13:54:06:995] [INFO] - com.ustcsse.parking.service.WebSocketServer.onOpen(WebSocketServer.java:54) - 【websocket消息】有新的连接，总数为:1
[13:55:56:960] [WARN] - com.alibaba.nacos.common.http.HttpClientBeanHolder.shutdown(HttpClientBeanHolder.java:108) - [HttpClientBeanHolder] Start destroying common HttpClient
[13:55:56:960] [INFO] - com.netflix.loadbalancer.PollingServerListUpdater$LazyHolder$2.run(PollingServerListUpdater.java:53) - Shutting down the Executor Pool for PollingServerListUpdater
[13:55:56:960] [WARN] - com.alibaba.nacos.common.notify.NotifyCenter.shutdown(NotifyCenter.java:145) - [NotifyCenter] Start destroying Publisher
[13:55:56:960] [WARN] - com.alibaba.nacos.common.notify.NotifyCenter.shutdown(NotifyCenter.java:162) - [NotifyCenter] Destruction of the end
[13:55:56:961] [WARN] - com.alibaba.nacos.common.http.HttpClientBeanHolder.shutdown(HttpClientBeanHolder.java:114) - [HttpClientBeanHolder] Destruction of the end
[13:55:57:169] [INFO] - com.ustcsse.parking.service.WebSocketServer.onClose(WebSocketServer.java:67) - 【websocket消息】连接断开，总数为:0
[13:55:57:192] [INFO] - org.springframework.scheduling.concurrent.ExecutorConfigurationSupport.shutdown(ExecutorConfigurationSupport.java:218) - Shutting down ExecutorService 'Nacos-Watch-Task-Scheduler'
[13:55:57:197] [INFO] - com.alibaba.cloud.nacos.registry.NacosServiceRegistry.deregister(NacosServiceRegistry.java:94) - De-registering from Nacos Server now...
[13:55:57:199] [INFO] - com.alibaba.cloud.nacos.registry.NacosServiceRegistry.deregister(NacosServiceRegistry.java:114) - De-registration finished.
[13:56:05:499] [WARN] - org.springframework.beans.factory.support.DisposableBeanAdapter.invokeCustomDestroyMethod(DisposableBeanAdapter.java:349) - Destroy method 'close' on bean with name 'nacosServiceRegistry' threw an exception: java.lang.NullPointerException
[13:56:05:500] [INFO] - org.springframework.scheduling.concurrent.ExecutorConfigurationSupport.shutdown(ExecutorConfigurationSupport.java:218) - Shutting down ExecutorService 'applicationTaskExecutor'
[13:56:05:553] [INFO] - com.alibaba.druid.pool.DruidDataSource.close(DruidDataSource.java:2071) - {dataSource-1} closing ...
[13:56:05:558] [INFO] - com.alibaba.druid.pool.DruidDataSource.close(DruidDataSource.java:2144) - {dataSource-1} closed
[13:56:14:183] [INFO] - org.springframework.boot.SpringApplication.logStartupProfileInfo(SpringApplication.java:651) - No active profile set, falling back to default profiles: default
[13:56:15:152] [INFO] - org.springframework.data.repository.config.RepositoryConfigurationDelegate.multipleStoresDetected(RepositoryConfigurationDelegate.java:249) - Multiple Spring Data modules found, entering strict repository configuration mode!
[13:56:15:156] [INFO] - org.springframework.data.repository.config.RepositoryConfigurationDelegate.registerRepositoriesIn(RepositoryConfigurationDelegate.java:127) - Bootstrapping Spring Data Redis repositories in DEFAULT mode.
[13:56:15:187] [INFO] - org.springframework.data.repository.config.RepositoryConfigurationDelegate.registerRepositoriesIn(RepositoryConfigurationDelegate.java:187) - Finished Spring Data repository scanning in 15ms. Found 0 Redis repository interfaces.
[13:56:15:480] [INFO] - org.springframework.cloud.context.scope.GenericScope.setSerializationId(GenericScope.java:295) - BeanFactory id=141bfa2d-bd16-3c50-92ce-a95b82fe2402
[13:56:16:003] [INFO] - org.springframework.boot.web.embedded.tomcat.TomcatWebServer.initialize(TomcatWebServer.java:108) - Tomcat initialized with port(s): 10001 (http)
[13:56:16:016] [INFO] - org.apache.juli.logging.DirectJDKLog.log(DirectJDKLog.java:173) - Initializing ProtocolHandler ["http-nio-10001"]
[13:56:16:017] [INFO] - org.apache.juli.logging.DirectJDKLog.log(DirectJDKLog.java:173) - Starting service [Tomcat]
[13:56:16:018] [INFO] - org.apache.juli.logging.DirectJDKLog.log(DirectJDKLog.java:173) - Starting Servlet engine: [Apache Tomcat/9.0.41]
[13:56:16:200] [INFO] - org.apache.juli.logging.DirectJDKLog.log(DirectJDKLog.java:173) - Initializing Spring embedded WebApplicationContext
[13:56:16:201] [INFO] - org.springframework.boot.web.servlet.context.ServletWebServerApplicationContext.prepareWebApplicationContext(ServletWebServerApplicationContext.java:285) - Root WebApplicationContext: initialization completed in 1985 ms
[13:56:16:332] [INFO] - com.alibaba.druid.spring.boot.autoconfigure.DruidDataSourceAutoConfigure.dataSource(DruidDataSourceAutoConfigure.java:56) - Init DruidDataSource
[13:56:16:449] [INFO] - com.alibaba.druid.pool.DruidDataSource.init(DruidDataSource.java:998) - {dataSource-1} inited
[13:56:18:379] [INFO] - springfox.documentation.spring.web.PropertySourcedRequestMappingHandlerMapping.initHandlerMethods(PropertySourcedRequestMappingHandlerMapping.java:69) - Mapped URL path [/v2/api-docs] onto method [springfox.documentation.swagger2.web.Swagger2Controller#getDocumentation(String, HttpServletRequest)]
[13:56:18:428] [WARN] - com.netflix.config.sources.URLConfigurationSource.<init>(URLConfigurationSource.java:121) - No URLs will be polled as dynamic configuration sources.
[13:56:18:428] [INFO] - com.netflix.config.sources.URLConfigurationSource.<init>(URLConfigurationSource.java:122) - To enable URLs as dynamic configuration sources, define System property archaius.configurationSource.additionalUrls or make config.properties available on classpath.
[13:56:18:435] [WARN] - com.netflix.config.sources.URLConfigurationSource.<init>(URLConfigurationSource.java:121) - No URLs will be polled as dynamic configuration sources.
[13:56:18:435] [INFO] - com.netflix.config.sources.URLConfigurationSource.<init>(URLConfigurationSource.java:122) - To enable URLs as dynamic configuration sources, define System property archaius.configurationSource.additionalUrls or make config.properties available on classpath.
[13:56:18:604] [INFO] - org.springframework.scheduling.concurrent.ExecutorConfigurationSupport.initialize(ExecutorConfigurationSupport.java:181) - Initializing ExecutorService 'applicationTaskExecutor'
[13:56:20:014] [INFO] - org.springframework.cloud.commons.util.InetUtils.convertAddress(InetUtils.java:170) - Cannot determine local hostname
[13:56:20:019] [INFO] - org.springframework.scheduling.concurrent.ExecutorConfigurationSupport.initialize(ExecutorConfigurationSupport.java:181) - Initializing ExecutorService 'Nacos-Watch-Task-Scheduler'
[13:56:22:232] [INFO] - org.springframework.cloud.commons.util.InetUtils.convertAddress(InetUtils.java:170) - Cannot determine local hostname
[13:56:22:900] [INFO] - org.apache.juli.logging.DirectJDKLog.log(DirectJDKLog.java:173) - Starting ProtocolHandler ["http-nio-10001"]
[13:56:22:923] [INFO] - org.springframework.boot.web.embedded.tomcat.TomcatWebServer.start(TomcatWebServer.java:220) - Tomcat started on port(s): 10001 (http) with context path ''
[13:56:22:936] [INFO] - com.alibaba.cloud.nacos.registry.NacosServiceRegistry.register(NacosServiceRegistry.java:75) - nacos registry, DEFAULT_GROUP cpm-parking 192.168.108.1:10001 register finished
[13:56:24:218] [INFO] - org.springframework.cloud.commons.util.InetUtils.convertAddress(InetUtils.java:170) - Cannot determine local hostname
[13:56:24:219] [INFO] - springfox.documentation.spring.web.plugins.DocumentationPluginsBootstrapper.start(DocumentationPluginsBootstrapper.java:160) - Context refreshed
[13:56:24:236] [INFO] - springfox.documentation.spring.web.plugins.DocumentationPluginsBootstrapper.start(DocumentationPluginsBootstrapper.java:163) - Found 1 custom documentation plugin(s)
[13:56:24:286] [INFO] - springfox.documentation.spring.web.scanners.ApiListingReferenceScanner.scan(ApiListingReferenceScanner.java:41) - Scanning for api listing references
[13:56:24:557] [INFO] - org.springframework.boot.StartupInfoLogger.logStarted(StartupInfoLogger.java:61) - Started CarParkMasterParkingApplication in 14.31 seconds (JVM running for 15.814)
[13:57:27:831] [WARN] - com.alibaba.druid.pool.DruidAbstractDataSource.testConnectionInternal(DruidAbstractDataSource.java:1494) - discard long time none received connection. , jdbcUrl : jdbc:mysql://localhost:3306/cpm_parkinglot?useSSL=false&useUnicode=true&characterEncoding=UTF-8&serverTimezone=Asia/Shanghai&allowPublicKeyRetrieval=true, version : 1.2.8, lastPacketReceivedIdleMillis : 200769
[13:57:27:883] [INFO] - org.apache.juli.logging.DirectJDKLog.log(DirectJDKLog.java:173) - Initializing Spring DispatcherServlet 'dispatcherServlet'
[13:57:27:884] [INFO] - org.springframework.web.servlet.FrameworkServlet.initServletBean(FrameworkServlet.java:525) - Initializing Servlet 'dispatcherServlet'
[13:57:27:896] [INFO] - org.springframework.web.servlet.FrameworkServlet.initServletBean(FrameworkServlet.java:547) - Completed initialization in 12 ms
[13:57:27:972] [INFO] - com.ustcsse.parking.service.WebSocketServer.onOpen(WebSocketServer.java:54) - 【websocket消息】有新的连接，总数为:1
[13:57:40:635] [INFO] - com.netflix.config.ChainedDynamicProperty$ChainLink.checkAndFlip(ChainedDynamicProperty.java:115) - Flipping property: cpm-parkinglots.ribbon.ActiveConnectionsLimit to use NEXT property: niws.loadbalancer.availabilityFilteringRule.activeConnectionsLimit = 2147483647
[13:57:40:657] [INFO] - com.netflix.loadbalancer.BaseLoadBalancer.initWithConfig(BaseLoadBalancer.java:197) - Client: cpm-parkinglots instantiated a LoadBalancer: DynamicServerListLoadBalancer:{NFLoadBalancer:name=cpm-parkinglots,current list of Servers=[],Load balancer stats=Zone stats: {},Server stats: []}ServerList:null
[13:57:40:667] [INFO] - com.netflix.loadbalancer.DynamicServerListLoadBalancer.enableAndInitLearnNewServersFeature(DynamicServerListLoadBalancer.java:222) - Using serverListUpdater PollingServerListUpdater
[13:57:40:684] [INFO] - com.netflix.config.ChainedDynamicProperty$ChainLink.checkAndFlip(ChainedDynamicProperty.java:115) - Flipping property: cpm-parkinglots.ribbon.ActiveConnectionsLimit to use NEXT property: niws.loadbalancer.availabilityFilteringRule.activeConnectionsLimit = 2147483647
[13:57:40:686] [INFO] - com.netflix.loadbalancer.DynamicServerListLoadBalancer.restOfInit(DynamicServerListLoadBalancer.java:150) - DynamicServerListLoadBalancer for client cpm-parkinglots initialized: DynamicServerListLoadBalancer:{NFLoadBalancer:name=cpm-parkinglots,current list of Servers=[192.168.108.1:11000],Load balancer stats=Zone stats: {unknown=[Zone:unknown;	Instance count:1;	Active connections count: 0;	Circuit breaker tripped count: 0;	Active connections per server: 0.0;]
},Server stats: [[Server:192.168.108.1:11000;	Zone:UNKNOWN;	Total Requests:0;	Successive connection failure:0;	Total blackout seconds:0;	Last connection made:Thu Jan 01 08:00:00 CST 1970;	First connection made: Thu Jan 01 08:00:00 CST 1970;	Active Connections:0;	total failure count in last (1000) msecs:0;	average resp time:0.0;	90 percentile resp time:0.0;	95 percentile resp time:0.0;	min resp time:0.0;	max resp time:0.0;	stddev resp time:0.0]
]}ServerList:com.alibaba.cloud.nacos.ribbon.NacosServerList@3947cf46
[13:57:40:832] [INFO] - com.netflix.config.ChainedDynamicProperty$ChainLink.checkAndFlip(ChainedDynamicProperty.java:115) - Flipping property: cpm-member.ribbon.ActiveConnectionsLimit to use NEXT property: niws.loadbalancer.availabilityFilteringRule.activeConnectionsLimit = 2147483647
[13:57:40:834] [INFO] - com.netflix.loadbalancer.BaseLoadBalancer.initWithConfig(BaseLoadBalancer.java:197) - Client: cpm-member instantiated a LoadBalancer: DynamicServerListLoadBalancer:{NFLoadBalancer:name=cpm-member,current list of Servers=[],Load balancer stats=Zone stats: {},Server stats: []}ServerList:null
[13:57:40:835] [INFO] - com.netflix.loadbalancer.DynamicServerListLoadBalancer.enableAndInitLearnNewServersFeature(DynamicServerListLoadBalancer.java:222) - Using serverListUpdater PollingServerListUpdater
[13:57:40:840] [INFO] - com.netflix.config.ChainedDynamicProperty$ChainLink.checkAndFlip(ChainedDynamicProperty.java:115) - Flipping property: cpm-member.ribbon.ActiveConnectionsLimit to use NEXT property: niws.loadbalancer.availabilityFilteringRule.activeConnectionsLimit = 2147483647
[13:57:40:842] [INFO] - com.netflix.loadbalancer.DynamicServerListLoadBalancer.restOfInit(DynamicServerListLoadBalancer.java:150) - DynamicServerListLoadBalancer for client cpm-member initialized: DynamicServerListLoadBalancer:{NFLoadBalancer:name=cpm-member,current list of Servers=[192.168.108.1:8000],Load balancer stats=Zone stats: {unknown=[Zone:unknown;	Instance count:1;	Active connections count: 0;	Circuit breaker tripped count: 0;	Active connections per server: 0.0;]
},Server stats: [[Server:192.168.108.1:8000;	Zone:UNKNOWN;	Total Requests:0;	Successive connection failure:0;	Total blackout seconds:0;	Last connection made:Thu Jan 01 08:00:00 CST 1970;	First connection made: Thu Jan 01 08:00:00 CST 1970;	Active Connections:0;	total failure count in last (1000) msecs:0;	average resp time:0.0;	90 percentile resp time:0.0;	95 percentile resp time:0.0;	min resp time:0.0;	max resp time:0.0;	stddev resp time:0.0]
]}ServerList:com.alibaba.cloud.nacos.ribbon.NacosServerList@7d3aab4d
[13:57:40:859] [WARN] - com.alibaba.druid.pool.DruidAbstractDataSource.testConnectionInternal(DruidAbstractDataSource.java:1494) - discard long time none received connection. , jdbcUrl : jdbc:mysql://localhost:3306/cpm_member?useSSL=false&useUnicode=true&characterEncoding=UTF-8&serverTimezone=Asia/Shanghai&allowPublicKeyRetrieval=true, version : 1.2.8, lastPacketReceivedIdleMillis : 1237752
[13:57:41:123] [INFO] - com.ustcsse.parking.service.WebSocketServer.sendOneMessage(WebSocketServer.java:115) - 【websocket消息】 单点消息:皖A77777,欢迎光临!
[13:57:41:677] [INFO] - com.netflix.config.ChainedDynamicProperty$ChainLink.checkAndFlip(ChainedDynamicProperty.java:115) - Flipping property: cpm-parkinglots.ribbon.ActiveConnectionsLimit to use NEXT property: niws.loadbalancer.availabilityFilteringRule.activeConnectionsLimit = 2147483647
[13:57:41:849] [INFO] - com.netflix.config.ChainedDynamicProperty$ChainLink.checkAndFlip(ChainedDynamicProperty.java:115) - Flipping property: cpm-member.ribbon.ActiveConnectionsLimit to use NEXT property: niws.loadbalancer.availabilityFilteringRule.activeConnectionsLimit = 2147483647
[13:58:05:030] [INFO] - com.ustcsse.parking.service.WebSocketServer.onClose(WebSocketServer.java:67) - 【websocket消息】连接断开，总数为:0
[13:58:05:727] [INFO] - com.ustcsse.parking.service.WebSocketServer.onOpen(WebSocketServer.java:54) - 【websocket消息】有新的连接，总数为:1
[13:59:19:081] [INFO] - com.ustcsse.parking.service.WebSocketServer.onOpen(WebSocketServer.java:54) - 【websocket消息】有新的连接，总数为:2
[13:59:19:114] [WARN] - com.alibaba.druid.pool.DruidAbstractDataSource.testConnectionInternal(DruidAbstractDataSource.java:1494) - discard long time none received connection. , jdbcUrl : jdbc:mysql://localhost:3306/cpm_parkinglot?useSSL=false&useUnicode=true&characterEncoding=UTF-8&serverTimezone=Asia/Shanghai&allowPublicKeyRetrieval=true, version : 1.2.8, lastPacketReceivedIdleMillis : 73341
