[15:00:40:331] [WARN] - com.alibaba.nacos.common.notify.NotifyCenter.shutdown(NotifyCenter.java:145) - [NotifyCenter] Start destroying Publisher
[15:00:40:331] [WARN] - com.alibaba.nacos.common.http.HttpClientBeanHolder.shutdown(HttpClientBeanHolder.java:108) - [HttpClientBeanHolder] Start destroying common HttpClient
[15:00:40:331] [WARN] - com.alibaba.nacos.common.notify.NotifyCenter.shutdown(NotifyCenter.java:162) - [NotifyCenter] Destruction of the end
[15:00:40:332] [WARN] - com.alibaba.nacos.common.http.HttpClientBeanHolder.shutdown(HttpClientBeanHolder.java:114) - [HttpClientBeanHolder] Destruction of the end
[15:00:40:539] [INFO] - org.springframework.scheduling.concurrent.ExecutorConfigurationSupport.shutdown(ExecutorConfigurationSupport.java:218) - Shutting down ExecutorService 'Nacos-Watch-Task-Scheduler'
[15:00:40:544] [INFO] - com.alibaba.cloud.nacos.registry.NacosServiceRegistry.deregister(NacosServiceRegistry.java:94) - De-registering from Nacos Server now...
[15:00:40:549] [INFO] - com.alibaba.cloud.nacos.registry.NacosServiceRegistry.deregister(NacosServiceRegistry.java:114) - De-registration finished.
[15:00:49:457] [WARN] - org.springframework.beans.factory.support.DisposableBeanAdapter.invokeCustomDestroyMethod(DisposableBeanAdapter.java:349) - Destroy method 'close' on bean with name 'nacosServiceRegistry' threw an exception: java.lang.NullPointerException
[15:00:49:458] [INFO] - org.springframework.scheduling.concurrent.ExecutorConfigurationSupport.shutdown(ExecutorConfigurationSupport.java:218) - Shutting down ExecutorService 'applicationTaskExecutor'
[15:00:49:487] [INFO] - com.alibaba.druid.pool.DruidDataSource.close(DruidDataSource.java:2071) - {dataSource-1} closing ...
[15:00:49:488] [INFO] - com.alibaba.druid.pool.DruidDataSource.close(DruidDataSource.java:2144) - {dataSource-1} closed
[15:00:57:013] [INFO] - org.springframework.boot.SpringApplication.logStartupProfileInfo(SpringApplication.java:651) - No active profile set, falling back to default profiles: default
[15:00:58:075] [INFO] - org.springframework.data.repository.config.RepositoryConfigurationDelegate.multipleStoresDetected(RepositoryConfigurationDelegate.java:249) - Multiple Spring Data modules found, entering strict repository configuration mode!
[15:00:58:079] [INFO] - org.springframework.data.repository.config.RepositoryConfigurationDelegate.registerRepositoriesIn(RepositoryConfigurationDelegate.java:127) - Bootstrapping Spring Data Redis repositories in DEFAULT mode.
[15:00:58:118] [INFO] - org.springframework.data.repository.config.RepositoryConfigurationDelegate.registerRepositoriesIn(RepositoryConfigurationDelegate.java:187) - Finished Spring Data repository scanning in 20ms. Found 0 Redis repository interfaces.
[15:00:58:447] [INFO] - org.springframework.cloud.context.scope.GenericScope.setSerializationId(GenericScope.java:295) - BeanFactory id=141bfa2d-bd16-3c50-92ce-a95b82fe2402
[15:00:58:956] [INFO] - org.springframework.boot.web.embedded.tomcat.TomcatWebServer.initialize(TomcatWebServer.java:108) - Tomcat initialized with port(s): 10001 (http)
[15:00:58:968] [INFO] - org.apache.juli.logging.DirectJDKLog.log(DirectJDKLog.java:173) - Initializing ProtocolHandler ["http-nio-10001"]
[15:00:58:969] [INFO] - org.apache.juli.logging.DirectJDKLog.log(DirectJDKLog.java:173) - Starting service [Tomcat]
[15:00:58:970] [INFO] - org.apache.juli.logging.DirectJDKLog.log(DirectJDKLog.java:173) - Starting Servlet engine: [Apache Tomcat/9.0.41]
[15:00:59:128] [INFO] - org.apache.juli.logging.DirectJDKLog.log(DirectJDKLog.java:173) - Initializing Spring embedded WebApplicationContext
[15:00:59:128] [INFO] - org.springframework.boot.web.servlet.context.ServletWebServerApplicationContext.prepareWebApplicationContext(ServletWebServerApplicationContext.java:285) - Root WebApplicationContext: initialization completed in 2083 ms
[15:00:59:265] [INFO] - com.alibaba.druid.spring.boot.autoconfigure.DruidDataSourceAutoConfigure.dataSource(DruidDataSourceAutoConfigure.java:56) - Init DruidDataSource
[15:00:59:378] [INFO] - com.alibaba.druid.pool.DruidDataSource.init(DruidDataSource.java:998) - {dataSource-1} inited
[15:01:01:199] [INFO] - springfox.documentation.spring.web.PropertySourcedRequestMappingHandlerMapping.initHandlerMethods(PropertySourcedRequestMappingHandlerMapping.java:69) - Mapped URL path [/v2/api-docs] onto method [springfox.documentation.swagger2.web.Swagger2Controller#getDocumentation(String, HttpServletRequest)]
[15:01:01:247] [WARN] - com.netflix.config.sources.URLConfigurationSource.<init>(URLConfigurationSource.java:121) - No URLs will be polled as dynamic configuration sources.
[15:01:01:248] [INFO] - com.netflix.config.sources.URLConfigurationSource.<init>(URLConfigurationSource.java:122) - To enable URLs as dynamic configuration sources, define System property archaius.configurationSource.additionalUrls or make config.properties available on classpath.
[15:01:01:256] [WARN] - com.netflix.config.sources.URLConfigurationSource.<init>(URLConfigurationSource.java:121) - No URLs will be polled as dynamic configuration sources.
[15:01:01:256] [INFO] - com.netflix.config.sources.URLConfigurationSource.<init>(URLConfigurationSource.java:122) - To enable URLs as dynamic configuration sources, define System property archaius.configurationSource.additionalUrls or make config.properties available on classpath.
[15:01:01:417] [INFO] - org.springframework.scheduling.concurrent.ExecutorConfigurationSupport.initialize(ExecutorConfigurationSupport.java:181) - Initializing ExecutorService 'applicationTaskExecutor'
[15:01:02:792] [INFO] - org.springframework.cloud.commons.util.InetUtils.convertAddress(InetUtils.java:170) - Cannot determine local hostname
[15:01:02:797] [INFO] - org.springframework.scheduling.concurrent.ExecutorConfigurationSupport.initialize(ExecutorConfigurationSupport.java:181) - Initializing ExecutorService 'Nacos-Watch-Task-Scheduler'
[15:01:04:790] [INFO] - org.springframework.cloud.commons.util.InetUtils.convertAddress(InetUtils.java:170) - Cannot determine local hostname
[15:01:05:294] [INFO] - org.apache.juli.logging.DirectJDKLog.log(DirectJDKLog.java:173) - Starting ProtocolHandler ["http-nio-10001"]
[15:01:05:313] [INFO] - org.springframework.boot.web.embedded.tomcat.TomcatWebServer.start(TomcatWebServer.java:220) - Tomcat started on port(s): 10001 (http) with context path ''
[15:01:05:327] [INFO] - com.alibaba.cloud.nacos.registry.NacosServiceRegistry.register(NacosServiceRegistry.java:75) - nacos registry, DEFAULT_GROUP cpm-parking 192.168.108.1:10001 register finished
[15:01:06:604] [INFO] - org.springframework.cloud.commons.util.InetUtils.convertAddress(InetUtils.java:170) - Cannot determine local hostname
[15:01:06:604] [INFO] - springfox.documentation.spring.web.plugins.DocumentationPluginsBootstrapper.start(DocumentationPluginsBootstrapper.java:160) - Context refreshed
[15:01:06:624] [INFO] - springfox.documentation.spring.web.plugins.DocumentationPluginsBootstrapper.start(DocumentationPluginsBootstrapper.java:163) - Found 1 custom documentation plugin(s)
[15:01:06:671] [INFO] - springfox.documentation.spring.web.scanners.ApiListingReferenceScanner.scan(ApiListingReferenceScanner.java:41) - Scanning for api listing references
[15:01:06:919] [INFO] - org.springframework.boot.StartupInfoLogger.logStarted(StartupInfoLogger.java:61) - Started CarParkMasterParkingApplication in 13.701 seconds (JVM running for 15.2)
[15:01:38:699] [WARN] - com.alibaba.druid.pool.DruidAbstractDataSource.testConnectionInternal(DruidAbstractDataSource.java:1494) - discard long time none received connection. , jdbcUrl : jdbc:mysql://localhost:3306/cpm_auth?useSSL=false&useUnicode=true&characterEncoding=UTF-8&serverTimezone=Asia/Shanghai&allowPublicKeyRetrieval=true, version : 1.2.8, lastPacketReceivedIdleMillis : 76507
[15:02:16:001] [INFO] - org.apache.juli.logging.DirectJDKLog.log(DirectJDKLog.java:173) - Initializing Spring DispatcherServlet 'dispatcherServlet'
[15:02:16:002] [INFO] - org.springframework.web.servlet.FrameworkServlet.initServletBean(FrameworkServlet.java:525) - Initializing Servlet 'dispatcherServlet'
[15:02:16:017] [INFO] - org.springframework.web.servlet.FrameworkServlet.initServletBean(FrameworkServlet.java:547) - Completed initialization in 15 ms
[15:02:16:102] [INFO] - com.ustcsse.parking.service.WebSocketServer.onOpen(WebSocketServer.java:54) - 【websocket消息】有新的连接，总数为:1
[15:03:07:584] [INFO] - com.ustcsse.parking.service.WebSocketServer.onOpen(WebSocketServer.java:54) - 【websocket消息】有新的连接，总数为:2
[15:03:36:502] [INFO] - com.netflix.config.ChainedDynamicProperty$ChainLink.checkAndFlip(ChainedDynamicProperty.java:115) - Flipping property: cpm-member.ribbon.ActiveConnectionsLimit to use NEXT property: niws.loadbalancer.availabilityFilteringRule.activeConnectionsLimit = 2147483647
[15:03:36:520] [INFO] - com.netflix.loadbalancer.BaseLoadBalancer.initWithConfig(BaseLoadBalancer.java:197) - Client: cpm-member instantiated a LoadBalancer: DynamicServerListLoadBalancer:{NFLoadBalancer:name=cpm-member,current list of Servers=[],Load balancer stats=Zone stats: {},Server stats: []}ServerList:null
[15:03:36:528] [INFO] - com.netflix.loadbalancer.DynamicServerListLoadBalancer.enableAndInitLearnNewServersFeature(DynamicServerListLoadBalancer.java:222) - Using serverListUpdater PollingServerListUpdater
[15:03:36:550] [INFO] - com.netflix.config.ChainedDynamicProperty$ChainLink.checkAndFlip(ChainedDynamicProperty.java:115) - Flipping property: cpm-member.ribbon.ActiveConnectionsLimit to use NEXT property: niws.loadbalancer.availabilityFilteringRule.activeConnectionsLimit = 2147483647
[15:03:36:553] [INFO] - com.netflix.loadbalancer.DynamicServerListLoadBalancer.restOfInit(DynamicServerListLoadBalancer.java:150) - DynamicServerListLoadBalancer for client cpm-member initialized: DynamicServerListLoadBalancer:{NFLoadBalancer:name=cpm-member,current list of Servers=[192.168.108.1:8000],Load balancer stats=Zone stats: {unknown=[Zone:unknown;	Instance count:1;	Active connections count: 0;	Circuit breaker tripped count: 0;	Active connections per server: 0.0;]
},Server stats: [[Server:192.168.108.1:8000;	Zone:UNKNOWN;	Total Requests:0;	Successive connection failure:0;	Total blackout seconds:0;	Last connection made:Thu Jan 01 08:00:00 CST 1970;	First connection made: Thu Jan 01 08:00:00 CST 1970;	Active Connections:0;	total failure count in last (1000) msecs:0;	average resp time:0.0;	90 percentile resp time:0.0;	95 percentile resp time:0.0;	min resp time:0.0;	max resp time:0.0;	stddev resp time:0.0]
]}ServerList:com.alibaba.cloud.nacos.ribbon.NacosServerList@54871fda
[15:03:36:680] [INFO] - com.netflix.config.ChainedDynamicProperty$ChainLink.checkAndFlip(ChainedDynamicProperty.java:115) - Flipping property: cpm-parkinglots.ribbon.ActiveConnectionsLimit to use NEXT property: niws.loadbalancer.availabilityFilteringRule.activeConnectionsLimit = 2147483647
[15:03:36:681] [INFO] - com.netflix.loadbalancer.BaseLoadBalancer.initWithConfig(BaseLoadBalancer.java:197) - Client: cpm-parkinglots instantiated a LoadBalancer: DynamicServerListLoadBalancer:{NFLoadBalancer:name=cpm-parkinglots,current list of Servers=[],Load balancer stats=Zone stats: {},Server stats: []}ServerList:null
[15:03:36:682] [INFO] - com.netflix.loadbalancer.DynamicServerListLoadBalancer.enableAndInitLearnNewServersFeature(DynamicServerListLoadBalancer.java:222) - Using serverListUpdater PollingServerListUpdater
[15:03:36:688] [INFO] - com.netflix.config.ChainedDynamicProperty$ChainLink.checkAndFlip(ChainedDynamicProperty.java:115) - Flipping property: cpm-parkinglots.ribbon.ActiveConnectionsLimit to use NEXT property: niws.loadbalancer.availabilityFilteringRule.activeConnectionsLimit = 2147483647
[15:03:36:691] [INFO] - com.netflix.loadbalancer.DynamicServerListLoadBalancer.restOfInit(DynamicServerListLoadBalancer.java:150) - DynamicServerListLoadBalancer for client cpm-parkinglots initialized: DynamicServerListLoadBalancer:{NFLoadBalancer:name=cpm-parkinglots,current list of Servers=[192.168.108.1:11000],Load balancer stats=Zone stats: {unknown=[Zone:unknown;	Instance count:1;	Active connections count: 0;	Circuit breaker tripped count: 0;	Active connections per server: 0.0;]
},Server stats: [[Server:192.168.108.1:11000;	Zone:UNKNOWN;	Total Requests:0;	Successive connection failure:0;	Total blackout seconds:0;	Last connection made:Thu Jan 01 08:00:00 CST 1970;	First connection made: Thu Jan 01 08:00:00 CST 1970;	Active Connections:0;	total failure count in last (1000) msecs:0;	average resp time:0.0;	90 percentile resp time:0.0;	95 percentile resp time:0.0;	min resp time:0.0;	max resp time:0.0;	stddev resp time:0.0]
]}ServerList:com.alibaba.cloud.nacos.ribbon.NacosServerList@4880f52
[15:03:37:030] [INFO] - com.ustcsse.parking.service.WebSocketServer.sendOneMessage(WebSocketServer.java:115) - 【websocket消息】 单点消息:【新消息】会员停车：皖A77777,剩余有效天数：80天！
[15:03:37:105] [INFO] - com.netflix.config.ChainedDynamicProperty$ChainLink.checkAndFlip(ChainedDynamicProperty.java:115) - Flipping property: cpm-order.ribbon.ActiveConnectionsLimit to use NEXT property: niws.loadbalancer.availabilityFilteringRule.activeConnectionsLimit = 2147483647
[15:03:37:108] [INFO] - com.netflix.loadbalancer.BaseLoadBalancer.initWithConfig(BaseLoadBalancer.java:197) - Client: cpm-order instantiated a LoadBalancer: DynamicServerListLoadBalancer:{NFLoadBalancer:name=cpm-order,current list of Servers=[],Load balancer stats=Zone stats: {},Server stats: []}ServerList:null
[15:03:37:109] [INFO] - com.netflix.loadbalancer.DynamicServerListLoadBalancer.enableAndInitLearnNewServersFeature(DynamicServerListLoadBalancer.java:222) - Using serverListUpdater PollingServerListUpdater
[15:03:37:118] [INFO] - com.netflix.config.ChainedDynamicProperty$ChainLink.checkAndFlip(ChainedDynamicProperty.java:115) - Flipping property: cpm-order.ribbon.ActiveConnectionsLimit to use NEXT property: niws.loadbalancer.availabilityFilteringRule.activeConnectionsLimit = 2147483647
[15:03:37:122] [INFO] - com.netflix.loadbalancer.DynamicServerListLoadBalancer.restOfInit(DynamicServerListLoadBalancer.java:150) - DynamicServerListLoadBalancer for client cpm-order initialized: DynamicServerListLoadBalancer:{NFLoadBalancer:name=cpm-order,current list of Servers=[192.168.108.1:9000],Load balancer stats=Zone stats: {unknown=[Zone:unknown;	Instance count:1;	Active connections count: 0;	Circuit breaker tripped count: 0;	Active connections per server: 0.0;]
},Server stats: [[Server:192.168.108.1:9000;	Zone:UNKNOWN;	Total Requests:0;	Successive connection failure:0;	Total blackout seconds:0;	Last connection made:Thu Jan 01 08:00:00 CST 1970;	First connection made: Thu Jan 01 08:00:00 CST 1970;	Active Connections:0;	total failure count in last (1000) msecs:0;	average resp time:0.0;	90 percentile resp time:0.0;	95 percentile resp time:0.0;	min resp time:0.0;	max resp time:0.0;	stddev resp time:0.0]
]}ServerList:com.alibaba.cloud.nacos.ribbon.NacosServerList@435175b1
[15:03:37:534] [INFO] - com.netflix.config.ChainedDynamicProperty$ChainLink.checkAndFlip(ChainedDynamicProperty.java:115) - Flipping property: cpm-member.ribbon.ActiveConnectionsLimit to use NEXT property: niws.loadbalancer.availabilityFilteringRule.activeConnectionsLimit = 2147483647
[15:03:37:691] [INFO] - com.netflix.config.ChainedDynamicProperty$ChainLink.checkAndFlip(ChainedDynamicProperty.java:115) - Flipping property: cpm-parkinglots.ribbon.ActiveConnectionsLimit to use NEXT property: niws.loadbalancer.availabilityFilteringRule.activeConnectionsLimit = 2147483647
[15:03:38:111] [INFO] - com.netflix.config.ChainedDynamicProperty$ChainLink.checkAndFlip(ChainedDynamicProperty.java:115) - Flipping property: cpm-order.ribbon.ActiveConnectionsLimit to use NEXT property: niws.loadbalancer.availabilityFilteringRule.activeConnectionsLimit = 2147483647
[15:05:22:643] [INFO] - com.ustcsse.parking.service.WebSocketServer.onOpen(WebSocketServer.java:54) - 【websocket消息】有新的连接，总数为:3
