[10:33:02:829] [INFO] - com.ustcsse.parking.service.WebSocketServer.onOpen(WebSocketServer.java:54) - 【websocket消息】有新的连接，总数为:3
[10:33:30:320] [INFO] - com.ustcsse.parking.service.WebSocketServer.onClose(WebSocketServer.java:67) - 【websocket消息】连接断开，总数为:2
[10:33:30:320] [INFO] - com.ustcsse.parking.service.WebSocketServer.onClose(WebSocketServer.java:67) - 【websocket消息】连接断开，总数为:0
[10:33:30:320] [INFO] - com.ustcsse.parking.service.WebSocketServer.onClose(WebSocketServer.java:67) - 【websocket消息】连接断开，总数为:1
[10:33:31:980] [INFO] - com.ustcsse.parking.service.WebSocketServer.onOpen(WebSocketServer.java:54) - 【websocket消息】有新的连接，总数为:1
[10:34:38:033] [INFO] - com.ustcsse.parking.service.WebSocketServer.onOpen(WebSocketServer.java:54) - 【websocket消息】有新的连接，总数为:2
[10:35:06:522] [WARN] - com.alibaba.druid.pool.DruidAbstractDataSource.testConnectionInternal(DruidAbstractDataSource.java:1494) - discard long time none received connection. , jdbcUrl : jdbc:mysql://192.168.232.130:3306/cpm_parking?useSSL=false&useUnicode=true&characterEncoding=UTF-8&serverTimezone=Asia/Shanghai&allowPublicKeyRetrieval=true, version : 1.2.8, lastPacketReceivedIdleMillis : 76618
[10:35:07:289] [INFO] - com.netflix.config.ChainedDynamicProperty$ChainLink.checkAndFlip(ChainedDynamicProperty.java:115) - Flipping property: cpm-parkinglots.ribbon.ActiveConnectionsLimit to use NEXT property: niws.loadbalancer.availabilityFilteringRule.activeConnectionsLimit = 2147483647
[10:35:07:333] [INFO] - com.netflix.loadbalancer.BaseLoadBalancer.initWithConfig(BaseLoadBalancer.java:197) - Client: cpm-parkinglots instantiated a LoadBalancer: DynamicServerListLoadBalancer:{NFLoadBalancer:name=cpm-parkinglots,current list of Servers=[],Load balancer stats=Zone stats: {},Server stats: []}ServerList:null
[10:35:07:349] [INFO] - com.netflix.loadbalancer.DynamicServerListLoadBalancer.enableAndInitLearnNewServersFeature(DynamicServerListLoadBalancer.java:222) - Using serverListUpdater PollingServerListUpdater
[10:35:07:410] [INFO] - com.netflix.config.ChainedDynamicProperty$ChainLink.checkAndFlip(ChainedDynamicProperty.java:115) - Flipping property: cpm-parkinglots.ribbon.ActiveConnectionsLimit to use NEXT property: niws.loadbalancer.availabilityFilteringRule.activeConnectionsLimit = 2147483647
[10:35:07:416] [INFO] - com.netflix.loadbalancer.DynamicServerListLoadBalancer.restOfInit(DynamicServerListLoadBalancer.java:150) - DynamicServerListLoadBalancer for client cpm-parkinglots initialized: DynamicServerListLoadBalancer:{NFLoadBalancer:name=cpm-parkinglots,current list of Servers=[192.168.108.1:11000],Load balancer stats=Zone stats: {unknown=[Zone:unknown;	Instance count:1;	Active connections count: 0;	Circuit breaker tripped count: 0;	Active connections per server: 0.0;]
},Server stats: [[Server:192.168.108.1:11000;	Zone:UNKNOWN;	Total Requests:0;	Successive connection failure:0;	Total blackout seconds:0;	Last connection made:Thu Jan 01 08:00:00 CST 1970;	First connection made: Thu Jan 01 08:00:00 CST 1970;	Active Connections:0;	total failure count in last (1000) msecs:0;	average resp time:0.0;	90 percentile resp time:0.0;	95 percentile resp time:0.0;	min resp time:0.0;	max resp time:0.0;	stddev resp time:0.0]
]}ServerList:com.alibaba.cloud.nacos.ribbon.NacosServerList@3e3a3407
[10:35:08:115] [INFO] - com.netflix.config.ChainedDynamicProperty$ChainLink.checkAndFlip(ChainedDynamicProperty.java:115) - Flipping property: cpm-member.ribbon.ActiveConnectionsLimit to use NEXT property: niws.loadbalancer.availabilityFilteringRule.activeConnectionsLimit = 2147483647
[10:35:08:117] [INFO] - com.netflix.loadbalancer.BaseLoadBalancer.initWithConfig(BaseLoadBalancer.java:197) - Client: cpm-member instantiated a LoadBalancer: DynamicServerListLoadBalancer:{NFLoadBalancer:name=cpm-member,current list of Servers=[],Load balancer stats=Zone stats: {},Server stats: []}ServerList:null
[10:35:08:119] [INFO] - com.netflix.loadbalancer.DynamicServerListLoadBalancer.enableAndInitLearnNewServersFeature(DynamicServerListLoadBalancer.java:222) - Using serverListUpdater PollingServerListUpdater
[10:35:08:128] [INFO] - com.netflix.config.ChainedDynamicProperty$ChainLink.checkAndFlip(ChainedDynamicProperty.java:115) - Flipping property: cpm-member.ribbon.ActiveConnectionsLimit to use NEXT property: niws.loadbalancer.availabilityFilteringRule.activeConnectionsLimit = 2147483647
[10:35:08:130] [INFO] - com.netflix.loadbalancer.DynamicServerListLoadBalancer.restOfInit(DynamicServerListLoadBalancer.java:150) - DynamicServerListLoadBalancer for client cpm-member initialized: DynamicServerListLoadBalancer:{NFLoadBalancer:name=cpm-member,current list of Servers=[192.168.108.1:8000],Load balancer stats=Zone stats: {unknown=[Zone:unknown;	Instance count:1;	Active connections count: 0;	Circuit breaker tripped count: 0;	Active connections per server: 0.0;]
},Server stats: [[Server:192.168.108.1:8000;	Zone:UNKNOWN;	Total Requests:0;	Successive connection failure:0;	Total blackout seconds:0;	Last connection made:Thu Jan 01 08:00:00 CST 1970;	First connection made: Thu Jan 01 08:00:00 CST 1970;	Active Connections:0;	total failure count in last (1000) msecs:0;	average resp time:0.0;	90 percentile resp time:0.0;	95 percentile resp time:0.0;	min resp time:0.0;	max resp time:0.0;	stddev resp time:0.0]
]}ServerList:com.alibaba.cloud.nacos.ribbon.NacosServerList@37749e56
[10:35:08:361] [INFO] - com.netflix.config.ChainedDynamicProperty$ChainLink.checkAndFlip(ChainedDynamicProperty.java:115) - Flipping property: cpm-parkinglots.ribbon.ActiveConnectionsLimit to use NEXT property: niws.loadbalancer.availabilityFilteringRule.activeConnectionsLimit = 2147483647
[10:35:08:584] [INFO] - com.ustcsse.parking.service.WebSocketServer.sendOneMessage(WebSocketServer.java:115) - 【websocket消息】 单点消息:[WELCOME]皖A77777,欢迎进入停车场!
[10:35:09:123] [INFO] - com.netflix.config.ChainedDynamicProperty$ChainLink.checkAndFlip(ChainedDynamicProperty.java:115) - Flipping property: cpm-member.ribbon.ActiveConnectionsLimit to use NEXT property: niws.loadbalancer.availabilityFilteringRule.activeConnectionsLimit = 2147483647
[10:36:06:768] [INFO] - com.ustcsse.parking.service.WebSocketServer.sendOneMessage(WebSocketServer.java:115) - 【websocket消息】 单点消息:[GOODBYE] 临时停车：皖A77777,免费时段,欢迎驶出！
[10:36:06:862] [INFO] - com.netflix.config.ChainedDynamicProperty$ChainLink.checkAndFlip(ChainedDynamicProperty.java:115) - Flipping property: cpm-order.ribbon.ActiveConnectionsLimit to use NEXT property: niws.loadbalancer.availabilityFilteringRule.activeConnectionsLimit = 2147483647
[10:36:06:865] [INFO] - com.netflix.loadbalancer.BaseLoadBalancer.initWithConfig(BaseLoadBalancer.java:197) - Client: cpm-order instantiated a LoadBalancer: DynamicServerListLoadBalancer:{NFLoadBalancer:name=cpm-order,current list of Servers=[],Load balancer stats=Zone stats: {},Server stats: []}ServerList:null
[10:36:06:866] [INFO] - com.netflix.loadbalancer.DynamicServerListLoadBalancer.enableAndInitLearnNewServersFeature(DynamicServerListLoadBalancer.java:222) - Using serverListUpdater PollingServerListUpdater
[10:36:06:874] [INFO] - com.netflix.config.ChainedDynamicProperty$ChainLink.checkAndFlip(ChainedDynamicProperty.java:115) - Flipping property: cpm-order.ribbon.ActiveConnectionsLimit to use NEXT property: niws.loadbalancer.availabilityFilteringRule.activeConnectionsLimit = 2147483647
[10:36:06:876] [INFO] - com.netflix.loadbalancer.DynamicServerListLoadBalancer.restOfInit(DynamicServerListLoadBalancer.java:150) - DynamicServerListLoadBalancer for client cpm-order initialized: DynamicServerListLoadBalancer:{NFLoadBalancer:name=cpm-order,current list of Servers=[192.168.108.1:9000],Load balancer stats=Zone stats: {unknown=[Zone:unknown;	Instance count:1;	Active connections count: 0;	Circuit breaker tripped count: 0;	Active connections per server: 0.0;]
},Server stats: [[Server:192.168.108.1:9000;	Zone:UNKNOWN;	Total Requests:0;	Successive connection failure:0;	Total blackout seconds:0;	Last connection made:Thu Jan 01 08:00:00 CST 1970;	First connection made: Thu Jan 01 08:00:00 CST 1970;	Active Connections:0;	total failure count in last (1000) msecs:0;	average resp time:0.0;	90 percentile resp time:0.0;	95 percentile resp time:0.0;	min resp time:0.0;	max resp time:0.0;	stddev resp time:0.0]
]}ServerList:com.alibaba.cloud.nacos.ribbon.NacosServerList@1176a19a
[10:36:07:265] [INFO] - com.ustcsse.parking.service.impl.ParkingServiceImpl.parkingOut(ParkingServiceImpl.java:316) - 订单保存成功!
[10:36:07:307] [INFO] - com.ustcsse.parking.service.WebSocketServer.sendOneMessage(WebSocketServer.java:115) - 【websocket消息】 单点消息:[SYSTEM] REFLUSH DISPLAY
[10:36:07:872] [INFO] - com.netflix.config.ChainedDynamicProperty$ChainLink.checkAndFlip(ChainedDynamicProperty.java:115) - Flipping property: cpm-order.ribbon.ActiveConnectionsLimit to use NEXT property: niws.loadbalancer.availabilityFilteringRule.activeConnectionsLimit = 2147483647
[10:36:32:764] [INFO] - com.ustcsse.parking.service.WebSocketServer.sendOneMessage(WebSocketServer.java:115) - 【websocket消息】 单点消息:[WELCOME]皖A77777,欢迎进入停车场!
[10:36:39:215] [INFO] - com.ustcsse.parking.service.WebSocketServer.sendOneMessage(WebSocketServer.java:115) - 【websocket消息】 单点消息:[GOODBYE] 临时停车：皖A77777,免费时段,欢迎驶出！
[10:36:39:238] [INFO] - com.ustcsse.parking.service.impl.ParkingServiceImpl.parkingOut(ParkingServiceImpl.java:316) - 订单保存成功!
[10:36:39:255] [INFO] - com.ustcsse.parking.service.WebSocketServer.sendOneMessage(WebSocketServer.java:115) - 【websocket消息】 单点消息:[SYSTEM] REFLUSH DISPLAY
