[20:17:58:031] [WARN] - com.alibaba.nacos.common.http.HttpClientBeanHolder.shutdown(HttpClientBeanHolder.java:108) - [HttpClientBeanHolder] Start destroying common HttpClient
[20:17:58:031] [WARN] - com.alibaba.nacos.common.notify.NotifyCenter.shutdown(NotifyCenter.java:145) - [NotifyCenter] Start destroying Publisher
[20:17:58:031] [WARN] - com.alibaba.nacos.common.notify.NotifyCenter.shutdown(NotifyCenter.java:162) - [NotifyCenter] Destruction of the end
[20:17:58:033] [WARN] - com.alibaba.nacos.common.http.HttpClientBeanHolder.shutdown(HttpClientBeanHolder.java:114) - [HttpClientBeanHolder] Destruction of the end
[20:17:58:250] [INFO] - org.springframework.scheduling.concurrent.ExecutorConfigurationSupport.shutdown(ExecutorConfigurationSupport.java:218) - Shutting down ExecutorService 'Nacos-Watch-Task-Scheduler'
[20:17:58:269] [DEBUG] - org.apache.http.impl.nio.conn.PoolingNHttpClientConnectionManager.shutdown(PoolingNHttpClientConnectionManager.java:232) - Connection manager is shutting down
[20:17:58:273] [DEBUG] - org.apache.http.impl.nio.conn.PoolingNHttpClientConnectionManager.shutdown(PoolingNHttpClientConnectionManager.java:234) - Connection manager shut down
[20:17:58:280] [INFO] - com.alibaba.cloud.nacos.registry.NacosServiceRegistry.deregister(NacosServiceRegistry.java:94) - De-registering from Nacos Server now...
[20:17:58:286] [INFO] - com.alibaba.cloud.nacos.registry.NacosServiceRegistry.deregister(NacosServiceRegistry.java:114) - De-registration finished.
[20:17:58:789] [DEBUG] - com.alibaba.nacos.common.notify.DefaultPublisher.notifySubscriber(DefaultPublisher.java:193) - [NotifyCenter] the com.alibaba.nacos.client.naming.event.InstancesChangeEvent@fb75c53 will received by com.alibaba.nacos.client.naming.event.InstancesChangeNotifier@765eb801
[20:17:58:793] [DEBUG] - com.alibaba.nacos.common.notify.DefaultPublisher.notifySubscriber(DefaultPublisher.java:193) - [NotifyCenter] the com.alibaba.nacos.client.naming.event.InstancesChangeEvent@33c6ee77 will received by com.alibaba.nacos.client.naming.event.InstancesChangeNotifier@1f3c5308
[20:17:59:329] [ERROR] - org.springframework.amqp.rabbit.connection.CachingConnectionFactory$DefaultChannelCloseLogger.log(CachingConnectionFactory.java:1575) - Channel shutdown: connection error; protocol method: #method<connection.close>(reply-code=320, reply-text=CONNECTION_FORCED - broker forced connection closure with reason 'shutdown', class-id=0, method-id=0)
[20:17:59:335] [WARN] - com.rabbitmq.client.impl.ForgivingExceptionHandler.log(ForgivingExceptionHandler.java:115) - An unexpected connection driver error occured (Exception message: Connection reset)
[20:17:59:712] [INFO] - org.springframework.amqp.rabbit.listener.SimpleMessageListenerContainer$AsyncMessageProcessingConsumer.killOrRestart(SimpleMessageListenerContainer.java:1436) - Restarting Consumer@6c790b16: tags=[[amq.ctag-qOHRM1XLxDLGKk456IUAiQ]], channel=Cached Rabbit Channel: PublisherCallbackChannelImpl: AMQChannel(amqp://guest@192.168.232.130:5672/my_vhost,1), conn: Proxy@39f3285d Shared Rabbit Connection: SimpleConnection@1b248b82 [delegate=amqp://guest@192.168.232.130:5672/my_vhost, localPort= 51889], acknowledgeMode=NONE local queue size=0
[20:17:59:713] [INFO] - org.springframework.amqp.rabbit.connection.AbstractConnectionFactory.connectAddresses(AbstractConnectionFactory.java:558) - Attempting to connect to: [192.168.232.130:5672]
[20:18:01:722] [ERROR] - org.springframework.amqp.rabbit.listener.AbstractMessageListenerContainer.redeclareElementsIfNecessary(AbstractMessageListenerContainer.java:1846) - Failed to check/redeclare auto-delete queue(s).
org.springframework.amqp.AmqpConnectException: java.net.ConnectException: Connection refused: connect
	at org.springframework.amqp.rabbit.support.RabbitExceptionTranslator.convertRabbitAccessException(RabbitExceptionTranslator.java:61) ~[spring-rabbit-2.2.13.RELEASE.jar:2.2.13.RELEASE]
	at org.springframework.amqp.rabbit.connection.AbstractConnectionFactory.createBareConnection(AbstractConnectionFactory.java:524) ~[spring-rabbit-2.2.13.RELEASE.jar:2.2.13.RELEASE]
	at org.springframework.amqp.rabbit.connection.CachingConnectionFactory.createConnection(CachingConnectionFactory.java:751) ~[spring-rabbit-2.2.13.RELEASE.jar:2.2.13.RELEASE]
	at org.springframework.amqp.rabbit.connection.CachingConnectionFactory.createBareChannel(CachingConnectionFactory.java:702) ~[spring-rabbit-2.2.13.RELEASE.jar:2.2.13.RELEASE]
	at org.springframework.amqp.rabbit.connection.CachingConnectionFactory.getCachedChannelProxy(CachingConnectionFactory.java:676) ~[spring-rabbit-2.2.13.RELEASE.jar:2.2.13.RELEASE]
	at org.springframework.amqp.rabbit.connection.CachingConnectionFactory.getChannel(CachingConnectionFactory.java:567) ~[spring-rabbit-2.2.13.RELEASE.jar:2.2.13.RELEASE]
	at org.springframework.amqp.rabbit.connection.CachingConnectionFactory.access$1600(CachingConnectionFactory.java:102) ~[spring-rabbit-2.2.13.RELEASE.jar:2.2.13.RELEASE]
	at org.springframework.amqp.rabbit.connection.CachingConnectionFactory$ChannelCachingConnectionProxy.createChannel(CachingConnectionFactory.java:1439) ~[spring-rabbit-2.2.13.RELEASE.jar:2.2.13.RELEASE]
	at org.springframework.amqp.rabbit.core.RabbitTemplate.doExecute(RabbitTemplate.java:2095) ~[spring-rabbit-2.2.13.RELEASE.jar:2.2.13.RELEASE]
	at org.springframework.amqp.rabbit.core.RabbitTemplate.execute(RabbitTemplate.java:2062) ~[spring-rabbit-2.2.13.RELEASE.jar:2.2.13.RELEASE]
	at org.springframework.amqp.rabbit.core.RabbitTemplate.execute(RabbitTemplate.java:2042) ~[spring-rabbit-2.2.13.RELEASE.jar:2.2.13.RELEASE]
	at org.springframework.amqp.rabbit.core.RabbitAdmin.getQueueInfo(RabbitAdmin.java:407) ~[spring-rabbit-2.2.13.RELEASE.jar:2.2.13.RELEASE]
	at org.springframework.amqp.rabbit.core.RabbitAdmin.getQueueProperties(RabbitAdmin.java:391) ~[spring-rabbit-2.2.13.RELEASE.jar:2.2.13.RELEASE]
	at org.springframework.amqp.rabbit.listener.AbstractMessageListenerContainer.attemptDeclarations(AbstractMessageListenerContainer.java:1859) ~[spring-rabbit-2.2.13.RELEASE.jar:2.2.13.RELEASE]
	at org.springframework.amqp.rabbit.listener.AbstractMessageListenerContainer.redeclareElementsIfNecessary(AbstractMessageListenerContainer.java:1840) [spring-rabbit-2.2.13.RELEASE.jar:2.2.13.RELEASE]
	at org.springframework.amqp.rabbit.listener.SimpleMessageListenerContainer$AsyncMessageProcessingConsumer.initialize(SimpleMessageListenerContainer.java:1354) [spring-rabbit-2.2.13.RELEASE.jar:2.2.13.RELEASE]
	at org.springframework.amqp.rabbit.listener.SimpleMessageListenerContainer$AsyncMessageProcessingConsumer.run(SimpleMessageListenerContainer.java:1200) [spring-rabbit-2.2.13.RELEASE.jar:2.2.13.RELEASE]
	at java.lang.Thread.run(Thread.java:748) [?:1.8.0_201]
Caused by: java.net.ConnectException: Connection refused: connect
	at java.net.DualStackPlainSocketImpl.waitForConnect(Native Method) ~[?:1.8.0_201]
	at java.net.DualStackPlainSocketImpl.socketConnect(DualStackPlainSocketImpl.java:85) ~[?:1.8.0_201]
	at java.net.AbstractPlainSocketImpl.doConnect(AbstractPlainSocketImpl.java:350) ~[?:1.8.0_201]
	at java.net.AbstractPlainSocketImpl.connectToAddress(AbstractPlainSocketImpl.java:206) ~[?:1.8.0_201]
	at java.net.AbstractPlainSocketImpl.connect(AbstractPlainSocketImpl.java:188) ~[?:1.8.0_201]
	at java.net.PlainSocketImpl.connect(PlainSocketImpl.java:172) ~[?:1.8.0_201]
	at java.net.SocksSocketImpl.connect(SocksSocketImpl.java:392) ~[?:1.8.0_201]
	at java.net.Socket.connect(Socket.java:589) ~[?:1.8.0_201]
	at com.rabbitmq.client.impl.SocketFrameHandlerFactory.create(SocketFrameHandlerFactory.java:60) ~[amqp-client-5.9.0.jar:5.9.0]
	at com.rabbitmq.client.ConnectionFactory.newConnection(ConnectionFactory.java:1137) ~[amqp-client-5.9.0.jar:5.9.0]
	at com.rabbitmq.client.ConnectionFactory.newConnection(ConnectionFactory.java:1087) ~[amqp-client-5.9.0.jar:5.9.0]
	at org.springframework.amqp.rabbit.connection.AbstractConnectionFactory.connectAddresses(AbstractConnectionFactory.java:560) ~[spring-rabbit-2.2.13.RELEASE.jar:2.2.13.RELEASE]
	at org.springframework.amqp.rabbit.connection.AbstractConnectionFactory.connect(AbstractConnectionFactory.java:533) ~[spring-rabbit-2.2.13.RELEASE.jar:2.2.13.RELEASE]
	at org.springframework.amqp.rabbit.connection.AbstractConnectionFactory.createBareConnection(AbstractConnectionFactory.java:487) ~[spring-rabbit-2.2.13.RELEASE.jar:2.2.13.RELEASE]
	... 16 more
[20:18:01:723] [INFO] - org.springframework.amqp.rabbit.connection.AbstractConnectionFactory.connectAddresses(AbstractConnectionFactory.java:558) - Attempting to connect to: [192.168.232.130:5672]
[20:18:04:604] [DEBUG] - org.apache.http.impl.conn.PoolingHttpClientConnectionManager.closeExpiredConnections(PoolingHttpClientConnectionManager.java:448) - Closing expired connections
[20:18:04:604] [DEBUG] - org.apache.http.impl.conn.PoolingHttpClientConnectionManager.closeExpiredConnections(PoolingHttpClientConnectionManager.java:448) - Closing expired connections
[20:18:04:604] [DEBUG] - org.apache.http.impl.conn.PoolingHttpClientConnectionManager.closeExpiredConnections(PoolingHttpClientConnectionManager.java:448) - Closing expired connections
[20:18:04:628] [DEBUG] - com.netflix.loadbalancer.DynamicServerListLoadBalancer.updateListOfServers(DynamicServerListLoadBalancer.java:241) - List of Servers for cpm-parkinglots obtained from Discovery client: [192.168.108.1:11000]
[20:18:04:628] [DEBUG] - com.netflix.loadbalancer.DynamicServerListLoadBalancer.updateListOfServers(DynamicServerListLoadBalancer.java:241) - List of Servers for cpm-order obtained from Discovery client: [192.168.108.1:9000]
[20:18:04:628] [DEBUG] - com.netflix.loadbalancer.DynamicServerListLoadBalancer.updateListOfServers(DynamicServerListLoadBalancer.java:246) - Filtered List of Servers for cpm-parkinglots obtained from Discovery client: [192.168.108.1:11000]
[20:18:04:628] [DEBUG] - com.netflix.loadbalancer.DynamicServerListLoadBalancer.updateListOfServers(DynamicServerListLoadBalancer.java:246) - Filtered List of Servers for cpm-order obtained from Discovery client: [192.168.108.1:9000]
[20:18:04:628] [DEBUG] - com.netflix.loadbalancer.BaseLoadBalancer.setServersList(BaseLoadBalancer.java:491) - LoadBalancer [cpm-order]: clearing server list (SET op)
[20:18:04:628] [DEBUG] - com.netflix.loadbalancer.BaseLoadBalancer.setServersList(BaseLoadBalancer.java:491) - LoadBalancer [cpm-parkinglots]: clearing server list (SET op)
[20:18:04:628] [DEBUG] - com.netflix.loadbalancer.BaseLoadBalancer.setServersList(BaseLoadBalancer.java:507) - LoadBalancer [cpm-order]:  addServer [192.168.108.1:9000]
[20:18:04:628] [DEBUG] - com.netflix.loadbalancer.BaseLoadBalancer.setServersList(BaseLoadBalancer.java:507) - LoadBalancer [cpm-parkinglots]:  addServer [192.168.108.1:11000]
[20:18:04:628] [DEBUG] - com.netflix.loadbalancer.DynamicServerListLoadBalancer.setServerListForZones(DynamicServerListLoadBalancer.java:179) - Setting server list for zones: {unknown=[192.168.108.1:9000]}
[20:18:04:628] [DEBUG] - com.netflix.loadbalancer.DynamicServerListLoadBalancer.setServerListForZones(DynamicServerListLoadBalancer.java:179) - Setting server list for zones: {unknown=[192.168.108.1:11000]}
[20:18:04:628] [DEBUG] - com.netflix.loadbalancer.BaseLoadBalancer.setServersList(BaseLoadBalancer.java:491) - LoadBalancer [cpm-parkinglots_unknown]: clearing server list (SET op)
[20:18:04:628] [DEBUG] - com.netflix.loadbalancer.BaseLoadBalancer.setServersList(BaseLoadBalancer.java:491) - LoadBalancer [cpm-order_unknown]: clearing server list (SET op)
[20:18:04:628] [DEBUG] - com.netflix.loadbalancer.BaseLoadBalancer.setServersList(BaseLoadBalancer.java:507) - LoadBalancer [cpm-parkinglots_unknown]:  addServer [192.168.108.1:11000]
[20:18:04:628] [DEBUG] - com.netflix.loadbalancer.BaseLoadBalancer.setServersList(BaseLoadBalancer.java:507) - LoadBalancer [cpm-order_unknown]:  addServer [192.168.108.1:9000]
[20:18:04:629] [DEBUG] - com.netflix.loadbalancer.DynamicServerListLoadBalancer.updateListOfServers(DynamicServerListLoadBalancer.java:241) - List of Servers for cpm-member obtained from Discovery client: []
[20:18:04:629] [DEBUG] - com.netflix.loadbalancer.DynamicServerListLoadBalancer.updateListOfServers(DynamicServerListLoadBalancer.java:246) - Filtered List of Servers for cpm-member obtained from Discovery client: []
[20:18:04:629] [DEBUG] - com.netflix.loadbalancer.BaseLoadBalancer.setServersList(BaseLoadBalancer.java:491) - LoadBalancer [cpm-member]: clearing server list (SET op)
[20:18:04:629] [DEBUG] - com.netflix.loadbalancer.DynamicServerListLoadBalancer.setServerListForZones(DynamicServerListLoadBalancer.java:179) - Setting server list for zones: {}
[20:18:04:629] [DEBUG] - com.netflix.loadbalancer.BaseLoadBalancer.setServersList(BaseLoadBalancer.java:491) - LoadBalancer [cpm-member_unknown]: clearing server list (SET op)
[20:18:06:100] [WARN] - org.springframework.beans.factory.support.DisposableBeanAdapter.invokeCustomDestroyMethod(DisposableBeanAdapter.java:349) - Destroy method 'close' on bean with name 'nacosServiceRegistry' threw an exception: java.lang.NullPointerException
[20:18:06:108] [INFO] - org.springframework.scheduling.concurrent.ExecutorConfigurationSupport.shutdown(ExecutorConfigurationSupport.java:218) - Shutting down ExecutorService 'applicationTaskExecutor'
[20:18:06:125] [DEBUG] - io.lettuce.core.AbstractRedisClient.shutdownAsync(AbstractRedisClient.java:474) - Initiate shutdown (100, 100, MILLISECONDS)
[20:18:06:151] [DEBUG] - io.lettuce.core.resource.DefaultClientResources.shutdown(DefaultClientResources.java:631) - Initiate shutdown (0, 2, SECONDS)
[20:18:06:156] [DEBUG] - io.lettuce.core.resource.DefaultEventLoopGroupProvider.shutdown(DefaultEventLoopGroupProvider.java:263) - Initiate shutdown (0, 2, SECONDS)
[20:18:06:168] [INFO] - com.alibaba.druid.pool.DruidDataSource.close(DruidDataSource.java:2071) - {dataSource-1} closing ...
[20:18:06:169] [INFO] - com.alibaba.druid.pool.DruidDataSource.close(DruidDataSource.java:2144) - {dataSource-1} closed
[20:18:06:626] [WARN] - com.alibaba.nacos.common.notify.NotifyCenter.shutdown(NotifyCenter.java:145) - [NotifyCenter] Start destroying Publisher
[20:18:06:626] [WARN] - com.alibaba.nacos.common.http.HttpClientBeanHolder.shutdown(HttpClientBeanHolder.java:108) - [HttpClientBeanHolder] Start destroying common HttpClient
[20:18:06:627] [WARN] - com.alibaba.nacos.common.notify.NotifyCenter.shutdown(NotifyCenter.java:162) - [NotifyCenter] Destruction of the end
[20:18:06:629] [WARN] - com.alibaba.nacos.common.http.HttpClientBeanHolder.shutdown(HttpClientBeanHolder.java:114) - [HttpClientBeanHolder] Destruction of the end
[20:18:06:827] [INFO] - org.springframework.scheduling.concurrent.ExecutorConfigurationSupport.shutdown(ExecutorConfigurationSupport.java:218) - Shutting down ExecutorService 'Nacos-Watch-Task-Scheduler'
[20:18:06:842] [DEBUG] - org.apache.http.impl.nio.conn.PoolingNHttpClientConnectionManager.shutdown(PoolingNHttpClientConnectionManager.java:232) - Connection manager is shutting down
[20:18:06:846] [DEBUG] - org.apache.http.impl.nio.conn.PoolingNHttpClientConnectionManager.shutdown(PoolingNHttpClientConnectionManager.java:234) - Connection manager shut down
[20:18:06:852] [INFO] - com.alibaba.cloud.nacos.registry.NacosServiceRegistry.deregister(NacosServiceRegistry.java:94) - De-registering from Nacos Server now...
[20:18:06:856] [INFO] - com.alibaba.cloud.nacos.registry.NacosServiceRegistry.deregister(NacosServiceRegistry.java:114) - De-registration finished.
[20:18:07:430] [DEBUG] - com.alibaba.nacos.common.notify.DefaultPublisher.notifySubscriber(DefaultPublisher.java:193) - [NotifyCenter] the com.alibaba.nacos.client.naming.event.InstancesChangeEvent@67453176 will received by com.alibaba.nacos.client.naming.event.InstancesChangeNotifier@765eb801
[20:18:07:430] [DEBUG] - com.alibaba.nacos.common.notify.DefaultPublisher.notifySubscriber(DefaultPublisher.java:193) - [NotifyCenter] the com.alibaba.nacos.client.naming.event.InstancesChangeEvent@7093a0a4 will received by com.alibaba.nacos.client.naming.event.InstancesChangeNotifier@22cd8ec2
[20:18:08:761] [WARN] - org.springframework.amqp.rabbit.listener.SimpleMessageListenerContainer$AsyncMessageProcessingConsumer.logConsumerException(SimpleMessageListenerContainer.java:1457) - Consumer raised exception, processing can restart if the connection factory supports it. Exception summary: org.springframework.amqp.AmqpConnectException: java.net.ConnectException: Connection refused: connect
[20:18:08:761] [INFO] - org.springframework.amqp.rabbit.listener.SimpleMessageListenerContainer$AsyncMessageProcessingConsumer.killOrRestart(SimpleMessageListenerContainer.java:1436) - Restarting Consumer@288ba6c4: tags=[[]], channel=null, acknowledgeMode=NONE local queue size=0
[20:18:08:762] [INFO] - org.springframework.amqp.rabbit.connection.AbstractConnectionFactory.connectAddresses(AbstractConnectionFactory.java:558) - Attempting to connect to: [192.168.232.130:5672]
[20:18:14:452] [WARN] - org.springframework.beans.factory.support.DisposableBeanAdapter.invokeCustomDestroyMethod(DisposableBeanAdapter.java:349) - Destroy method 'close' on bean with name 'nacosServiceRegistry' threw an exception: java.lang.NullPointerException
[20:18:14:460] [INFO] - org.springframework.scheduling.concurrent.ExecutorConfigurationSupport.shutdown(ExecutorConfigurationSupport.java:218) - Shutting down ExecutorService 'applicationTaskExecutor'
[20:18:14:478] [DEBUG] - io.lettuce.core.AbstractRedisClient.shutdownAsync(AbstractRedisClient.java:474) - Initiate shutdown (100, 100, MILLISECONDS)
[20:18:14:498] [DEBUG] - io.lettuce.core.resource.DefaultClientResources.shutdown(DefaultClientResources.java:631) - Initiate shutdown (0, 2, SECONDS)
[20:18:14:504] [DEBUG] - io.lettuce.core.resource.DefaultEventLoopGroupProvider.shutdown(DefaultEventLoopGroupProvider.java:263) - Initiate shutdown (0, 2, SECONDS)
[20:18:14:512] [INFO] - com.alibaba.druid.pool.DruidDataSource.close(DruidDataSource.java:2071) - {dataSource-1} closing ...
[20:18:14:513] [INFO] - com.alibaba.druid.pool.DruidDataSource.close(DruidDataSource.java:2144) - {dataSource-1} closed
[20:18:15:168] [WARN] - com.alibaba.nacos.common.http.HttpClientBeanHolder.shutdown(HttpClientBeanHolder.java:108) - [HttpClientBeanHolder] Start destroying common HttpClient
[20:18:15:169] [WARN] - com.alibaba.nacos.common.notify.NotifyCenter.shutdown(NotifyCenter.java:145) - [NotifyCenter] Start destroying Publisher
[20:18:15:169] [INFO] - com.netflix.loadbalancer.PollingServerListUpdater$LazyHolder$2.run(PollingServerListUpdater.java:53) - Shutting down the Executor Pool for PollingServerListUpdater
[20:18:15:169] [WARN] - com.alibaba.nacos.common.notify.NotifyCenter.shutdown(NotifyCenter.java:162) - [NotifyCenter] Destruction of the end
[20:18:15:170] [WARN] - com.alibaba.nacos.common.http.HttpClientBeanHolder.shutdown(HttpClientBeanHolder.java:114) - [HttpClientBeanHolder] Destruction of the end
[20:18:15:172] [INFO] - org.springframework.amqp.rabbit.listener.SimpleMessageListenerContainer.doShutdown(SimpleMessageListenerContainer.java:646) - Waiting for workers to finish.
[20:18:15:172] [INFO] - org.springframework.amqp.rabbit.listener.SimpleMessageListenerContainer.doShutdown(SimpleMessageListenerContainer.java:649) - Successfully waited for workers to finish.
[20:18:15:320] [INFO] - org.springframework.scheduling.concurrent.ExecutorConfigurationSupport.shutdown(ExecutorConfigurationSupport.java:218) - Shutting down ExecutorService 'Nacos-Watch-Task-Scheduler'
[20:18:15:323] [DEBUG] - org.apache.http.impl.nio.conn.PoolingNHttpClientConnectionManager.shutdown(PoolingNHttpClientConnectionManager.java:232) - Connection manager is shutting down
[20:18:15:325] [DEBUG] - org.apache.http.impl.nio.conn.PoolingNHttpClientConnectionManager.shutdown(PoolingNHttpClientConnectionManager.java:234) - Connection manager shut down
[20:18:29:798] [ERROR] - org.springframework.amqp.rabbit.listener.AbstractMessageListenerContainer.redeclareElementsIfNecessary(AbstractMessageListenerContainer.java:1846) - Failed to check/redeclare auto-delete queue(s).
org.springframework.amqp.AmqpConnectException: java.net.ConnectException: Connection timed out: connect
	at org.springframework.amqp.rabbit.support.RabbitExceptionTranslator.convertRabbitAccessException(RabbitExceptionTranslator.java:61) ~[spring-rabbit-2.2.13.RELEASE.jar:2.2.13.RELEASE]
	at org.springframework.amqp.rabbit.connection.AbstractConnectionFactory.createBareConnection(AbstractConnectionFactory.java:524) ~[spring-rabbit-2.2.13.RELEASE.jar:2.2.13.RELEASE]
	at org.springframework.amqp.rabbit.connection.CachingConnectionFactory.createConnection(CachingConnectionFactory.java:751) ~[spring-rabbit-2.2.13.RELEASE.jar:2.2.13.RELEASE]
	at org.springframework.amqp.rabbit.connection.ConnectionFactoryUtils.createConnection(ConnectionFactoryUtils.java:214) ~[spring-rabbit-2.2.13.RELEASE.jar:2.2.13.RELEASE]
	at org.springframework.amqp.rabbit.core.RabbitTemplate.doExecute(RabbitTemplate.java:2089) ~[spring-rabbit-2.2.13.RELEASE.jar:2.2.13.RELEASE]
	at org.springframework.amqp.rabbit.core.RabbitTemplate.execute(RabbitTemplate.java:2062) ~[spring-rabbit-2.2.13.RELEASE.jar:2.2.13.RELEASE]
	at org.springframework.amqp.rabbit.core.RabbitTemplate.execute(RabbitTemplate.java:2042) ~[spring-rabbit-2.2.13.RELEASE.jar:2.2.13.RELEASE]
	at org.springframework.amqp.rabbit.core.RabbitAdmin.getQueueInfo(RabbitAdmin.java:407) ~[spring-rabbit-2.2.13.RELEASE.jar:2.2.13.RELEASE]
	at org.springframework.amqp.rabbit.core.RabbitAdmin.getQueueProperties(RabbitAdmin.java:391) ~[spring-rabbit-2.2.13.RELEASE.jar:2.2.13.RELEASE]
	at org.springframework.amqp.rabbit.listener.AbstractMessageListenerContainer.attemptDeclarations(AbstractMessageListenerContainer.java:1859) ~[spring-rabbit-2.2.13.RELEASE.jar:2.2.13.RELEASE]
	at org.springframework.amqp.rabbit.listener.AbstractMessageListenerContainer.redeclareElementsIfNecessary(AbstractMessageListenerContainer.java:1840) [spring-rabbit-2.2.13.RELEASE.jar:2.2.13.RELEASE]
	at org.springframework.amqp.rabbit.listener.SimpleMessageListenerContainer$AsyncMessageProcessingConsumer.initialize(SimpleMessageListenerContainer.java:1354) [spring-rabbit-2.2.13.RELEASE.jar:2.2.13.RELEASE]
	at org.springframework.amqp.rabbit.listener.SimpleMessageListenerContainer$AsyncMessageProcessingConsumer.run(SimpleMessageListenerContainer.java:1200) [spring-rabbit-2.2.13.RELEASE.jar:2.2.13.RELEASE]
	at java.lang.Thread.run(Thread.java:748) [?:1.8.0_201]
Caused by: java.net.ConnectException: Connection timed out: connect
	at java.net.DualStackPlainSocketImpl.waitForConnect(Native Method) ~[?:1.8.0_201]
	at java.net.DualStackPlainSocketImpl.socketConnect(DualStackPlainSocketImpl.java:85) ~[?:1.8.0_201]
	at java.net.AbstractPlainSocketImpl.doConnect(AbstractPlainSocketImpl.java:350) ~[?:1.8.0_201]
	at java.net.AbstractPlainSocketImpl.connectToAddress(AbstractPlainSocketImpl.java:206) ~[?:1.8.0_201]
	at java.net.AbstractPlainSocketImpl.connect(AbstractPlainSocketImpl.java:188) ~[?:1.8.0_201]
	at java.net.PlainSocketImpl.connect(PlainSocketImpl.java:172) ~[?:1.8.0_201]
	at java.net.SocksSocketImpl.connect(SocksSocketImpl.java:392) ~[?:1.8.0_201]
	at java.net.Socket.connect(Socket.java:589) ~[?:1.8.0_201]
	at com.rabbitmq.client.impl.SocketFrameHandlerFactory.create(SocketFrameHandlerFactory.java:60) ~[amqp-client-5.9.0.jar:5.9.0]
	at com.rabbitmq.client.ConnectionFactory.newConnection(ConnectionFactory.java:1137) ~[amqp-client-5.9.0.jar:5.9.0]
	at com.rabbitmq.client.ConnectionFactory.newConnection(ConnectionFactory.java:1087) ~[amqp-client-5.9.0.jar:5.9.0]
	at org.springframework.amqp.rabbit.connection.AbstractConnectionFactory.connectAddresses(AbstractConnectionFactory.java:560) ~[spring-rabbit-2.2.13.RELEASE.jar:2.2.13.RELEASE]
	at org.springframework.amqp.rabbit.connection.AbstractConnectionFactory.connect(AbstractConnectionFactory.java:533) ~[spring-rabbit-2.2.13.RELEASE.jar:2.2.13.RELEASE]
	at org.springframework.amqp.rabbit.connection.AbstractConnectionFactory.createBareConnection(AbstractConnectionFactory.java:487) ~[spring-rabbit-2.2.13.RELEASE.jar:2.2.13.RELEASE]
	... 12 more
[20:18:29:798] [INFO] - com.alibaba.cloud.nacos.registry.NacosServiceRegistry.deregister(NacosServiceRegistry.java:94) - De-registering from Nacos Server now...
[20:18:34:619] [DEBUG] - org.apache.http.impl.conn.PoolingHttpClientConnectionManager.closeExpiredConnections(PoolingHttpClientConnectionManager.java:448) - Closing expired connections
[20:18:34:619] [DEBUG] - org.apache.http.impl.conn.PoolingHttpClientConnectionManager.closeExpiredConnections(PoolingHttpClientConnectionManager.java:448) - Closing expired connections
[20:18:34:619] [DEBUG] - org.apache.http.impl.conn.PoolingHttpClientConnectionManager.closeExpiredConnections(PoolingHttpClientConnectionManager.java:448) - Closing expired connections
[20:18:35:956] [ERROR] - com.alibaba.cloud.nacos.registry.NacosServiceRegistry.deregister(NacosServiceRegistry.java:110) - ERR_NACOS_DEREGISTER, de-register failed...NacosRegistration{nacosDiscoveryProperties=NacosDiscoveryProperties{serverAddr='127.0.0.1:8848', endpoint='', namespace='', watchDelay=30000, logName='', service='cpm-parking', weight=1.0, clusterName='DEFAULT', group='DEFAULT_GROUP', namingLoadCacheAtStart='false', metadata={preserved.register.source=SPRING_CLOUD}, registerEnabled=true, ip='192.168.108.1', networkInterface='', port=10001, secure=false, accessKey='', secretKey='', heartBeatInterval=null, heartBeatTimeout=null, ipDeleteTimeout=null, failFast=true}},
com.alibaba.nacos.api.exception.NacosException: failed to req API:/nacos/v1/ns/instance after all servers([127.0.0.1:8848]) tried: java.net.ConnectException: Connection refused: connect
	at com.alibaba.nacos.client.naming.net.NamingProxy.reqApi(NamingProxy.java:556) ~[nacos-client-1.4.2.jar:?]
	at com.alibaba.nacos.client.naming.net.NamingProxy.reqApi(NamingProxy.java:498) ~[nacos-client-1.4.2.jar:?]
	at com.alibaba.nacos.client.naming.net.NamingProxy.reqApi(NamingProxy.java:493) ~[nacos-client-1.4.2.jar:?]
	at com.alibaba.nacos.client.naming.net.NamingProxy.deregisterService(NamingProxy.java:271) ~[nacos-client-1.4.2.jar:?]
	at com.alibaba.nacos.client.naming.NacosNamingService.deregisterInstance(NacosNamingService.java:252) ~[nacos-client-1.4.2.jar:?]
	at com.alibaba.nacos.client.naming.NacosNamingService.deregisterInstance(NacosNamingService.java:238) ~[nacos-client-1.4.2.jar:?]
	at com.alibaba.cloud.nacos.registry.NacosServiceRegistry.deregister(NacosServiceRegistry.java:106) [spring-cloud-starter-alibaba-nacos-discovery-2.2.6.RELEASE.jar:2.2.6.RELEASE]
	at org.springframework.cloud.client.serviceregistry.AbstractAutoServiceRegistration.deregister(AbstractAutoServiceRegistration.java:256) [spring-cloud-commons-2.2.6.RELEASE.jar:2.2.6.RELEASE]
	at org.springframework.cloud.client.serviceregistry.AbstractAutoServiceRegistration.stop(AbstractAutoServiceRegistration.java:271) [spring-cloud-commons-2.2.6.RELEASE.jar:2.2.6.RELEASE]
	at org.springframework.cloud.client.serviceregistry.AbstractAutoServiceRegistration.destroy(AbstractAutoServiceRegistration.java:208) [spring-cloud-commons-2.2.6.RELEASE.jar:2.2.6.RELEASE]
	at sun.reflect.NativeMethodAccessorImpl.invoke0(Native Method) ~[?:1.8.0_201]
	at sun.reflect.NativeMethodAccessorImpl.invoke(NativeMethodAccessorImpl.java:62) ~[?:1.8.0_201]
	at sun.reflect.DelegatingMethodAccessorImpl.invoke(DelegatingMethodAccessorImpl.java:43) ~[?:1.8.0_201]
	at java.lang.reflect.Method.invoke(Method.java:498) ~[?:1.8.0_201]
	at org.springframework.beans.factory.annotation.InitDestroyAnnotationBeanPostProcessor$LifecycleElement.invoke(InitDestroyAnnotationBeanPostProcessor.java:389) [spring-beans-5.2.12.RELEASE.jar:5.2.12.RELEASE]
	at org.springframework.beans.factory.annotation.InitDestroyAnnotationBeanPostProcessor$LifecycleMetadata.invokeDestroyMethods(InitDestroyAnnotationBeanPostProcessor.java:347) [spring-beans-5.2.12.RELEASE.jar:5.2.12.RELEASE]
	at org.springframework.beans.factory.annotation.InitDestroyAnnotationBeanPostProcessor.postProcessBeforeDestruction(InitDestroyAnnotationBeanPostProcessor.java:177) [spring-beans-5.2.12.RELEASE.jar:5.2.12.RELEASE]
	at org.springframework.beans.factory.support.DisposableBeanAdapter.destroy(DisposableBeanAdapter.java:242) [spring-beans-5.2.12.RELEASE.jar:5.2.12.RELEASE]
	at org.springframework.beans.factory.support.DefaultSingletonBeanRegistry.destroyBean(DefaultSingletonBeanRegistry.java:587) [spring-beans-5.2.12.RELEASE.jar:5.2.12.RELEASE]
	at org.springframework.beans.factory.support.DefaultSingletonBeanRegistry.destroySingleton(DefaultSingletonBeanRegistry.java:559) [spring-beans-5.2.12.RELEASE.jar:5.2.12.RELEASE]
	at org.springframework.beans.factory.support.DefaultListableBeanFactory.destroySingleton(DefaultListableBeanFactory.java:1092) [spring-beans-5.2.12.RELEASE.jar:5.2.12.RELEASE]
	at org.springframework.beans.factory.support.DefaultSingletonBeanRegistry.destroySingletons(DefaultSingletonBeanRegistry.java:520) [spring-beans-5.2.12.RELEASE.jar:5.2.12.RELEASE]
	at org.springframework.beans.factory.support.DefaultListableBeanFactory.destroySingletons(DefaultListableBeanFactory.java:1085) [spring-beans-5.2.12.RELEASE.jar:5.2.12.RELEASE]
	at org.springframework.context.support.AbstractApplicationContext.destroyBeans(AbstractApplicationContext.java:1061) [spring-context-5.2.12.RELEASE.jar:5.2.12.RELEASE]
	at org.springframework.context.support.AbstractApplicationContext.doClose(AbstractApplicationContext.java:1030) [spring-context-5.2.12.RELEASE.jar:5.2.12.RELEASE]
	at org.springframework.boot.web.servlet.context.ServletWebServerApplicationContext.doClose(ServletWebServerApplicationContext.java:170) [spring-boot-2.3.7.RELEASE.jar:2.3.7.RELEASE]
	at org.springframework.context.support.AbstractApplicationContext$1.run(AbstractApplicationContext.java:949) [spring-context-5.2.12.RELEASE.jar:5.2.12.RELEASE]
[20:18:35:957] [INFO] - com.alibaba.cloud.nacos.registry.NacosServiceRegistry.deregister(NacosServiceRegistry.java:114) - De-registration finished.
[20:18:42:709] [WARN] - org.springframework.beans.factory.support.DisposableBeanAdapter.invokeCustomDestroyMethod(DisposableBeanAdapter.java:349) - Destroy method 'close' on bean with name 'nacosServiceRegistry' threw an exception: java.lang.NullPointerException
[20:18:42:709] [INFO] - org.springframework.scheduling.concurrent.ExecutorConfigurationSupport.shutdown(ExecutorConfigurationSupport.java:218) - Shutting down ExecutorService 'applicationTaskExecutor'
[20:18:42:714] [DEBUG] - io.lettuce.core.AbstractRedisClient.shutdownAsync(AbstractRedisClient.java:474) - Initiate shutdown (100, 100, MILLISECONDS)
[20:18:42:719] [DEBUG] - io.lettuce.core.resource.DefaultClientResources.shutdown(DefaultClientResources.java:631) - Initiate shutdown (0, 2, SECONDS)
[20:18:42:721] [DEBUG] - io.lettuce.core.resource.DefaultEventLoopGroupProvider.shutdown(DefaultEventLoopGroupProvider.java:263) - Initiate shutdown (0, 2, SECONDS)
[20:18:42:731] [DEBUG] - org.apache.http.impl.conn.PoolingHttpClientConnectionManager.shutdown(PoolingHttpClientConnectionManager.java:411) - Connection manager is shutting down
[20:18:42:731] [DEBUG] - org.apache.http.impl.conn.PoolingHttpClientConnectionManager.shutdown(PoolingHttpClientConnectionManager.java:434) - Connection manager shut down
[20:18:42:734] [DEBUG] - org.apache.http.impl.conn.PoolingHttpClientConnectionManager.shutdown(PoolingHttpClientConnectionManager.java:411) - Connection manager is shutting down
[20:18:42:734] [DEBUG] - org.apache.http.impl.conn.PoolingHttpClientConnectionManager.shutdown(PoolingHttpClientConnectionManager.java:434) - Connection manager shut down
[20:18:42:735] [DEBUG] - org.apache.http.impl.conn.PoolingHttpClientConnectionManager.shutdown(PoolingHttpClientConnectionManager.java:411) - Connection manager is shutting down
[20:18:42:735] [DEBUG] - org.apache.http.impl.conn.PoolingHttpClientConnectionManager.shutdown(PoolingHttpClientConnectionManager.java:434) - Connection manager shut down
[20:18:42:735] [INFO] - org.springframework.amqp.rabbit.listener.AbstractMessageListenerContainer.shutdown(AbstractMessageListenerContainer.java:1260) - Shutdown ignored - container is not active already
[20:18:42:738] [INFO] - com.alibaba.druid.pool.DruidDataSource.close(DruidDataSource.java:2071) - {dataSource-1} closing ...
[20:18:42:739] [INFO] - com.alibaba.druid.pool.DruidDataSource.close(DruidDataSource.java:2144) - {dataSource-1} closed
[20:18:43:438] [WARN] - com.alibaba.nacos.common.notify.NotifyCenter.shutdown(NotifyCenter.java:145) - [NotifyCenter] Start destroying Publisher
[20:18:43:438] [WARN] - com.alibaba.nacos.common.http.HttpClientBeanHolder.shutdown(HttpClientBeanHolder.java:108) - [HttpClientBeanHolder] Start destroying common HttpClient
[20:18:43:438] [WARN] - com.alibaba.nacos.common.notify.NotifyCenter.shutdown(NotifyCenter.java:162) - [NotifyCenter] Destruction of the end
[20:18:43:439] [WARN] - com.alibaba.nacos.common.http.HttpClientBeanHolder.shutdown(HttpClientBeanHolder.java:114) - [HttpClientBeanHolder] Destruction of the end
[20:18:43:587] [INFO] - org.springframework.scheduling.concurrent.ExecutorConfigurationSupport.shutdown(ExecutorConfigurationSupport.java:218) - Shutting down ExecutorService 'Nacos-Watch-Task-Scheduler'
[20:18:43:592] [DEBUG] - org.apache.http.impl.nio.conn.PoolingNHttpClientConnectionManager.shutdown(PoolingNHttpClientConnectionManager.java:232) - Connection manager is shutting down
[20:18:43:594] [DEBUG] - org.apache.http.impl.nio.conn.PoolingNHttpClientConnectionManager.shutdown(PoolingNHttpClientConnectionManager.java:234) - Connection manager shut down
[20:18:43:595] [INFO] - com.alibaba.cloud.nacos.registry.NacosServiceRegistry.deregister(NacosServiceRegistry.java:94) - De-registering from Nacos Server now...
