[16:28:53:146] [INFO] - org.apache.juli.logging.DirectJDKLog.log(DirectJDKLog.java:173) - Initializing Spring DispatcherServlet 'dispatcherServlet'
[16:28:53:155] [INFO] - org.springframework.web.servlet.FrameworkServlet.initServletBean(FrameworkServlet.java:525) - Initializing Servlet 'dispatcherServlet'
[16:28:53:254] [INFO] - org.springframework.web.servlet.FrameworkServlet.initServletBean(FrameworkServlet.java:547) - Completed initialization in 95 ms
[16:28:55:828] [INFO] - com.ustcsse.parking.service.WebSocketServer.onOpen(WebSocketServer.java:54) - 【websocket消息】有新的连接，总数为:2
[16:30:33:136] [INFO] - com.ustcsse.parking.service.WebSocketServer.onOpen(WebSocketServer.java:54) - 【websocket消息】有新的连接，总数为:3
[16:30:33:207] [WARN] - com.alibaba.druid.pool.DruidAbstractDataSource.testConnectionInternal(DruidAbstractDataSource.java:1494) - discard long time none received connection. , jdbcUrl : jdbc:mysql://localhost:3306/cpm_parkinglot?useSSL=false&useUnicode=true&characterEncoding=UTF-8&serverTimezone=Asia/Shanghai&allowPublicKeyRetrieval=true, version : 1.2.8, lastPacketReceivedIdleMillis : 97319
[16:30:36:246] [INFO] - com.ustcsse.parking.service.WebSocketServer.onOpen(WebSocketServer.java:54) - 【websocket消息】有新的连接，总数为:4
[16:30:39:229] [INFO] - com.ustcsse.parking.service.WebSocketServer.onOpen(WebSocketServer.java:54) - 【websocket消息】有新的连接，总数为:5
[16:32:51:974] [INFO] - com.ustcsse.parking.service.WebSocketServer.onOpen(WebSocketServer.java:54) - 【websocket消息】有新的连接，总数为:6
[16:32:52:006] [WARN] - com.alibaba.druid.pool.DruidAbstractDataSource.testConnectionInternal(DruidAbstractDataSource.java:1494) - discard long time none received connection. , jdbcUrl : jdbc:mysql://localhost:3306/cpm_parkinglot?useSSL=false&useUnicode=true&characterEncoding=UTF-8&serverTimezone=Asia/Shanghai&allowPublicKeyRetrieval=true, version : 1.2.8, lastPacketReceivedIdleMillis : 132744
[16:33:12:369] [INFO] - com.ustcsse.parking.service.WebSocketServer.onOpen(WebSocketServer.java:54) - 【websocket消息】有新的连接，总数为:7
[16:33:25:919] [INFO] - com.ustcsse.parking.service.WebSocketServer.onClose(WebSocketServer.java:67) - 【websocket消息】连接断开，总数为:6
[16:33:25:919] [INFO] - com.ustcsse.parking.service.WebSocketServer.onClose(WebSocketServer.java:67) - 【websocket消息】连接断开，总数为:3
[16:33:25:919] [INFO] - com.ustcsse.parking.service.WebSocketServer.onClose(WebSocketServer.java:67) - 【websocket消息】连接断开，总数为:5
[16:33:25:919] [INFO] - com.ustcsse.parking.service.WebSocketServer.onClose(WebSocketServer.java:67) - 【websocket消息】连接断开，总数为:2
[16:33:25:919] [INFO] - com.ustcsse.parking.service.WebSocketServer.onClose(WebSocketServer.java:67) - 【websocket消息】连接断开，总数为:4
[16:33:25:919] [INFO] - com.ustcsse.parking.service.WebSocketServer.onClose(WebSocketServer.java:67) - 【websocket消息】连接断开，总数为:0
[16:33:25:919] [INFO] - com.ustcsse.parking.service.WebSocketServer.onClose(WebSocketServer.java:67) - 【websocket消息】连接断开，总数为:1
[16:33:34:161] [INFO] - com.ustcsse.parking.service.WebSocketServer.onOpen(WebSocketServer.java:54) - 【websocket消息】有新的连接，总数为:1
[16:33:50:298] [INFO] - com.ustcsse.parking.service.WebSocketServer.onOpen(WebSocketServer.java:54) - 【websocket消息】有新的连接，总数为:2
[16:33:59:676] [INFO] - com.ustcsse.parking.service.WebSocketServer.onOpen(WebSocketServer.java:54) - 【websocket消息】有新的连接，总数为:3
[16:34:13:737] [INFO] - com.ustcsse.parking.service.WebSocketServer.onOpen(WebSocketServer.java:54) - 【websocket消息】有新的连接，总数为:4
[16:34:20:833] [INFO] - com.ustcsse.parking.service.WebSocketServer.onOpen(WebSocketServer.java:54) - 【websocket消息】有新的连接，总数为:5
[16:34:22:843] [INFO] - com.ustcsse.parking.service.WebSocketServer.onOpen(WebSocketServer.java:54) - 【websocket消息】有新的连接，总数为:6
[16:34:29:921] [INFO] - com.ustcsse.parking.service.WebSocketServer.onOpen(WebSocketServer.java:54) - 【websocket消息】有新的连接，总数为:7
[16:34:29:941] [INFO] - com.ustcsse.parking.service.WebSocketServer.onOpen(WebSocketServer.java:54) - 【websocket消息】有新的连接，总数为:8
[16:34:34:207] [INFO] - com.ustcsse.parking.service.WebSocketServer.onOpen(WebSocketServer.java:54) - 【websocket消息】有新的连接，总数为:9
[16:34:35:978] [INFO] - com.ustcsse.parking.service.WebSocketServer.onOpen(WebSocketServer.java:54) - 【websocket消息】有新的连接，总数为:10
[16:34:44:223] [INFO] - com.ustcsse.parking.service.WebSocketServer.onOpen(WebSocketServer.java:54) - 【websocket消息】有新的连接，总数为:11
[16:34:58:563] [INFO] - com.ustcsse.parking.service.WebSocketServer.onOpen(WebSocketServer.java:54) - 【websocket消息】有新的连接，总数为:12
[16:35:21:120] [INFO] - com.ustcsse.parking.service.WebSocketServer.onOpen(WebSocketServer.java:54) - 【websocket消息】有新的连接，总数为:13
[16:35:26:850] [INFO] - com.ustcsse.parking.service.WebSocketServer.onClose(WebSocketServer.java:67) - 【websocket消息】连接断开，总数为:10
[16:35:26:851] [INFO] - com.ustcsse.parking.service.WebSocketServer.onClose(WebSocketServer.java:67) - 【websocket消息】连接断开，总数为:8
[16:35:26:850] [INFO] - com.ustcsse.parking.service.WebSocketServer.onClose(WebSocketServer.java:67) - 【websocket消息】连接断开，总数为:9
[16:35:26:850] [INFO] - com.ustcsse.parking.service.WebSocketServer.onClose(WebSocketServer.java:67) - 【websocket消息】连接断开，总数为:10
[16:35:26:850] [INFO] - com.ustcsse.parking.service.WebSocketServer.onClose(WebSocketServer.java:67) - 【websocket消息】连接断开，总数为:10
[16:35:26:851] [INFO] - com.ustcsse.parking.service.WebSocketServer.onClose(WebSocketServer.java:67) - 【websocket消息】连接断开，总数为:7
[16:35:26:854] [INFO] - com.ustcsse.parking.service.WebSocketServer.onClose(WebSocketServer.java:67) - 【websocket消息】连接断开，总数为:4
[16:35:26:854] [INFO] - com.ustcsse.parking.service.WebSocketServer.onClose(WebSocketServer.java:67) - 【websocket消息】连接断开，总数为:5
[16:35:26:854] [INFO] - com.ustcsse.parking.service.WebSocketServer.onClose(WebSocketServer.java:67) - 【websocket消息】连接断开，总数为:6
[16:35:26:855] [INFO] - com.ustcsse.parking.service.WebSocketServer.onClose(WebSocketServer.java:67) - 【websocket消息】连接断开，总数为:3
[16:35:26:857] [INFO] - com.ustcsse.parking.service.WebSocketServer.onClose(WebSocketServer.java:67) - 【websocket消息】连接断开，总数为:0
[16:35:26:857] [INFO] - com.ustcsse.parking.service.WebSocketServer.onClose(WebSocketServer.java:67) - 【websocket消息】连接断开，总数为:2
[16:35:26:857] [INFO] - com.ustcsse.parking.service.WebSocketServer.onClose(WebSocketServer.java:67) - 【websocket消息】连接断开，总数为:1
[16:35:27:213] [INFO] - com.ustcsse.parking.service.WebSocketServer.onOpen(WebSocketServer.java:54) - 【websocket消息】有新的连接，总数为:1
[16:39:15:926] [INFO] - com.ustcsse.parking.service.WebSocketServer.onOpen(WebSocketServer.java:54) - 【websocket消息】有新的连接，总数为:2
[16:39:15:957] [WARN] - com.alibaba.druid.pool.DruidAbstractDataSource.testConnectionInternal(DruidAbstractDataSource.java:1494) - discard long time none received connection. , jdbcUrl : jdbc:mysql://localhost:3306/cpm_parkinglot?useSSL=false&useUnicode=true&characterEncoding=UTF-8&serverTimezone=Asia/Shanghai&allowPublicKeyRetrieval=true, version : 1.2.8, lastPacketReceivedIdleMillis : 228697
[16:39:17:073] [INFO] - com.ustcsse.parking.service.WebSocketServer.onOpen(WebSocketServer.java:54) - 【websocket消息】有新的连接，总数为:3
[16:39:19:689] [INFO] - com.ustcsse.parking.service.WebSocketServer.onOpen(WebSocketServer.java:54) - 【websocket消息】有新的连接，总数为:4
[16:39:21:563] [INFO] - com.ustcsse.parking.service.WebSocketServer.onOpen(WebSocketServer.java:54) - 【websocket消息】有新的连接，总数为:5
[16:39:23:915] [INFO] - com.ustcsse.parking.service.WebSocketServer.onOpen(WebSocketServer.java:54) - 【websocket消息】有新的连接，总数为:6
[16:39:39:449] [INFO] - com.ustcsse.parking.service.WebSocketServer.onClose(WebSocketServer.java:67) - 【websocket消息】连接断开，总数为:4
[16:39:39:449] [INFO] - com.ustcsse.parking.service.WebSocketServer.onClose(WebSocketServer.java:67) - 【websocket消息】连接断开，总数为:4
[16:39:39:449] [INFO] - com.ustcsse.parking.service.WebSocketServer.onClose(WebSocketServer.java:67) - 【websocket消息】连接断开，总数为:3
[16:39:39:453] [INFO] - com.ustcsse.parking.service.WebSocketServer.onClose(WebSocketServer.java:67) - 【websocket消息】连接断开，总数为:2
[16:39:39:455] [INFO] - com.ustcsse.parking.service.WebSocketServer.onClose(WebSocketServer.java:67) - 【websocket消息】连接断开，总数为:0
[16:39:39:456] [INFO] - com.ustcsse.parking.service.WebSocketServer.onClose(WebSocketServer.java:67) - 【websocket消息】连接断开，总数为:1
[16:39:39:809] [INFO] - com.ustcsse.parking.service.WebSocketServer.onOpen(WebSocketServer.java:54) - 【websocket消息】有新的连接，总数为:1
[16:39:40:282] [INFO] - com.ustcsse.parking.service.WebSocketServer.onOpen(WebSocketServer.java:54) - 【websocket消息】有新的连接，总数为:2
[16:39:46:838] [INFO] - com.ustcsse.parking.service.WebSocketServer.onOpen(WebSocketServer.java:54) - 【websocket消息】有新的连接，总数为:3
[16:39:47:925] [INFO] - com.ustcsse.parking.service.WebSocketServer.onOpen(WebSocketServer.java:54) - 【websocket消息】有新的连接，总数为:4
[16:39:52:190] [INFO] - com.ustcsse.parking.service.WebSocketServer.onOpen(WebSocketServer.java:54) - 【websocket消息】有新的连接，总数为:5
[16:39:58:854] [INFO] - com.ustcsse.parking.service.WebSocketServer.onOpen(WebSocketServer.java:54) - 【websocket消息】有新的连接，总数为:6
[16:40:02:543] [INFO] - com.ustcsse.parking.service.WebSocketServer.onOpen(WebSocketServer.java:54) - 【websocket消息】有新的连接，总数为:7
[16:40:03:644] [INFO] - com.ustcsse.parking.service.WebSocketServer.onOpen(WebSocketServer.java:54) - 【websocket消息】有新的连接，总数为:8
[16:40:06:163] [INFO] - com.ustcsse.parking.service.WebSocketServer.onOpen(WebSocketServer.java:54) - 【websocket消息】有新的连接，总数为:9
[16:40:09:808] [INFO] - com.ustcsse.parking.service.WebSocketServer.onOpen(WebSocketServer.java:54) - 【websocket消息】有新的连接，总数为:10
[16:40:14:504] [INFO] - com.ustcsse.parking.service.WebSocketServer.onOpen(WebSocketServer.java:54) - 【websocket消息】有新的连接，总数为:11
[16:40:39:579] [INFO] - com.ustcsse.parking.service.WebSocketServer.onOpen(WebSocketServer.java:54) - 【websocket消息】有新的连接，总数为:12
[16:40:41:271] [INFO] - com.ustcsse.parking.service.WebSocketServer.onOpen(WebSocketServer.java:54) - 【websocket消息】有新的连接，总数为:13
[16:40:57:617] [INFO] - com.ustcsse.parking.service.WebSocketServer.onClose(WebSocketServer.java:67) - 【websocket消息】连接断开，总数为:11
[16:40:57:617] [INFO] - com.ustcsse.parking.service.WebSocketServer.onClose(WebSocketServer.java:67) - 【websocket消息】连接断开，总数为:12
[16:40:57:620] [INFO] - com.ustcsse.parking.service.WebSocketServer.onClose(WebSocketServer.java:67) - 【websocket消息】连接断开，总数为:10
[16:40:57:620] [INFO] - com.ustcsse.parking.service.WebSocketServer.onClose(WebSocketServer.java:67) - 【websocket消息】连接断开，总数为:9
[16:40:57:621] [INFO] - com.ustcsse.parking.service.WebSocketServer.onClose(WebSocketServer.java:67) - 【websocket消息】连接断开，总数为:8
[16:40:57:621] [INFO] - com.ustcsse.parking.service.WebSocketServer.onClose(WebSocketServer.java:67) - 【websocket消息】连接断开，总数为:7
[16:40:57:621] [INFO] - com.ustcsse.parking.service.WebSocketServer.onClose(WebSocketServer.java:67) - 【websocket消息】连接断开，总数为:6
[16:40:57:623] [INFO] - com.ustcsse.parking.service.WebSocketServer.onClose(WebSocketServer.java:67) - 【websocket消息】连接断开，总数为:3
[16:40:57:623] [INFO] - com.ustcsse.parking.service.WebSocketServer.onClose(WebSocketServer.java:67) - 【websocket消息】连接断开，总数为:5
[16:40:57:623] [INFO] - com.ustcsse.parking.service.WebSocketServer.onClose(WebSocketServer.java:67) - 【websocket消息】连接断开，总数为:4
[16:40:57:626] [INFO] - com.ustcsse.parking.service.WebSocketServer.onClose(WebSocketServer.java:67) - 【websocket消息】连接断开，总数为:1
[16:40:57:626] [INFO] - com.ustcsse.parking.service.WebSocketServer.onClose(WebSocketServer.java:67) - 【websocket消息】连接断开，总数为:2
[16:40:57:626] [INFO] - com.ustcsse.parking.service.WebSocketServer.onClose(WebSocketServer.java:67) - 【websocket消息】连接断开，总数为:0
[16:40:57:988] [INFO] - com.ustcsse.parking.service.WebSocketServer.onOpen(WebSocketServer.java:54) - 【websocket消息】有新的连接，总数为:1
[16:41:01:257] [INFO] - com.ustcsse.parking.service.WebSocketServer.onOpen(WebSocketServer.java:54) - 【websocket消息】有新的连接，总数为:2
[16:41:01:901] [INFO] - com.ustcsse.parking.service.WebSocketServer.onOpen(WebSocketServer.java:54) - 【websocket消息】有新的连接，总数为:3
