[20:18:06:626] [WARN] - com.alibaba.nacos.common.notify.NotifyCenter.shutdown(NotifyCenter.java:145) - [NotifyCenter] Start destroying Publisher
[20:18:06:626] [WARN] - com.alibaba.nacos.common.http.HttpClientBeanHolder.shutdown(HttpClientBeanHolder.java:108) - [HttpClientBeanHolder] Start destroying common HttpClient
[20:18:06:627] [WARN] - com.alibaba.nacos.common.notify.NotifyCenter.shutdown(NotifyCenter.java:162) - [NotifyCenter] Destruction of the end
[20:18:06:629] [WARN] - com.alibaba.nacos.common.http.HttpClientBeanHolder.shutdown(HttpClientBeanHolder.java:114) - [HttpClientBeanHolder] Destruction of the end
[20:18:06:827] [INFO] - org.springframework.scheduling.concurrent.ExecutorConfigurationSupport.shutdown(ExecutorConfigurationSupport.java:218) - Shutting down ExecutorService 'Nacos-Watch-Task-Scheduler'
[20:18:06:852] [INFO] - com.alibaba.cloud.nacos.registry.NacosServiceRegistry.deregister(NacosServiceRegistry.java:94) - De-registering from Nacos Server now...
[20:18:06:856] [INFO] - com.alibaba.cloud.nacos.registry.NacosServiceRegistry.deregister(NacosServiceRegistry.java:114) - De-registration finished.
[20:18:08:761] [WARN] - org.springframework.amqp.rabbit.listener.SimpleMessageListenerContainer$AsyncMessageProcessingConsumer.logConsumerException(SimpleMessageListenerContainer.java:1457) - Consumer raised exception, processing can restart if the connection factory supports it. Exception summary: org.springframework.amqp.AmqpConnectException: java.net.ConnectException: Connection refused: connect
[20:18:08:761] [INFO] - org.springframework.amqp.rabbit.listener.SimpleMessageListenerContainer$AsyncMessageProcessingConsumer.killOrRestart(SimpleMessageListenerContainer.java:1436) - Restarting Consumer@288ba6c4: tags=[[]], channel=null, acknowledgeMode=NONE local queue size=0
[20:18:08:762] [INFO] - org.springframework.amqp.rabbit.connection.AbstractConnectionFactory.connectAddresses(AbstractConnectionFactory.java:558) - Attempting to connect to: [192.168.232.130:5672]
[20:18:14:452] [WARN] - org.springframework.beans.factory.support.DisposableBeanAdapter.invokeCustomDestroyMethod(DisposableBeanAdapter.java:349) - Destroy method 'close' on bean with name 'nacosServiceRegistry' threw an exception: java.lang.NullPointerException
[20:18:14:460] [INFO] - org.springframework.scheduling.concurrent.ExecutorConfigurationSupport.shutdown(ExecutorConfigurationSupport.java:218) - Shutting down ExecutorService 'applicationTaskExecutor'
[20:18:14:512] [INFO] - com.alibaba.druid.pool.DruidDataSource.close(DruidDataSource.java:2071) - {dataSource-1} closing ...
[20:18:14:513] [INFO] - com.alibaba.druid.pool.DruidDataSource.close(DruidDataSource.java:2144) - {dataSource-1} closed
[20:18:15:168] [WARN] - com.alibaba.nacos.common.http.HttpClientBeanHolder.shutdown(HttpClientBeanHolder.java:108) - [HttpClientBeanHolder] Start destroying common HttpClient
[20:18:15:169] [WARN] - com.alibaba.nacos.common.notify.NotifyCenter.shutdown(NotifyCenter.java:145) - [NotifyCenter] Start destroying Publisher
[20:18:15:169] [INFO] - com.netflix.loadbalancer.PollingServerListUpdater$LazyHolder$2.run(PollingServerListUpdater.java:53) - Shutting down the Executor Pool for PollingServerListUpdater
[20:18:15:169] [WARN] - com.alibaba.nacos.common.notify.NotifyCenter.shutdown(NotifyCenter.java:162) - [NotifyCenter] Destruction of the end
[20:18:15:170] [WARN] - com.alibaba.nacos.common.http.HttpClientBeanHolder.shutdown(HttpClientBeanHolder.java:114) - [HttpClientBeanHolder] Destruction of the end
[20:18:15:172] [INFO] - org.springframework.amqp.rabbit.listener.SimpleMessageListenerContainer.doShutdown(SimpleMessageListenerContainer.java:646) - Waiting for workers to finish.
[20:18:15:172] [INFO] - org.springframework.amqp.rabbit.listener.SimpleMessageListenerContainer.doShutdown(SimpleMessageListenerContainer.java:649) - Successfully waited for workers to finish.
[20:18:15:320] [INFO] - org.springframework.scheduling.concurrent.ExecutorConfigurationSupport.shutdown(ExecutorConfigurationSupport.java:218) - Shutting down ExecutorService 'Nacos-Watch-Task-Scheduler'
[20:18:29:798] [INFO] - com.alibaba.cloud.nacos.registry.NacosServiceRegistry.deregister(NacosServiceRegistry.java:94) - De-registering from Nacos Server now...
[20:18:35:957] [INFO] - com.alibaba.cloud.nacos.registry.NacosServiceRegistry.deregister(NacosServiceRegistry.java:114) - De-registration finished.
[20:18:42:709] [WARN] - org.springframework.beans.factory.support.DisposableBeanAdapter.invokeCustomDestroyMethod(DisposableBeanAdapter.java:349) - Destroy method 'close' on bean with name 'nacosServiceRegistry' threw an exception: java.lang.NullPointerException
[20:18:42:709] [INFO] - org.springframework.scheduling.concurrent.ExecutorConfigurationSupport.shutdown(ExecutorConfigurationSupport.java:218) - Shutting down ExecutorService 'applicationTaskExecutor'
[20:18:42:735] [INFO] - org.springframework.amqp.rabbit.listener.AbstractMessageListenerContainer.shutdown(AbstractMessageListenerContainer.java:1260) - Shutdown ignored - container is not active already
[20:18:42:738] [INFO] - com.alibaba.druid.pool.DruidDataSource.close(DruidDataSource.java:2071) - {dataSource-1} closing ...
[20:18:42:739] [INFO] - com.alibaba.druid.pool.DruidDataSource.close(DruidDataSource.java:2144) - {dataSource-1} closed
